[0.138s] DEBUG:colcon:Command line arguments: ['/usr/bin/colcon', 'build', '--symlink-install']
[0.138s] DEBUG:colcon:Parsed command line arguments: Namespace(log_base=None, log_level=None, verb_name='build', build_base='build', install_base='install', merge_install=False, symlink_install=True, test_result_base=None, continue_on_error=False, executor='parallel', parallel_workers=20, event_handlers=None, ignore_user_meta=False, metas=['./colcon.meta'], base_paths=['.'], packages_ignore=None, packages_ignore_regex=None, paths=None, packages_up_to=None, packages_up_to_regex=None, packages_above=None, packages_above_and_dependencies=None, packages_above_depth=None, packages_select_by_dep=None, packages_skip_by_dep=None, packages_skip_up_to=None, packages_select_build_failed=False, packages_skip_build_finished=False, packages_select_test_failures=False, packages_skip_test_passed=False, packages_select=None, packages_skip=None, packages_select_regex=None, packages_skip_regex=None, packages_start=None, packages_end=None, allow_overriding=[], cmake_args=None, cmake_target=None, cmake_target_skip_unavailable=False, cmake_clean_cache=False, cmake_clean_first=False, cmake_force_configure=False, ament_cmake_args=None, catkin_cmake_args=None, catkin_skip_building_tests=False, verb_parser=<colcon_defaults.argument_parser.defaults.DefaultArgumentsDecorator object at 0x7fea0a3b7220>, verb_extension=<colcon_core.verb.build.BuildVerb object at 0x7fea0a3b6dd0>, main=<bound method BuildVerb.main of <colcon_core.verb.build.BuildVerb object at 0x7fea0a3b6dd0>>)
[0.228s] Level 1:colcon.colcon_core.package_discovery:discover_packages(colcon_meta) check parameters
[0.228s] Level 1:colcon.colcon_core.package_discovery:discover_packages(recursive) check parameters
[0.228s] Level 1:colcon.colcon_core.package_discovery:discover_packages(ignore) check parameters
[0.228s] Level 1:colcon.colcon_core.package_discovery:discover_packages(path) check parameters
[0.228s] Level 1:colcon.colcon_core.package_discovery:discover_packages(colcon_meta) discover
[0.228s] Level 1:colcon.colcon_core.package_discovery:discover_packages(recursive) discover
[0.228s] INFO:colcon.colcon_core.package_discovery:Crawling recursively for packages in '/root/inblue_ws'
[0.228s] Level 1:colcon.colcon_core.package_identification:_identify(.) by extensions ['ignore', 'ignore_ament_install']
[0.228s] Level 1:colcon.colcon_core.package_identification:_identify(.) by extension 'ignore'
[0.228s] Level 1:colcon.colcon_core.package_identification:_identify(.) by extension 'ignore_ament_install'
[0.228s] Level 1:colcon.colcon_core.package_identification:_identify(.) by extensions ['colcon_pkg']
[0.228s] Level 1:colcon.colcon_core.package_identification:_identify(.) by extension 'colcon_pkg'
[0.228s] Level 1:colcon.colcon_core.package_identification:_identify(.) by extensions ['colcon_meta']
[0.228s] Level 1:colcon.colcon_core.package_identification:_identify(.) by extension 'colcon_meta'
[0.228s] Level 1:colcon.colcon_core.package_identification:_identify(.) by extensions ['ros']
[0.228s] Level 1:colcon.colcon_core.package_identification:_identify(.) by extension 'ros'
[0.236s] Level 1:colcon.colcon_core.package_identification:_identify(.) by extensions ['cmake', 'python']
[0.236s] Level 1:colcon.colcon_core.package_identification:_identify(.) by extension 'cmake'
[0.236s] Level 1:colcon.colcon_core.package_identification:_identify(.) by extension 'python'
[0.236s] Level 1:colcon.colcon_core.package_identification:_identify(.) by extensions ['python_setup_py']
[0.236s] Level 1:colcon.colcon_core.package_identification:_identify(.) by extension 'python_setup_py'
[0.237s] Level 1:colcon.colcon_core.package_identification:_identify(build) by extensions ['ignore', 'ignore_ament_install']
[0.237s] Level 1:colcon.colcon_core.package_identification:_identify(build) by extension 'ignore'
[0.237s] Level 1:colcon.colcon_core.package_identification:_identify(build) ignored
[0.237s] Level 1:colcon.colcon_core.package_identification:_identify(install) by extensions ['ignore', 'ignore_ament_install']
[0.237s] Level 1:colcon.colcon_core.package_identification:_identify(install) by extension 'ignore'
[0.237s] Level 1:colcon.colcon_core.package_identification:_identify(install) ignored
[0.237s] Level 1:colcon.colcon_core.package_identification:_identify(log) by extensions ['ignore', 'ignore_ament_install']
[0.237s] Level 1:colcon.colcon_core.package_identification:_identify(log) by extension 'ignore'
[0.237s] Level 1:colcon.colcon_core.package_identification:_identify(log) ignored
[0.237s] Level 1:colcon.colcon_core.package_identification:_identify(src) by extensions ['ignore', 'ignore_ament_install']
[0.237s] Level 1:colcon.colcon_core.package_identification:_identify(src) by extension 'ignore'
[0.237s] Level 1:colcon.colcon_core.package_identification:_identify(src) by extension 'ignore_ament_install'
[0.237s] Level 1:colcon.colcon_core.package_identification:_identify(src) by extensions ['colcon_pkg']
[0.237s] Level 1:colcon.colcon_core.package_identification:_identify(src) by extension 'colcon_pkg'
[0.237s] Level 1:colcon.colcon_core.package_identification:_identify(src) by extensions ['colcon_meta']
[0.237s] Level 1:colcon.colcon_core.package_identification:_identify(src) by extension 'colcon_meta'
[0.237s] Level 1:colcon.colcon_core.package_identification:_identify(src) by extensions ['ros']
[0.237s] Level 1:colcon.colcon_core.package_identification:_identify(src) by extension 'ros'
[0.238s] Level 1:colcon.colcon_core.package_identification:_identify(src) by extensions ['cmake', 'python']
[0.238s] Level 1:colcon.colcon_core.package_identification:_identify(src) by extension 'cmake'
[0.238s] Level 1:colcon.colcon_core.package_identification:_identify(src) by extension 'python'
[0.238s] Level 1:colcon.colcon_core.package_identification:_identify(src) by extensions ['python_setup_py']
[0.238s] Level 1:colcon.colcon_core.package_identification:_identify(src) by extension 'python_setup_py'
[0.238s] Level 1:colcon.colcon_core.package_identification:_identify(src/cspc_lidar_sdk_ros2) by extensions ['ignore', 'ignore_ament_install']
[0.238s] Level 1:colcon.colcon_core.package_identification:_identify(src/cspc_lidar_sdk_ros2) by extension 'ignore'
[0.238s] Level 1:colcon.colcon_core.package_identification:_identify(src/cspc_lidar_sdk_ros2) by extension 'ignore_ament_install'
[0.238s] Level 1:colcon.colcon_core.package_identification:_identify(src/cspc_lidar_sdk_ros2) by extensions ['colcon_pkg']
[0.238s] Level 1:colcon.colcon_core.package_identification:_identify(src/cspc_lidar_sdk_ros2) by extension 'colcon_pkg'
[0.238s] Level 1:colcon.colcon_core.package_identification:_identify(src/cspc_lidar_sdk_ros2) by extensions ['colcon_meta']
[0.238s] Level 1:colcon.colcon_core.package_identification:_identify(src/cspc_lidar_sdk_ros2) by extension 'colcon_meta'
[0.238s] Level 1:colcon.colcon_core.package_identification:_identify(src/cspc_lidar_sdk_ros2) by extensions ['ros']
[0.238s] Level 1:colcon.colcon_core.package_identification:_identify(src/cspc_lidar_sdk_ros2) by extension 'ros'
[0.240s] DEBUG:colcon.colcon_core.package_identification:Package 'src/cspc_lidar_sdk_ros2' with type 'ros.ament_cmake' and name 'cspc_lidar'
[0.240s] Level 1:colcon.colcon_core.package_identification:_identify(src/my_bot) by extensions ['ignore', 'ignore_ament_install']
[0.240s] Level 1:colcon.colcon_core.package_identification:_identify(src/my_bot) by extension 'ignore'
[0.240s] Level 1:colcon.colcon_core.package_identification:_identify(src/my_bot) by extension 'ignore_ament_install'
[0.240s] Level 1:colcon.colcon_core.package_identification:_identify(src/my_bot) by extensions ['colcon_pkg']
[0.240s] Level 1:colcon.colcon_core.package_identification:_identify(src/my_bot) by extension 'colcon_pkg'
[0.240s] Level 1:colcon.colcon_core.package_identification:_identify(src/my_bot) by extensions ['colcon_meta']
[0.240s] Level 1:colcon.colcon_core.package_identification:_identify(src/my_bot) by extension 'colcon_meta'
[0.241s] Level 1:colcon.colcon_core.package_identification:_identify(src/my_bot) by extensions ['ros']
[0.241s] Level 1:colcon.colcon_core.package_identification:_identify(src/my_bot) by extension 'ros'
[0.241s] DEBUG:colcon.colcon_core.package_identification:Package 'src/my_bot' with type 'ros.ament_cmake' and name 'my_bot'
[0.241s] Level 1:colcon.colcon_core.package_discovery:discover_packages(recursive) using defaults
[0.241s] Level 1:colcon.colcon_core.package_discovery:discover_packages(ignore) discover
[0.241s] Level 1:colcon.colcon_core.package_discovery:discover_packages(ignore) using defaults
[0.241s] Level 1:colcon.colcon_core.package_discovery:discover_packages(path) discover
[0.241s] Level 1:colcon.colcon_core.package_discovery:discover_packages(path) using defaults
[0.255s] Level 1:colcon.colcon_core.package_discovery:discover_packages(prefix_path) check parameters
[0.255s] Level 1:colcon.colcon_core.package_discovery:discover_packages(prefix_path) discover
[0.257s] DEBUG:colcon.colcon_installed_package_information.package_discovery:Found 274 installed packages in /opt/ros/humble
[0.258s] Level 1:colcon.colcon_core.package_discovery:discover_packages(prefix_path) using defaults
[0.288s] Level 5:colcon.colcon_core.verb:set package 'cspc_lidar' build argument 'cmake_args' from command line to 'None'
[0.289s] Level 5:colcon.colcon_core.verb:set package 'cspc_lidar' build argument 'cmake_target' from command line to 'None'
[0.289s] Level 5:colcon.colcon_core.verb:set package 'cspc_lidar' build argument 'cmake_target_skip_unavailable' from command line to 'False'
[0.289s] Level 5:colcon.colcon_core.verb:set package 'cspc_lidar' build argument 'cmake_clean_cache' from command line to 'False'
[0.289s] Level 5:colcon.colcon_core.verb:set package 'cspc_lidar' build argument 'cmake_clean_first' from command line to 'False'
[0.289s] Level 5:colcon.colcon_core.verb:set package 'cspc_lidar' build argument 'cmake_force_configure' from command line to 'False'
[0.289s] Level 5:colcon.colcon_core.verb:set package 'cspc_lidar' build argument 'ament_cmake_args' from command line to 'None'
[0.289s] Level 5:colcon.colcon_core.verb:set package 'cspc_lidar' build argument 'catkin_cmake_args' from command line to 'None'
[0.289s] Level 5:colcon.colcon_core.verb:set package 'cspc_lidar' build argument 'catkin_skip_building_tests' from command line to 'False'
[0.289s] DEBUG:colcon.colcon_core.verb:Building package 'cspc_lidar' with the following arguments: {'ament_cmake_args': None, 'build_base': '/root/inblue_ws/build/cspc_lidar', 'catkin_cmake_args': None, 'catkin_skip_building_tests': False, 'cmake_args': None, 'cmake_clean_cache': False, 'cmake_clean_first': False, 'cmake_force_configure': False, 'cmake_target': None, 'cmake_target_skip_unavailable': False, 'install_base': '/root/inblue_ws/install/cspc_lidar', 'merge_install': False, 'path': '/root/inblue_ws/src/cspc_lidar_sdk_ros2', 'symlink_install': True, 'test_result_base': None}
[0.289s] Level 5:colcon.colcon_core.verb:set package 'my_bot' build argument 'cmake_args' from command line to 'None'
[0.289s] Level 5:colcon.colcon_core.verb:set package 'my_bot' build argument 'cmake_target' from command line to 'None'
[0.289s] Level 5:colcon.colcon_core.verb:set package 'my_bot' build argument 'cmake_target_skip_unavailable' from command line to 'False'
[0.289s] Level 5:colcon.colcon_core.verb:set package 'my_bot' build argument 'cmake_clean_cache' from command line to 'False'
[0.289s] Level 5:colcon.colcon_core.verb:set package 'my_bot' build argument 'cmake_clean_first' from command line to 'False'
[0.289s] Level 5:colcon.colcon_core.verb:set package 'my_bot' build argument 'cmake_force_configure' from command line to 'False'
[0.289s] Level 5:colcon.colcon_core.verb:set package 'my_bot' build argument 'ament_cmake_args' from command line to 'None'
[0.289s] Level 5:colcon.colcon_core.verb:set package 'my_bot' build argument 'catkin_cmake_args' from command line to 'None'
[0.289s] Level 5:colcon.colcon_core.verb:set package 'my_bot' build argument 'catkin_skip_building_tests' from command line to 'False'
[0.289s] DEBUG:colcon.colcon_core.verb:Building package 'my_bot' with the following arguments: {'ament_cmake_args': None, 'build_base': '/root/inblue_ws/build/my_bot', 'catkin_cmake_args': None, 'catkin_skip_building_tests': False, 'cmake_args': None, 'cmake_clean_cache': False, 'cmake_clean_first': False, 'cmake_force_configure': False, 'cmake_target': None, 'cmake_target_skip_unavailable': False, 'install_base': '/root/inblue_ws/install/my_bot', 'merge_install': False, 'path': '/root/inblue_ws/src/my_bot', 'symlink_install': True, 'test_result_base': None}
[0.290s] INFO:colcon.colcon_core.executor:Executing jobs using 'parallel' executor
[0.290s] DEBUG:colcon.colcon_parallel_executor.executor.parallel:run_until_complete
[0.291s] INFO:colcon.colcon_ros.task.ament_cmake.build:Building ROS package in '/root/inblue_ws/src/cspc_lidar_sdk_ros2' with build type 'ament_cmake'
[0.291s] INFO:colcon.colcon_cmake.task.cmake.build:Building CMake package in '/root/inblue_ws/src/cspc_lidar_sdk_ros2'
[0.292s] INFO:colcon.colcon_core.plugin_system:Skipping extension 'colcon_core.shell.bat': Not used on non-Windows systems
[0.292s] INFO:colcon.colcon_core.shell:Skip shell extension 'powershell' for command environment: Not usable outside of PowerShell
[0.292s] DEBUG:colcon.colcon_core.shell:Skip shell extension 'dsv' for command environment
[0.300s] INFO:colcon.colcon_ros.task.ament_cmake.build:Building ROS package in '/root/inblue_ws/src/my_bot' with build type 'ament_cmake'
[0.301s] INFO:colcon.colcon_cmake.task.cmake.build:Building CMake package in '/root/inblue_ws/src/my_bot'
[0.301s] INFO:colcon.colcon_core.shell:Skip shell extension 'powershell' for command environment: Not usable outside of PowerShell
[0.301s] DEBUG:colcon.colcon_core.shell:Skip shell extension 'dsv' for command environment
[0.311s] DEBUG:colcon.colcon_core.event_handler.log_command:Invoking command in '/root/inblue_ws/build/cspc_lidar': CMAKE_PREFIX_PATH=/opt/ros/humble /usr/bin/cmake --build /root/inblue_ws/build/cspc_lidar -- -j20 -l20
[0.315s] DEBUG:colcon.colcon_core.event_handler.log_command:Invoking command in '/root/inblue_ws/build/my_bot': CMAKE_PREFIX_PATH=/opt/ros/humble /usr/bin/cmake --build /root/inblue_ws/build/my_bot -- -j20 -l20
[0.334s] DEBUG:colcon.colcon_core.event_handler.log_command:Invoked command in '/root/inblue_ws/build/my_bot' returned '0': CMAKE_PREFIX_PATH=/opt/ros/humble /usr/bin/cmake --build /root/inblue_ws/build/my_bot -- -j20 -l20
[0.352s] DEBUG:colcon.colcon_core.event_handler.log_command:Invoking command in '/root/inblue_ws/build/my_bot': CMAKE_PREFIX_PATH=/opt/ros/humble /usr/bin/cmake --install /root/inblue_ws/build/my_bot
[0.359s] DEBUG:colcon.colcon_core.event_handler.log_command:Invoked command in '/root/inblue_ws/build/cspc_lidar' returned '0': CMAKE_PREFIX_PATH=/opt/ros/humble /usr/bin/cmake --build /root/inblue_ws/build/cspc_lidar -- -j20 -l20
[0.364s] Level 1:colcon.colcon_core.environment:create_environment_scripts_only(my_bot)
[0.365s] DEBUG:colcon.colcon_core.event_handler.log_command:Invoked command in '/root/inblue_ws/build/my_bot' returned '0': CMAKE_PREFIX_PATH=/opt/ros/humble /usr/bin/cmake --install /root/inblue_ws/build/my_bot
[0.366s] Level 1:colcon.colcon_core.environment:checking '/root/inblue_ws/install/my_bot' for CMake module files
[0.366s] Level 1:colcon.colcon_core.environment:checking '/root/inblue_ws/install/my_bot' for CMake config files
[0.366s] Level 1:colcon.colcon_core.shell:create_environment_hook('my_bot', 'cmake_prefix_path')
[0.367s] INFO:colcon.colcon_core.shell:Creating environment hook '/root/inblue_ws/install/my_bot/share/my_bot/hook/cmake_prefix_path.ps1'
[0.367s] INFO:colcon.colcon_core.shell:Creating environment descriptor '/root/inblue_ws/install/my_bot/share/my_bot/hook/cmake_prefix_path.dsv'
[0.367s] INFO:colcon.colcon_core.shell:Creating environment hook '/root/inblue_ws/install/my_bot/share/my_bot/hook/cmake_prefix_path.sh'
[0.368s] Level 1:colcon.colcon_core.environment:checking '/root/inblue_ws/install/my_bot/bin'
[0.368s] Level 1:colcon.colcon_core.environment:checking '/root/inblue_ws/install/my_bot/lib/pkgconfig/my_bot.pc'
[0.368s] Level 1:colcon.colcon_core.environment:checking '/root/inblue_ws/install/my_bot/lib/python3.10/site-packages'
[0.368s] Level 1:colcon.colcon_core.environment:checking '/root/inblue_ws/install/my_bot/bin'
[0.369s] INFO:colcon.colcon_core.shell:Creating package script '/root/inblue_ws/install/my_bot/share/my_bot/package.ps1'
[0.370s] INFO:colcon.colcon_core.shell:Creating package descriptor '/root/inblue_ws/install/my_bot/share/my_bot/package.dsv'
[0.370s] INFO:colcon.colcon_core.shell:Creating package script '/root/inblue_ws/install/my_bot/share/my_bot/package.sh'
[0.371s] INFO:colcon.colcon_core.shell:Creating package script '/root/inblue_ws/install/my_bot/share/my_bot/package.bash'
[0.371s] INFO:colcon.colcon_core.shell:Creating package script '/root/inblue_ws/install/my_bot/share/my_bot/package.zsh'
[0.372s] Level 1:colcon.colcon_core.environment:create_file_with_runtime_dependencies(/root/inblue_ws/install/my_bot/share/colcon-core/packages/my_bot)
[0.384s] DEBUG:colcon.colcon_core.event_handler.log_command:Invoking command in '/root/inblue_ws/build/cspc_lidar': CMAKE_PREFIX_PATH=/opt/ros/humble /usr/bin/cmake --install /root/inblue_ws/build/cspc_lidar
[0.385s] Level 1:colcon.colcon_core.environment:create_environment_scripts_only(my_bot)
[0.386s] Level 1:colcon.colcon_core.environment:checking '/root/inblue_ws/install/my_bot' for CMake module files
[0.386s] Level 1:colcon.colcon_core.environment:checking '/root/inblue_ws/install/my_bot' for CMake config files
[0.386s] Level 1:colcon.colcon_core.shell:create_environment_hook('my_bot', 'cmake_prefix_path')
[0.386s] INFO:colcon.colcon_core.shell:Creating environment hook '/root/inblue_ws/install/my_bot/share/my_bot/hook/cmake_prefix_path.ps1'
[0.387s] INFO:colcon.colcon_core.shell:Creating environment descriptor '/root/inblue_ws/install/my_bot/share/my_bot/hook/cmake_prefix_path.dsv'
[0.387s] INFO:colcon.colcon_core.shell:Creating environment hook '/root/inblue_ws/install/my_bot/share/my_bot/hook/cmake_prefix_path.sh'
[0.387s] Level 1:colcon.colcon_core.environment:checking '/root/inblue_ws/install/my_bot/bin'
[0.388s] Level 1:colcon.colcon_core.environment:checking '/root/inblue_ws/install/my_bot/lib/pkgconfig/my_bot.pc'
[0.388s] Level 1:colcon.colcon_core.environment:checking '/root/inblue_ws/install/my_bot/lib/python3.10/site-packages'
[0.388s] Level 1:colcon.colcon_core.environment:checking '/root/inblue_ws/install/my_bot/bin'
[0.389s] INFO:colcon.colcon_core.shell:Creating package script '/root/inblue_ws/install/my_bot/share/my_bot/package.ps1'
[0.391s] INFO:colcon.colcon_core.shell:Creating package descriptor '/root/inblue_ws/install/my_bot/share/my_bot/package.dsv'
[0.392s] INFO:colcon.colcon_core.shell:Creating package script '/root/inblue_ws/install/my_bot/share/my_bot/package.sh'
[0.392s] INFO:colcon.colcon_core.shell:Creating package script '/root/inblue_ws/install/my_bot/share/my_bot/package.bash'
[0.392s] INFO:colcon.colcon_core.shell:Creating package script '/root/inblue_ws/install/my_bot/share/my_bot/package.zsh'
[0.392s] Level 1:colcon.colcon_core.environment:create_file_with_runtime_dependencies(/root/inblue_ws/install/my_bot/share/colcon-core/packages/my_bot)
[0.397s] Level 1:colcon.colcon_core.environment:create_environment_scripts_only(cspc_lidar)
[0.397s] Level 1:colcon.colcon_core.environment:checking '/root/inblue_ws/install/cspc_lidar' for CMake module files
[0.398s] DEBUG:colcon.colcon_core.event_handler.log_command:Invoked command in '/root/inblue_ws/build/cspc_lidar' returned '0': CMAKE_PREFIX_PATH=/opt/ros/humble /usr/bin/cmake --install /root/inblue_ws/build/cspc_lidar
[0.398s] Level 1:colcon.colcon_core.environment:checking '/root/inblue_ws/install/cspc_lidar' for CMake config files
[0.398s] Level 1:colcon.colcon_core.shell:create_environment_hook('cspc_lidar', 'cmake_prefix_path')
[0.399s] INFO:colcon.colcon_core.shell:Creating environment hook '/root/inblue_ws/install/cspc_lidar/share/cspc_lidar/hook/cmake_prefix_path.ps1'
[0.399s] INFO:colcon.colcon_core.shell:Creating environment descriptor '/root/inblue_ws/install/cspc_lidar/share/cspc_lidar/hook/cmake_prefix_path.dsv'
[0.399s] INFO:colcon.colcon_core.shell:Creating environment hook '/root/inblue_ws/install/cspc_lidar/share/cspc_lidar/hook/cmake_prefix_path.sh'
[0.400s] Level 1:colcon.colcon_core.environment:checking '/root/inblue_ws/install/cspc_lidar/lib'
[0.400s] Level 1:colcon.colcon_core.environment:checking '/root/inblue_ws/install/cspc_lidar/bin'
[0.400s] Level 1:colcon.colcon_core.environment:checking '/root/inblue_ws/install/cspc_lidar/lib/pkgconfig/cspc_lidar.pc'
[0.400s] Level 1:colcon.colcon_core.environment:checking '/root/inblue_ws/install/cspc_lidar/lib/python3.10/site-packages'
[0.401s] Level 1:colcon.colcon_core.environment:checking '/root/inblue_ws/install/cspc_lidar/bin'
[0.401s] INFO:colcon.colcon_core.shell:Creating package script '/root/inblue_ws/install/cspc_lidar/share/cspc_lidar/package.ps1'
[0.402s] INFO:colcon.colcon_core.shell:Creating package descriptor '/root/inblue_ws/install/cspc_lidar/share/cspc_lidar/package.dsv'
[0.402s] INFO:colcon.colcon_core.shell:Creating package script '/root/inblue_ws/install/cspc_lidar/share/cspc_lidar/package.sh'
[0.402s] INFO:colcon.colcon_core.shell:Creating package script '/root/inblue_ws/install/cspc_lidar/share/cspc_lidar/package.bash'
[0.402s] INFO:colcon.colcon_core.shell:Creating package script '/root/inblue_ws/install/cspc_lidar/share/cspc_lidar/package.zsh'
[0.402s] Level 1:colcon.colcon_core.environment:create_file_with_runtime_dependencies(/root/inblue_ws/install/cspc_lidar/share/colcon-core/packages/cspc_lidar)
[0.426s] Level 1:colcon.colcon_core.environment:create_environment_scripts_only(cspc_lidar)
[0.426s] Level 1:colcon.colcon_core.environment:checking '/root/inblue_ws/install/cspc_lidar' for CMake module files
[0.426s] Level 1:colcon.colcon_core.environment:checking '/root/inblue_ws/install/cspc_lidar' for CMake config files
[0.427s] Level 1:colcon.colcon_core.shell:create_environment_hook('cspc_lidar', 'cmake_prefix_path')
[0.427s] INFO:colcon.colcon_core.shell:Creating environment hook '/root/inblue_ws/install/cspc_lidar/share/cspc_lidar/hook/cmake_prefix_path.ps1'
[0.427s] INFO:colcon.colcon_core.shell:Creating environment descriptor '/root/inblue_ws/install/cspc_lidar/share/cspc_lidar/hook/cmake_prefix_path.dsv'
[0.427s] INFO:colcon.colcon_core.shell:Creating environment hook '/root/inblue_ws/install/cspc_lidar/share/cspc_lidar/hook/cmake_prefix_path.sh'
[0.428s] Level 1:colcon.colcon_core.environment:checking '/root/inblue_ws/install/cspc_lidar/lib'
[0.428s] Level 1:colcon.colcon_core.environment:checking '/root/inblue_ws/install/cspc_lidar/bin'
[0.428s] Level 1:colcon.colcon_core.environment:checking '/root/inblue_ws/install/cspc_lidar/lib/pkgconfig/cspc_lidar.pc'
[0.428s] Level 1:colcon.colcon_core.environment:checking '/root/inblue_ws/install/cspc_lidar/lib/python3.10/site-packages'
[0.428s] Level 1:colcon.colcon_core.environment:checking '/root/inblue_ws/install/cspc_lidar/bin'
[0.428s] INFO:colcon.colcon_core.shell:Creating package script '/root/inblue_ws/install/cspc_lidar/share/cspc_lidar/package.ps1'
[0.429s] INFO:colcon.colcon_core.shell:Creating package descriptor '/root/inblue_ws/install/cspc_lidar/share/cspc_lidar/package.dsv'
[0.429s] INFO:colcon.colcon_core.shell:Creating package script '/root/inblue_ws/install/cspc_lidar/share/cspc_lidar/package.sh'
[0.429s] INFO:colcon.colcon_core.shell:Creating package script '/root/inblue_ws/install/cspc_lidar/share/cspc_lidar/package.bash'
[0.430s] INFO:colcon.colcon_core.shell:Creating package script '/root/inblue_ws/install/cspc_lidar/share/cspc_lidar/package.zsh'
[0.430s] Level 1:colcon.colcon_core.environment:create_file_with_runtime_dependencies(/root/inblue_ws/install/cspc_lidar/share/colcon-core/packages/cspc_lidar)
[0.430s] DEBUG:colcon.colcon_parallel_executor.executor.parallel:closing loop
[0.431s] DEBUG:colcon.colcon_parallel_executor.executor.parallel:loop closed
[0.431s] DEBUG:colcon.colcon_parallel_executor.executor.parallel:run_until_complete finished with '0'
[0.431s] DEBUG:colcon.colcon_core.event_reactor:joining thread
[0.485s] INFO:colcon.colcon_core.plugin_system:Skipping extension 'colcon_notification.desktop_notification.notify_send': Could not find 'notify-send'
[0.486s] INFO:colcon.colcon_core.plugin_system:Skipping extension 'colcon_notification.desktop_notification.terminal_notifier': Not used on non-Darwin systems
[0.486s] INFO:colcon.colcon_core.plugin_system:Skipping extension 'colcon_notification.desktop_notification.win32': Not used on non-Windows systems
[0.486s] INFO:colcon.colcon_notification.desktop_notification:Sending desktop notification using 'notify2'
[0.486s] DEBUG:colcon.colcon_notification.desktop_notification.notify2:Failed to initialize notify2: org.freedesktop.DBus.Error.FileNotFound: Failed to connect to socket /run/user/0/bus: No such file or directory
[0.486s] DEBUG:colcon.colcon_core.event_reactor:joined thread
[0.486s] INFO:colcon.colcon_core.shell:Creating prefix script '/root/inblue_ws/install/local_setup.ps1'
[0.487s] INFO:colcon.colcon_core.shell:Creating prefix util module '/root/inblue_ws/install/_local_setup_util_ps1.py'
[0.488s] INFO:colcon.colcon_core.shell:Creating prefix chain script '/root/inblue_ws/install/setup.ps1'
[0.489s] INFO:colcon.colcon_core.shell:Creating prefix script '/root/inblue_ws/install/local_setup.sh'
[0.489s] INFO:colcon.colcon_core.shell:Creating prefix util module '/root/inblue_ws/install/_local_setup_util_sh.py'
[0.489s] INFO:colcon.colcon_core.shell:Creating prefix chain script '/root/inblue_ws/install/setup.sh'
[0.490s] INFO:colcon.colcon_core.shell:Creating prefix script '/root/inblue_ws/install/local_setup.bash'
[0.490s] INFO:colcon.colcon_core.shell:Creating prefix chain script '/root/inblue_ws/install/setup.bash'
[0.491s] INFO:colcon.colcon_core.shell:Creating prefix script '/root/inblue_ws/install/local_setup.zsh'
[0.491s] INFO:colcon.colcon_core.shell:Creating prefix chain script '/root/inblue_ws/install/setup.zsh'
