[0.040s] Invoking command in '/root/inblue_ws/build/my_bot': /usr/bin/cmake --build /root/inblue_ws/build/my_bot -- -j20 -l20
[0.111s] Invoked command in '/root/inblue_ws/build/my_bot' returned '0': /usr/bin/cmake --build /root/inblue_ws/build/my_bot -- -j20 -l20
[0.139s] Invoking command in '/root/inblue_ws/build/my_bot': /usr/bin/cmake --install /root/inblue_ws/build/my_bot
[0.148s] -- Install configuration: ""
[0.150s] -- Execute custom install script
[0.151s] -- Up-to-date symlink: /root/inblue_ws/install/my_bot/share/my_bot/config/empty.yaml
[0.152s] -- Up-to-date symlink: /root/inblue_ws/install/my_bot/share/my_bot/description/inertial_macros.xacro
[0.152s] -- Up-to-date symlink: /root/inblue_ws/install/my_bot/share/my_bot/description/robot.urdf.xacro
[0.152s] -- Up-to-date symlink: /root/inblue_ws/install/my_bot/share/my_bot/description/robot_core.xacro
[0.153s] -- Symlinking: /root/inblue_ws/install/my_bot/share/my_bot/launch/launch_sim.launch.py
[0.159s] -- Up-to-date symlink: /root/inblue_ws/install/my_bot/share/my_bot/launch/rsp.launch.py
[0.160s] -- Up-to-date symlink: /root/inblue_ws/install/my_bot/share/my_bot/worlds/empty.world
[0.160s] -- Up-to-date symlink: /root/inblue_ws/install/my_bot/share/ament_index/resource_index/package_run_dependencies/my_bot
[0.161s] -- Up-to-date symlink: /root/inblue_ws/install/my_bot/share/ament_index/resource_index/parent_prefix_path/my_bot
[0.162s] -- Up-to-date symlink: /root/inblue_ws/install/my_bot/share/my_bot/environment/ament_prefix_path.sh
[0.163s] -- Up-to-date symlink: /root/inblue_ws/install/my_bot/share/my_bot/environment/ament_prefix_path.dsv
[0.164s] -- Up-to-date symlink: /root/inblue_ws/install/my_bot/share/my_bot/environment/path.sh
[0.165s] -- Up-to-date symlink: /root/inblue_ws/install/my_bot/share/my_bot/environment/path.dsv
[0.165s] -- Up-to-date symlink: /root/inblue_ws/install/my_bot/share/my_bot/local_setup.bash
[0.167s] -- Up-to-date symlink: /root/inblue_ws/install/my_bot/share/my_bot/local_setup.sh
[0.169s] -- Up-to-date symlink: /root/inblue_ws/install/my_bot/share/my_bot/local_setup.zsh
[0.169s] -- Up-to-date symlink: /root/inblue_ws/install/my_bot/share/my_bot/local_setup.dsv
[0.169s] -- Symlinking: /root/inblue_ws/install/my_bot/share/my_bot/package.dsv
[0.175s] -- Up-to-date symlink: /root/inblue_ws/install/my_bot/share/ament_index/resource_index/packages/my_bot
[0.176s] -- Up-to-date symlink: /root/inblue_ws/install/my_bot/share/my_bot/cmake/my_botConfig.cmake
[0.177s] -- Up-to-date symlink: /root/inblue_ws/install/my_bot/share/my_bot/cmake/my_botConfig-version.cmake
[0.177s] -- Up-to-date symlink: /root/inblue_ws/install/my_bot/share/my_bot/package.xml
[0.180s] Invoked command in '/root/inblue_ws/build/my_bot' returned '0': /usr/bin/cmake --install /root/inblue_ws/build/my_bot
