[0.247s] DEBUG:colcon:Command line arguments: ['/usr/bin/colcon', 'build', '--symlink-install']
[0.247s] DEBUG:colcon:Parsed command line arguments: Namespace(log_base=None, log_level=None, verb_name='build', build_base='build', install_base='install', merge_install=False, symlink_install=True, test_result_base=None, continue_on_error=False, executor='parallel', parallel_workers=20, event_handlers=None, ignore_user_meta=False, metas=['./colcon.meta'], base_paths=['.'], packages_ignore=None, packages_ignore_regex=None, paths=None, packages_up_to=None, packages_up_to_regex=None, packages_above=None, packages_above_and_dependencies=None, packages_above_depth=None, packages_select_by_dep=None, packages_skip_by_dep=None, packages_skip_up_to=None, packages_select_build_failed=False, packages_skip_build_finished=False, packages_select_test_failures=False, packages_skip_test_passed=False, packages_select=None, packages_skip=None, packages_select_regex=None, packages_skip_regex=None, packages_start=None, packages_end=None, allow_overriding=[], cmake_args=None, cmake_target=None, cmake_target_skip_unavailable=False, cmake_clean_cache=False, cmake_clean_first=False, cmake_force_configure=False, ament_cmake_args=None, catkin_cmake_args=None, catkin_skip_building_tests=False, verb_parser=<colcon_defaults.argument_parser.defaults.DefaultArgumentsDecorator object at 0x7fa711ac6920>, verb_extension=<colcon_core.verb.build.BuildVerb object at 0x7fa711ac64d0>, main=<bound method BuildVerb.main of <colcon_core.verb.build.BuildVerb object at 0x7fa711ac64d0>>)
[0.403s] Level 1:colcon.colcon_core.package_discovery:discover_packages(colcon_meta) check parameters
[0.403s] Level 1:colcon.colcon_core.package_discovery:discover_packages(recursive) check parameters
[0.404s] Level 1:colcon.colcon_core.package_discovery:discover_packages(ignore) check parameters
[0.404s] Level 1:colcon.colcon_core.package_discovery:discover_packages(path) check parameters
[0.404s] Level 1:colcon.colcon_core.package_discovery:discover_packages(colcon_meta) discover
[0.404s] Level 1:colcon.colcon_core.package_discovery:discover_packages(recursive) discover
[0.404s] INFO:colcon.colcon_core.package_discovery:Crawling recursively for packages in '/root/inblue_ws'
[0.405s] Level 1:colcon.colcon_core.package_identification:_identify(.) by extensions ['ignore', 'ignore_ament_install']
[0.405s] Level 1:colcon.colcon_core.package_identification:_identify(.) by extension 'ignore'
[0.406s] Level 1:colcon.colcon_core.package_identification:_identify(.) by extension 'ignore_ament_install'
[0.406s] Level 1:colcon.colcon_core.package_identification:_identify(.) by extensions ['colcon_pkg']
[0.406s] Level 1:colcon.colcon_core.package_identification:_identify(.) by extension 'colcon_pkg'
[0.407s] Level 1:colcon.colcon_core.package_identification:_identify(.) by extensions ['colcon_meta']
[0.407s] Level 1:colcon.colcon_core.package_identification:_identify(.) by extension 'colcon_meta'
[0.407s] Level 1:colcon.colcon_core.package_identification:_identify(.) by extensions ['ros']
[0.407s] Level 1:colcon.colcon_core.package_identification:_identify(.) by extension 'ros'
[0.421s] Level 1:colcon.colcon_core.package_identification:_identify(.) by extensions ['cmake', 'python']
[0.421s] Level 1:colcon.colcon_core.package_identification:_identify(.) by extension 'cmake'
[0.422s] Level 1:colcon.colcon_core.package_identification:_identify(.) by extension 'python'
[0.422s] Level 1:colcon.colcon_core.package_identification:_identify(.) by extensions ['python_setup_py']
[0.422s] Level 1:colcon.colcon_core.package_identification:_identify(.) by extension 'python_setup_py'
[0.422s] Level 1:colcon.colcon_core.package_identification:_identify(build) by extensions ['ignore', 'ignore_ament_install']
[0.422s] Level 1:colcon.colcon_core.package_identification:_identify(build) by extension 'ignore'
[0.422s] Level 1:colcon.colcon_core.package_identification:_identify(build) ignored
[0.422s] Level 1:colcon.colcon_core.package_identification:_identify(install) by extensions ['ignore', 'ignore_ament_install']
[0.422s] Level 1:colcon.colcon_core.package_identification:_identify(install) by extension 'ignore'
[0.423s] Level 1:colcon.colcon_core.package_identification:_identify(install) ignored
[0.423s] Level 1:colcon.colcon_core.package_identification:_identify(log) by extensions ['ignore', 'ignore_ament_install']
[0.424s] Level 1:colcon.colcon_core.package_identification:_identify(log) by extension 'ignore'
[0.424s] Level 1:colcon.colcon_core.package_identification:_identify(log) ignored
[0.424s] Level 1:colcon.colcon_core.package_identification:_identify(src) by extensions ['ignore', 'ignore_ament_install']
[0.424s] Level 1:colcon.colcon_core.package_identification:_identify(src) by extension 'ignore'
[0.424s] Level 1:colcon.colcon_core.package_identification:_identify(src) by extension 'ignore_ament_install'
[0.424s] Level 1:colcon.colcon_core.package_identification:_identify(src) by extensions ['colcon_pkg']
[0.424s] Level 1:colcon.colcon_core.package_identification:_identify(src) by extension 'colcon_pkg'
[0.425s] Level 1:colcon.colcon_core.package_identification:_identify(src) by extensions ['colcon_meta']
[0.425s] Level 1:colcon.colcon_core.package_identification:_identify(src) by extension 'colcon_meta'
[0.425s] Level 1:colcon.colcon_core.package_identification:_identify(src) by extensions ['ros']
[0.425s] Level 1:colcon.colcon_core.package_identification:_identify(src) by extension 'ros'
[0.425s] Level 1:colcon.colcon_core.package_identification:_identify(src) by extensions ['cmake', 'python']
[0.425s] Level 1:colcon.colcon_core.package_identification:_identify(src) by extension 'cmake'
[0.425s] Level 1:colcon.colcon_core.package_identification:_identify(src) by extension 'python'
[0.425s] Level 1:colcon.colcon_core.package_identification:_identify(src) by extensions ['python_setup_py']
[0.426s] Level 1:colcon.colcon_core.package_identification:_identify(src) by extension 'python_setup_py'
[0.426s] Level 1:colcon.colcon_core.package_identification:_identify(src/cspc_lidar_sdk_ros2) by extensions ['ignore', 'ignore_ament_install']
[0.426s] Level 1:colcon.colcon_core.package_identification:_identify(src/cspc_lidar_sdk_ros2) by extension 'ignore'
[0.426s] Level 1:colcon.colcon_core.package_identification:_identify(src/cspc_lidar_sdk_ros2) by extension 'ignore_ament_install'
[0.427s] Level 1:colcon.colcon_core.package_identification:_identify(src/cspc_lidar_sdk_ros2) by extensions ['colcon_pkg']
[0.427s] Level 1:colcon.colcon_core.package_identification:_identify(src/cspc_lidar_sdk_ros2) by extension 'colcon_pkg'
[0.427s] Level 1:colcon.colcon_core.package_identification:_identify(src/cspc_lidar_sdk_ros2) by extensions ['colcon_meta']
[0.427s] Level 1:colcon.colcon_core.package_identification:_identify(src/cspc_lidar_sdk_ros2) by extension 'colcon_meta'
[0.427s] Level 1:colcon.colcon_core.package_identification:_identify(src/cspc_lidar_sdk_ros2) by extensions ['ros']
[0.427s] Level 1:colcon.colcon_core.package_identification:_identify(src/cspc_lidar_sdk_ros2) by extension 'ros'
[0.430s] DEBUG:colcon.colcon_core.package_identification:Package 'src/cspc_lidar_sdk_ros2' with type 'ros.ament_cmake' and name 'cspc_lidar'
[0.430s] Level 1:colcon.colcon_core.package_identification:_identify(src/my_bot) by extensions ['ignore', 'ignore_ament_install']
[0.430s] Level 1:colcon.colcon_core.package_identification:_identify(src/my_bot) by extension 'ignore'
[0.430s] Level 1:colcon.colcon_core.package_identification:_identify(src/my_bot) by extension 'ignore_ament_install'
[0.430s] Level 1:colcon.colcon_core.package_identification:_identify(src/my_bot) by extensions ['colcon_pkg']
[0.430s] Level 1:colcon.colcon_core.package_identification:_identify(src/my_bot) by extension 'colcon_pkg'
[0.430s] Level 1:colcon.colcon_core.package_identification:_identify(src/my_bot) by extensions ['colcon_meta']
[0.430s] Level 1:colcon.colcon_core.package_identification:_identify(src/my_bot) by extension 'colcon_meta'
[0.430s] Level 1:colcon.colcon_core.package_identification:_identify(src/my_bot) by extensions ['ros']
[0.430s] Level 1:colcon.colcon_core.package_identification:_identify(src/my_bot) by extension 'ros'
[0.431s] DEBUG:colcon.colcon_core.package_identification:Package 'src/my_bot' with type 'ros.ament_cmake' and name 'my_bot'
[0.431s] Level 1:colcon.colcon_core.package_discovery:discover_packages(recursive) using defaults
[0.431s] Level 1:colcon.colcon_core.package_discovery:discover_packages(ignore) discover
[0.431s] Level 1:colcon.colcon_core.package_discovery:discover_packages(ignore) using defaults
[0.431s] Level 1:colcon.colcon_core.package_discovery:discover_packages(path) discover
[0.431s] Level 1:colcon.colcon_core.package_discovery:discover_packages(path) using defaults
[0.471s] Level 1:colcon.colcon_core.package_discovery:discover_packages(prefix_path) check parameters
[0.472s] Level 1:colcon.colcon_core.package_discovery:discover_packages(prefix_path) discover
[0.473s] Level 1:colcon.colcon_core.package_discovery:discover_packages(prefix_path) using defaults
[0.474s] Level 5:colcon.colcon_core.verb:set package 'cspc_lidar' build argument 'cmake_args' from command line to 'None'
[0.474s] Level 5:colcon.colcon_core.verb:set package 'cspc_lidar' build argument 'cmake_target' from command line to 'None'
[0.474s] Level 5:colcon.colcon_core.verb:set package 'cspc_lidar' build argument 'cmake_target_skip_unavailable' from command line to 'False'
[0.474s] Level 5:colcon.colcon_core.verb:set package 'cspc_lidar' build argument 'cmake_clean_cache' from command line to 'False'
[0.474s] Level 5:colcon.colcon_core.verb:set package 'cspc_lidar' build argument 'cmake_clean_first' from command line to 'False'
[0.474s] Level 5:colcon.colcon_core.verb:set package 'cspc_lidar' build argument 'cmake_force_configure' from command line to 'False'
[0.474s] Level 5:colcon.colcon_core.verb:set package 'cspc_lidar' build argument 'ament_cmake_args' from command line to 'None'
[0.474s] Level 5:colcon.colcon_core.verb:set package 'cspc_lidar' build argument 'catkin_cmake_args' from command line to 'None'
[0.474s] Level 5:colcon.colcon_core.verb:set package 'cspc_lidar' build argument 'catkin_skip_building_tests' from command line to 'False'
[0.475s] DEBUG:colcon.colcon_core.verb:Building package 'cspc_lidar' with the following arguments: {'ament_cmake_args': None, 'build_base': '/root/inblue_ws/build/cspc_lidar', 'catkin_cmake_args': None, 'catkin_skip_building_tests': False, 'cmake_args': None, 'cmake_clean_cache': False, 'cmake_clean_first': False, 'cmake_force_configure': False, 'cmake_target': None, 'cmake_target_skip_unavailable': False, 'install_base': '/root/inblue_ws/install/cspc_lidar', 'merge_install': False, 'path': '/root/inblue_ws/src/cspc_lidar_sdk_ros2', 'symlink_install': True, 'test_result_base': None}
[0.475s] Level 5:colcon.colcon_core.verb:set package 'my_bot' build argument 'cmake_args' from command line to 'None'
[0.475s] Level 5:colcon.colcon_core.verb:set package 'my_bot' build argument 'cmake_target' from command line to 'None'
[0.475s] Level 5:colcon.colcon_core.verb:set package 'my_bot' build argument 'cmake_target_skip_unavailable' from command line to 'False'
[0.475s] Level 5:colcon.colcon_core.verb:set package 'my_bot' build argument 'cmake_clean_cache' from command line to 'False'
[0.475s] Level 5:colcon.colcon_core.verb:set package 'my_bot' build argument 'cmake_clean_first' from command line to 'False'
[0.475s] Level 5:colcon.colcon_core.verb:set package 'my_bot' build argument 'cmake_force_configure' from command line to 'False'
[0.475s] Level 5:colcon.colcon_core.verb:set package 'my_bot' build argument 'ament_cmake_args' from command line to 'None'
[0.475s] Level 5:colcon.colcon_core.verb:set package 'my_bot' build argument 'catkin_cmake_args' from command line to 'None'
[0.475s] Level 5:colcon.colcon_core.verb:set package 'my_bot' build argument 'catkin_skip_building_tests' from command line to 'False'
[0.475s] DEBUG:colcon.colcon_core.verb:Building package 'my_bot' with the following arguments: {'ament_cmake_args': None, 'build_base': '/root/inblue_ws/build/my_bot', 'catkin_cmake_args': None, 'catkin_skip_building_tests': False, 'cmake_args': None, 'cmake_clean_cache': False, 'cmake_clean_first': False, 'cmake_force_configure': False, 'cmake_target': None, 'cmake_target_skip_unavailable': False, 'install_base': '/root/inblue_ws/install/my_bot', 'merge_install': False, 'path': '/root/inblue_ws/src/my_bot', 'symlink_install': True, 'test_result_base': None}
[0.476s] INFO:colcon.colcon_core.executor:Executing jobs using 'parallel' executor
[0.477s] DEBUG:colcon.colcon_parallel_executor.executor.parallel:run_until_complete
[0.477s] INFO:colcon.colcon_ros.task.ament_cmake.build:Building ROS package in '/root/inblue_ws/src/cspc_lidar_sdk_ros2' with build type 'ament_cmake'
[0.478s] INFO:colcon.colcon_cmake.task.cmake.build:Building CMake package in '/root/inblue_ws/src/cspc_lidar_sdk_ros2'
[0.480s] INFO:colcon.colcon_core.plugin_system:Skipping extension 'colcon_core.shell.bat': Not used on non-Windows systems
[0.481s] INFO:colcon.colcon_core.shell:Skip shell extension 'powershell' for command environment: Not usable outside of PowerShell
[0.481s] DEBUG:colcon.colcon_core.shell:Skip shell extension 'dsv' for command environment
[0.483s] INFO:colcon.colcon_ros.task.ament_cmake.build:Building ROS package in '/root/inblue_ws/src/my_bot' with build type 'ament_cmake'
[0.483s] INFO:colcon.colcon_cmake.task.cmake.build:Building CMake package in '/root/inblue_ws/src/my_bot'
[0.483s] INFO:colcon.colcon_core.shell:Skip shell extension 'powershell' for command environment: Not usable outside of PowerShell
[0.483s] DEBUG:colcon.colcon_core.shell:Skip shell extension 'dsv' for command environment
[0.495s] DEBUG:colcon.colcon_core.event_handler.log_command:Invoking command in '/root/inblue_ws/build/cspc_lidar': /usr/bin/cmake --build /root/inblue_ws/build/cspc_lidar -- -j20 -l20
[0.512s] DEBUG:colcon.colcon_core.event_handler.log_command:Invoking command in '/root/inblue_ws/build/my_bot': /usr/bin/cmake --build /root/inblue_ws/build/my_bot -- -j20 -l20
[0.558s] DEBUG:colcon.colcon_core.event_handler.log_command:Invoked command in '/root/inblue_ws/build/my_bot' returned '0': /usr/bin/cmake --build /root/inblue_ws/build/my_bot -- -j20 -l20
[0.602s] DEBUG:colcon.colcon_core.event_handler.log_command:Invoked command in '/root/inblue_ws/build/cspc_lidar' returned '0': /usr/bin/cmake --build /root/inblue_ws/build/cspc_lidar -- -j20 -l20
[0.611s] DEBUG:colcon.colcon_core.event_handler.log_command:Invoking command in '/root/inblue_ws/build/my_bot': /usr/bin/cmake --install /root/inblue_ws/build/my_bot
[0.639s] Level 1:colcon.colcon_core.environment:create_environment_scripts_only(my_bot)
[0.639s] DEBUG:colcon.colcon_core.event_handler.log_command:Invoked command in '/root/inblue_ws/build/my_bot' returned '0': /usr/bin/cmake --install /root/inblue_ws/build/my_bot
[0.645s] Level 1:colcon.colcon_core.environment:checking '/root/inblue_ws/install/my_bot' for CMake module files
[0.646s] Level 1:colcon.colcon_core.environment:checking '/root/inblue_ws/install/my_bot' for CMake config files
[0.647s] Level 1:colcon.colcon_core.shell:create_environment_hook('my_bot', 'cmake_prefix_path')
[0.647s] INFO:colcon.colcon_core.shell:Creating environment hook '/root/inblue_ws/install/my_bot/share/my_bot/hook/cmake_prefix_path.ps1'
[0.649s] INFO:colcon.colcon_core.shell:Creating environment descriptor '/root/inblue_ws/install/my_bot/share/my_bot/hook/cmake_prefix_path.dsv'
[0.650s] INFO:colcon.colcon_core.shell:Creating environment hook '/root/inblue_ws/install/my_bot/share/my_bot/hook/cmake_prefix_path.sh'
[0.651s] Level 1:colcon.colcon_core.environment:checking '/root/inblue_ws/install/my_bot/bin'
[0.652s] Level 1:colcon.colcon_core.environment:checking '/root/inblue_ws/install/my_bot/lib/pkgconfig/my_bot.pc'
[0.654s] Level 1:colcon.colcon_core.environment:checking '/root/inblue_ws/install/my_bot/lib/python3.10/site-packages'
[0.655s] Level 1:colcon.colcon_core.environment:checking '/root/inblue_ws/install/my_bot/bin'
[0.656s] INFO:colcon.colcon_core.shell:Creating package script '/root/inblue_ws/install/my_bot/share/my_bot/package.ps1'
[0.658s] INFO:colcon.colcon_core.shell:Creating package descriptor '/root/inblue_ws/install/my_bot/share/my_bot/package.dsv'
[0.659s] INFO:colcon.colcon_core.shell:Creating package script '/root/inblue_ws/install/my_bot/share/my_bot/package.sh'
[0.660s] INFO:colcon.colcon_core.shell:Creating package script '/root/inblue_ws/install/my_bot/share/my_bot/package.bash'
[0.661s] INFO:colcon.colcon_core.shell:Creating package script '/root/inblue_ws/install/my_bot/share/my_bot/package.zsh'
[0.662s] Level 1:colcon.colcon_core.environment:create_file_with_runtime_dependencies(/root/inblue_ws/install/my_bot/share/colcon-core/packages/my_bot)
[0.666s] DEBUG:colcon.colcon_core.event_handler.log_command:Invoking command in '/root/inblue_ws/build/cspc_lidar': /usr/bin/cmake --install /root/inblue_ws/build/cspc_lidar
[0.681s] Level 1:colcon.colcon_core.environment:create_environment_scripts_only(my_bot)
[0.681s] Level 1:colcon.colcon_core.environment:checking '/root/inblue_ws/install/my_bot' for CMake module files
[0.681s] Level 1:colcon.colcon_core.environment:checking '/root/inblue_ws/install/my_bot' for CMake config files
[0.682s] Level 1:colcon.colcon_core.shell:create_environment_hook('my_bot', 'cmake_prefix_path')
[0.682s] INFO:colcon.colcon_core.shell:Creating environment hook '/root/inblue_ws/install/my_bot/share/my_bot/hook/cmake_prefix_path.ps1'
[0.696s] INFO:colcon.colcon_core.shell:Creating environment descriptor '/root/inblue_ws/install/my_bot/share/my_bot/hook/cmake_prefix_path.dsv'
[0.697s] INFO:colcon.colcon_core.shell:Creating environment hook '/root/inblue_ws/install/my_bot/share/my_bot/hook/cmake_prefix_path.sh'
[0.697s] Level 1:colcon.colcon_core.environment:checking '/root/inblue_ws/install/my_bot/bin'
[0.698s] Level 1:colcon.colcon_core.environment:checking '/root/inblue_ws/install/my_bot/lib/pkgconfig/my_bot.pc'
[0.698s] Level 1:colcon.colcon_core.environment:checking '/root/inblue_ws/install/my_bot/lib/python3.10/site-packages'
[0.698s] Level 1:colcon.colcon_core.environment:checking '/root/inblue_ws/install/my_bot/bin'
[0.699s] INFO:colcon.colcon_core.shell:Creating package script '/root/inblue_ws/install/my_bot/share/my_bot/package.ps1'
[0.699s] INFO:colcon.colcon_core.shell:Creating package descriptor '/root/inblue_ws/install/my_bot/share/my_bot/package.dsv'
[0.700s] INFO:colcon.colcon_core.shell:Creating package script '/root/inblue_ws/install/my_bot/share/my_bot/package.sh'
[0.700s] INFO:colcon.colcon_core.shell:Creating package script '/root/inblue_ws/install/my_bot/share/my_bot/package.bash'
[0.701s] INFO:colcon.colcon_core.shell:Creating package script '/root/inblue_ws/install/my_bot/share/my_bot/package.zsh'
[0.701s] Level 1:colcon.colcon_core.environment:create_file_with_runtime_dependencies(/root/inblue_ws/install/my_bot/share/colcon-core/packages/my_bot)
[0.703s] Level 1:colcon.colcon_core.environment:create_environment_scripts_only(cspc_lidar)
[0.703s] Level 1:colcon.colcon_core.environment:checking '/root/inblue_ws/install/cspc_lidar' for CMake module files
[0.705s] Level 1:colcon.colcon_core.environment:checking '/root/inblue_ws/install/cspc_lidar' for CMake config files
[0.705s] DEBUG:colcon.colcon_core.event_handler.log_command:Invoked command in '/root/inblue_ws/build/cspc_lidar' returned '0': /usr/bin/cmake --install /root/inblue_ws/build/cspc_lidar
[0.706s] Level 1:colcon.colcon_core.shell:create_environment_hook('cspc_lidar', 'cmake_prefix_path')
[0.706s] INFO:colcon.colcon_core.shell:Creating environment hook '/root/inblue_ws/install/cspc_lidar/share/cspc_lidar/hook/cmake_prefix_path.ps1'
[0.707s] INFO:colcon.colcon_core.shell:Creating environment descriptor '/root/inblue_ws/install/cspc_lidar/share/cspc_lidar/hook/cmake_prefix_path.dsv'
[0.707s] INFO:colcon.colcon_core.shell:Creating environment hook '/root/inblue_ws/install/cspc_lidar/share/cspc_lidar/hook/cmake_prefix_path.sh'
[0.708s] Level 1:colcon.colcon_core.environment:checking '/root/inblue_ws/install/cspc_lidar/lib'
[0.708s] Level 1:colcon.colcon_core.environment:checking '/root/inblue_ws/install/cspc_lidar/bin'
[0.708s] Level 1:colcon.colcon_core.environment:checking '/root/inblue_ws/install/cspc_lidar/lib/pkgconfig/cspc_lidar.pc'
[0.709s] Level 1:colcon.colcon_core.environment:checking '/root/inblue_ws/install/cspc_lidar/lib/python3.10/site-packages'
[0.709s] Level 1:colcon.colcon_core.environment:checking '/root/inblue_ws/install/cspc_lidar/bin'
[0.709s] INFO:colcon.colcon_core.shell:Creating package script '/root/inblue_ws/install/cspc_lidar/share/cspc_lidar/package.ps1'
[0.710s] INFO:colcon.colcon_core.shell:Creating package descriptor '/root/inblue_ws/install/cspc_lidar/share/cspc_lidar/package.dsv'
[0.710s] INFO:colcon.colcon_core.shell:Creating package script '/root/inblue_ws/install/cspc_lidar/share/cspc_lidar/package.sh'
[0.711s] INFO:colcon.colcon_core.shell:Creating package script '/root/inblue_ws/install/cspc_lidar/share/cspc_lidar/package.bash'
[0.711s] INFO:colcon.colcon_core.shell:Creating package script '/root/inblue_ws/install/cspc_lidar/share/cspc_lidar/package.zsh'
[0.711s] Level 1:colcon.colcon_core.environment:create_file_with_runtime_dependencies(/root/inblue_ws/install/cspc_lidar/share/colcon-core/packages/cspc_lidar)
[0.788s] Level 1:colcon.colcon_core.environment:create_environment_scripts_only(cspc_lidar)
[0.788s] Level 1:colcon.colcon_core.environment:checking '/root/inblue_ws/install/cspc_lidar' for CMake module files
[0.788s] Level 1:colcon.colcon_core.environment:checking '/root/inblue_ws/install/cspc_lidar' for CMake config files
[0.789s] Level 1:colcon.colcon_core.shell:create_environment_hook('cspc_lidar', 'cmake_prefix_path')
[0.789s] INFO:colcon.colcon_core.shell:Creating environment hook '/root/inblue_ws/install/cspc_lidar/share/cspc_lidar/hook/cmake_prefix_path.ps1'
[0.789s] INFO:colcon.colcon_core.shell:Creating environment descriptor '/root/inblue_ws/install/cspc_lidar/share/cspc_lidar/hook/cmake_prefix_path.dsv'
[0.790s] INFO:colcon.colcon_core.shell:Creating environment hook '/root/inblue_ws/install/cspc_lidar/share/cspc_lidar/hook/cmake_prefix_path.sh'
[0.790s] Level 1:colcon.colcon_core.environment:checking '/root/inblue_ws/install/cspc_lidar/lib'
[0.790s] Level 1:colcon.colcon_core.environment:checking '/root/inblue_ws/install/cspc_lidar/bin'
[0.790s] Level 1:colcon.colcon_core.environment:checking '/root/inblue_ws/install/cspc_lidar/lib/pkgconfig/cspc_lidar.pc'
[0.791s] Level 1:colcon.colcon_core.environment:checking '/root/inblue_ws/install/cspc_lidar/lib/python3.10/site-packages'
[0.791s] Level 1:colcon.colcon_core.environment:checking '/root/inblue_ws/install/cspc_lidar/bin'
[0.791s] INFO:colcon.colcon_core.shell:Creating package script '/root/inblue_ws/install/cspc_lidar/share/cspc_lidar/package.ps1'
[0.792s] INFO:colcon.colcon_core.shell:Creating package descriptor '/root/inblue_ws/install/cspc_lidar/share/cspc_lidar/package.dsv'
[0.793s] INFO:colcon.colcon_core.shell:Creating package script '/root/inblue_ws/install/cspc_lidar/share/cspc_lidar/package.sh'
[0.793s] INFO:colcon.colcon_core.shell:Creating package script '/root/inblue_ws/install/cspc_lidar/share/cspc_lidar/package.bash'
[0.794s] INFO:colcon.colcon_core.shell:Creating package script '/root/inblue_ws/install/cspc_lidar/share/cspc_lidar/package.zsh'
[0.796s] Level 1:colcon.colcon_core.environment:create_file_with_runtime_dependencies(/root/inblue_ws/install/cspc_lidar/share/colcon-core/packages/cspc_lidar)
[0.797s] DEBUG:colcon.colcon_parallel_executor.executor.parallel:closing loop
[0.797s] DEBUG:colcon.colcon_parallel_executor.executor.parallel:loop closed
[0.797s] DEBUG:colcon.colcon_parallel_executor.executor.parallel:run_until_complete finished with '0'
[0.798s] DEBUG:colcon.colcon_core.event_reactor:joining thread
[0.873s] INFO:colcon.colcon_core.plugin_system:Skipping extension 'colcon_notification.desktop_notification.notify_send': Could not find 'notify-send'
[0.875s] INFO:colcon.colcon_core.plugin_system:Skipping extension 'colcon_notification.desktop_notification.terminal_notifier': Not used on non-Darwin systems
[0.875s] INFO:colcon.colcon_core.plugin_system:Skipping extension 'colcon_notification.desktop_notification.win32': Not used on non-Windows systems
[0.875s] INFO:colcon.colcon_notification.desktop_notification:Sending desktop notification using 'notify2'
[0.875s] DEBUG:colcon.colcon_notification.desktop_notification.notify2:Failed to initialize notify2: org.freedesktop.DBus.Error.FileNotFound: Failed to connect to socket /run/user/0/bus: No such file or directory
[0.875s] DEBUG:colcon.colcon_core.event_reactor:joined thread
[0.876s] INFO:colcon.colcon_core.shell:Creating prefix script '/root/inblue_ws/install/local_setup.ps1'
[0.878s] INFO:colcon.colcon_core.shell:Creating prefix util module '/root/inblue_ws/install/_local_setup_util_ps1.py'
[0.881s] INFO:colcon.colcon_core.shell:Creating prefix chain script '/root/inblue_ws/install/setup.ps1'
[0.882s] INFO:colcon.colcon_core.shell:Creating prefix script '/root/inblue_ws/install/local_setup.sh'
[0.884s] INFO:colcon.colcon_core.shell:Creating prefix util module '/root/inblue_ws/install/_local_setup_util_sh.py'
[0.885s] INFO:colcon.colcon_core.shell:Creating prefix chain script '/root/inblue_ws/install/setup.sh'
[0.887s] INFO:colcon.colcon_core.shell:Creating prefix script '/root/inblue_ws/install/local_setup.bash'
[0.888s] INFO:colcon.colcon_core.shell:Creating prefix chain script '/root/inblue_ws/install/setup.bash'
[0.890s] INFO:colcon.colcon_core.shell:Creating prefix script '/root/inblue_ws/install/local_setup.zsh'
[0.891s] INFO:colcon.colcon_core.shell:Creating prefix chain script '/root/inblue_ws/install/setup.zsh'
