[0.017s] Invoking command in '/root/inblue_ws/build/my_bot': CMAKE_PREFIX_PATH=/opt/ros/humble /usr/bin/cmake --build /root/inblue_ws/build/my_bot -- -j20 -l20
[0.057s] -- Found ament_cmake: 1.3.6 (/opt/ros/humble/share/ament_cmake/cmake)
[0.168s] -- Override CMake install command with custom implementation using symlinks instead of copying resources
[0.185s] -- Found ament_lint_auto: 0.12.9 (/opt/ros/humble/share/ament_lint_auto/cmake)
[0.248s] -- Added test 'copyright' to check source files copyright and LICENSE
[0.250s] -- Added test 'flake8' to check Python code syntax and style conventions
[0.250s] -- Added test 'lint_cmake' to check CMake code style
[0.250s] -- Added test 'pep257' to check Python code against some of the docstring style conventions in PEP 257
[0.251s] -- Added test 'xmllint' to check XML markup files
[0.253s] -- Configuring done
[0.259s] -- Generating done
[0.260s] -- Build files have been written to: /root/inblue_ws/build/my_bot
[0.274s] Invoked command in '/root/inblue_ws/build/my_bot' returned '0': CMAKE_PREFIX_PATH=/opt/ros/humble /usr/bin/cmake --build /root/inblue_ws/build/my_bot -- -j20 -l20
[0.285s] Invoking command in '/root/inblue_ws/build/my_bot': CMAKE_PREFIX_PATH=/opt/ros/humble /usr/bin/cmake --install /root/inblue_ws/build/my_bot
[0.288s] -- Install configuration: ""
[0.288s] -- Execute custom install script
[0.288s] -- Up-to-date symlink: /root/inblue_ws/install/my_bot/share/my_bot/config/empty.yaml
[0.288s] -- Up-to-date symlink: /root/inblue_ws/install/my_bot/share/my_bot/description/robot.urdf.xacro
[0.288s] -- Up-to-date symlink: /root/inblue_ws/install/my_bot/share/my_bot/description/robot_core.xacro
[0.288s] -- Up-to-date symlink: /root/inblue_ws/install/my_bot/share/my_bot/launch/rsp.launch.py
[0.289s] -- Up-to-date symlink: /root/inblue_ws/install/my_bot/share/my_bot/worlds/empty.world
[0.289s] -- Up-to-date symlink: /root/inblue_ws/install/my_bot/share/ament_index/resource_index/package_run_dependencies/my_bot
[0.289s] -- Up-to-date symlink: /root/inblue_ws/install/my_bot/share/ament_index/resource_index/parent_prefix_path/my_bot
[0.290s] -- Up-to-date symlink: /root/inblue_ws/install/my_bot/share/my_bot/environment/ament_prefix_path.sh
[0.290s] -- Up-to-date symlink: /root/inblue_ws/install/my_bot/share/my_bot/environment/ament_prefix_path.dsv
[0.290s] -- Up-to-date symlink: /root/inblue_ws/install/my_bot/share/my_bot/environment/path.sh
[0.290s] -- Up-to-date symlink: /root/inblue_ws/install/my_bot/share/my_bot/environment/path.dsv
[0.291s] -- Up-to-date symlink: /root/inblue_ws/install/my_bot/share/my_bot/local_setup.bash
[0.291s] -- Up-to-date symlink: /root/inblue_ws/install/my_bot/share/my_bot/local_setup.sh
[0.291s] -- Up-to-date symlink: /root/inblue_ws/install/my_bot/share/my_bot/local_setup.zsh
[0.292s] -- Up-to-date symlink: /root/inblue_ws/install/my_bot/share/my_bot/local_setup.dsv
[0.292s] -- Symlinking: /root/inblue_ws/install/my_bot/share/my_bot/package.dsv
[0.298s] -- Up-to-date symlink: /root/inblue_ws/install/my_bot/share/ament_index/resource_index/packages/my_bot
[0.298s] -- Up-to-date symlink: /root/inblue_ws/install/my_bot/share/my_bot/cmake/my_botConfig.cmake
[0.298s] -- Up-to-date symlink: /root/inblue_ws/install/my_bot/share/my_bot/cmake/my_botConfig-version.cmake
[0.298s] -- Up-to-date symlink: /root/inblue_ws/install/my_bot/share/my_bot/package.xml
[0.301s] Invoked command in '/root/inblue_ws/build/my_bot' returned '0': CMAKE_PREFIX_PATH=/opt/ros/humble /usr/bin/cmake --install /root/inblue_ws/build/my_bot
