[0.009s] Invoking command in '/root/inblue_ws/build/my_bot': CMAKE_PREFIX_PATH=/opt/ros/humble /usr/bin/cmake /root/inblue_ws/src/my_bot -DAMENT_CMAKE_SYMLINK_INSTALL=1 -DCMAKE_INSTALL_PREFIX=/root/inblue_ws/install/my_bot
[0.020s] -- Found ament_cmake: 1.3.6 (/opt/ros/humble/share/ament_cmake/cmake)
[0.124s] -- Found Python3: /usr/bin/python3.10 (found version "3.10.12") found components: Interpreter 
[0.169s] -- Override CMake install command with custom implementation using symlinks instead of copying resources
[0.191s] -- Found ament_lint_auto: 0.12.9 (/opt/ros/humble/share/ament_lint_auto/cmake)
[0.249s] -- Added test 'copyright' to check source files copyright and LICENSE
[0.251s] -- Added test 'flake8' to check Python code syntax and style conventions
[0.251s] -- Added test 'lint_cmake' to check CMake code style
[0.252s] -- Added test 'pep257' to check Python code against some of the docstring style conventions in PEP 257
[0.253s] -- Added test 'xmllint' to check XML markup files
[0.254s] -- Configuring done
[0.256s] -- Generating done
[0.256s] -- Build files have been written to: /root/inblue_ws/build/my_bot
[0.258s] Invoked command in '/root/inblue_ws/build/my_bot' returned '0': CMAKE_PREFIX_PATH=/opt/ros/humble /usr/bin/cmake /root/inblue_ws/src/my_bot -DAMENT_CMAKE_SYMLINK_INSTALL=1 -DCMAKE_INSTALL_PREFIX=/root/inblue_ws/install/my_bot
[0.260s] Invoking command in '/root/inblue_ws/build/my_bot': CMAKE_PREFIX_PATH=/opt/ros/humble /usr/bin/cmake --build /root/inblue_ws/build/my_bot -- -j20 -l20
[0.278s] Invoked command in '/root/inblue_ws/build/my_bot' returned '0': CMAKE_PREFIX_PATH=/opt/ros/humble /usr/bin/cmake --build /root/inblue_ws/build/my_bot -- -j20 -l20
[0.292s] Invoking command in '/root/inblue_ws/build/my_bot': CMAKE_PREFIX_PATH=/opt/ros/humble /usr/bin/cmake --install /root/inblue_ws/build/my_bot
[0.295s] -- Install configuration: ""
[0.295s] -- Execute custom install script
[0.295s] -- Symlinking: /root/inblue_ws/install/my_bot/share/my_bot/config/empty.yaml
[0.300s] -- Symlinking: /root/inblue_ws/install/my_bot/share/my_bot/config/empty.yaml:Zone.Identifier
[0.304s] -- Symlinking: /root/inblue_ws/install/my_bot/share/my_bot/description/robot.urdf.xacro
[0.309s] -- Symlinking: /root/inblue_ws/install/my_bot/share/my_bot/description/robot.urdf.xacro:Zone.Identifier
[0.314s] -- Symlinking: /root/inblue_ws/install/my_bot/share/my_bot/description/robot_core.xacro
[0.318s] -- Symlinking: /root/inblue_ws/install/my_bot/share/my_bot/description/robot_core.xacro:Zone.Identifier
[0.322s] -- Symlinking: /root/inblue_ws/install/my_bot/share/my_bot/launch/rsp.launch.py
[0.327s] -- Symlinking: /root/inblue_ws/install/my_bot/share/my_bot/launch/rsp.launch.py:Zone.Identifier
[0.332s] -- Symlinking: /root/inblue_ws/install/my_bot/share/my_bot/worlds/empty.world
[0.337s] -- Symlinking: /root/inblue_ws/install/my_bot/share/my_bot/worlds/empty.world:Zone.Identifier
[0.341s] -- Symlinking: /root/inblue_ws/install/my_bot/share/ament_index/resource_index/package_run_dependencies/my_bot
[0.346s] -- Symlinking: /root/inblue_ws/install/my_bot/share/ament_index/resource_index/parent_prefix_path/my_bot
[0.350s] -- Symlinking: /root/inblue_ws/install/my_bot/share/my_bot/environment/ament_prefix_path.sh
[0.354s] -- Symlinking: /root/inblue_ws/install/my_bot/share/my_bot/environment/ament_prefix_path.dsv
[0.358s] -- Symlinking: /root/inblue_ws/install/my_bot/share/my_bot/environment/path.sh
[0.363s] -- Symlinking: /root/inblue_ws/install/my_bot/share/my_bot/environment/path.dsv
[0.367s] -- Symlinking: /root/inblue_ws/install/my_bot/share/my_bot/local_setup.bash
[0.372s] -- Symlinking: /root/inblue_ws/install/my_bot/share/my_bot/local_setup.sh
[0.376s] -- Symlinking: /root/inblue_ws/install/my_bot/share/my_bot/local_setup.zsh
[0.380s] -- Symlinking: /root/inblue_ws/install/my_bot/share/my_bot/local_setup.dsv
[0.385s] -- Symlinking: /root/inblue_ws/install/my_bot/share/my_bot/package.dsv
[0.389s] -- Symlinking: /root/inblue_ws/install/my_bot/share/ament_index/resource_index/packages/my_bot
[0.394s] -- Symlinking: /root/inblue_ws/install/my_bot/share/my_bot/cmake/my_botConfig.cmake
[0.398s] -- Symlinking: /root/inblue_ws/install/my_bot/share/my_bot/cmake/my_botConfig-version.cmake
[0.402s] -- Symlinking: /root/inblue_ws/install/my_bot/share/my_bot/package.xml
[0.407s] Invoked command in '/root/inblue_ws/build/my_bot' returned '0': CMAKE_PREFIX_PATH=/opt/ros/humble /usr/bin/cmake --install /root/inblue_ws/build/my_bot
