[0.215s] DEBUG:colcon:Command line arguments: ['/usr/bin/colcon', 'build', '--symlink-install']
[0.215s] DEBUG:colcon:Parsed command line arguments: Namespace(log_base=None, log_level=None, verb_name='build', build_base='build', install_base='install', merge_install=False, symlink_install=True, test_result_base=None, continue_on_error=False, executor='parallel', parallel_workers=20, event_handlers=None, ignore_user_meta=False, metas=['./colcon.meta'], base_paths=['.'], packages_ignore=None, packages_ignore_regex=None, paths=None, packages_up_to=None, packages_up_to_regex=None, packages_above=None, packages_above_and_dependencies=None, packages_above_depth=None, packages_select_by_dep=None, packages_skip_by_dep=None, packages_skip_up_to=None, packages_select_build_failed=False, packages_skip_build_finished=False, packages_select_test_failures=False, packages_skip_test_passed=False, packages_select=None, packages_skip=None, packages_select_regex=None, packages_skip_regex=None, packages_start=None, packages_end=None, allow_overriding=[], cmake_args=None, cmake_target=None, cmake_target_skip_unavailable=False, cmake_clean_cache=False, cmake_clean_first=False, cmake_force_configure=False, ament_cmake_args=None, catkin_cmake_args=None, catkin_skip_building_tests=False, verb_parser=<colcon_defaults.argument_parser.defaults.DefaultArgumentsDecorator object at 0x7f8784477220>, verb_extension=<colcon_core.verb.build.BuildVerb object at 0x7f8784476dd0>, main=<bound method BuildVerb.main of <colcon_core.verb.build.BuildVerb object at 0x7f8784476dd0>>)
[0.407s] Level 1:colcon.colcon_core.package_discovery:discover_packages(colcon_meta) check parameters
[0.407s] Level 1:colcon.colcon_core.package_discovery:discover_packages(recursive) check parameters
[0.407s] Level 1:colcon.colcon_core.package_discovery:discover_packages(ignore) check parameters
[0.407s] Level 1:colcon.colcon_core.package_discovery:discover_packages(path) check parameters
[0.407s] Level 1:colcon.colcon_core.package_discovery:discover_packages(colcon_meta) discover
[0.407s] Level 1:colcon.colcon_core.package_discovery:discover_packages(recursive) discover
[0.407s] INFO:colcon.colcon_core.package_discovery:Crawling recursively for packages in '/root/inblue_ws'
[0.407s] Level 1:colcon.colcon_core.package_identification:_identify(.) by extensions ['ignore', 'ignore_ament_install']
[0.408s] Level 1:colcon.colcon_core.package_identification:_identify(.) by extension 'ignore'
[0.408s] Level 1:colcon.colcon_core.package_identification:_identify(.) by extension 'ignore_ament_install'
[0.408s] Level 1:colcon.colcon_core.package_identification:_identify(.) by extensions ['colcon_pkg']
[0.408s] Level 1:colcon.colcon_core.package_identification:_identify(.) by extension 'colcon_pkg'
[0.408s] Level 1:colcon.colcon_core.package_identification:_identify(.) by extensions ['colcon_meta']
[0.408s] Level 1:colcon.colcon_core.package_identification:_identify(.) by extension 'colcon_meta'
[0.408s] Level 1:colcon.colcon_core.package_identification:_identify(.) by extensions ['ros']
[0.408s] Level 1:colcon.colcon_core.package_identification:_identify(.) by extension 'ros'
[0.418s] Level 1:colcon.colcon_core.package_identification:_identify(.) by extensions ['cmake', 'python']
[0.418s] Level 1:colcon.colcon_core.package_identification:_identify(.) by extension 'cmake'
[0.418s] Level 1:colcon.colcon_core.package_identification:_identify(.) by extension 'python'
[0.418s] Level 1:colcon.colcon_core.package_identification:_identify(.) by extensions ['python_setup_py']
[0.418s] Level 1:colcon.colcon_core.package_identification:_identify(.) by extension 'python_setup_py'
[0.419s] Level 1:colcon.colcon_core.package_identification:_identify(build) by extensions ['ignore', 'ignore_ament_install']
[0.419s] Level 1:colcon.colcon_core.package_identification:_identify(build) by extension 'ignore'
[0.419s] Level 1:colcon.colcon_core.package_identification:_identify(build) ignored
[0.419s] Level 1:colcon.colcon_core.package_identification:_identify(install) by extensions ['ignore', 'ignore_ament_install']
[0.419s] Level 1:colcon.colcon_core.package_identification:_identify(install) by extension 'ignore'
[0.419s] Level 1:colcon.colcon_core.package_identification:_identify(install) ignored
[0.419s] Level 1:colcon.colcon_core.package_identification:_identify(log) by extensions ['ignore', 'ignore_ament_install']
[0.419s] Level 1:colcon.colcon_core.package_identification:_identify(log) by extension 'ignore'
[0.419s] Level 1:colcon.colcon_core.package_identification:_identify(log) ignored
[0.419s] Level 1:colcon.colcon_core.package_identification:_identify(src) by extensions ['ignore', 'ignore_ament_install']
[0.420s] Level 1:colcon.colcon_core.package_identification:_identify(src) by extension 'ignore'
[0.420s] Level 1:colcon.colcon_core.package_identification:_identify(src) by extension 'ignore_ament_install'
[0.420s] Level 1:colcon.colcon_core.package_identification:_identify(src) by extensions ['colcon_pkg']
[0.420s] Level 1:colcon.colcon_core.package_identification:_identify(src) by extension 'colcon_pkg'
[0.420s] Level 1:colcon.colcon_core.package_identification:_identify(src) by extensions ['colcon_meta']
[0.420s] Level 1:colcon.colcon_core.package_identification:_identify(src) by extension 'colcon_meta'
[0.420s] Level 1:colcon.colcon_core.package_identification:_identify(src) by extensions ['ros']
[0.420s] Level 1:colcon.colcon_core.package_identification:_identify(src) by extension 'ros'
[0.420s] Level 1:colcon.colcon_core.package_identification:_identify(src) by extensions ['cmake', 'python']
[0.420s] Level 1:colcon.colcon_core.package_identification:_identify(src) by extension 'cmake'
[0.420s] Level 1:colcon.colcon_core.package_identification:_identify(src) by extension 'python'
[0.420s] Level 1:colcon.colcon_core.package_identification:_identify(src) by extensions ['python_setup_py']
[0.420s] Level 1:colcon.colcon_core.package_identification:_identify(src) by extension 'python_setup_py'
[0.420s] Level 1:colcon.colcon_core.package_identification:_identify(src/cspc_lidar_sdk_ros2) by extensions ['ignore', 'ignore_ament_install']
[0.420s] Level 1:colcon.colcon_core.package_identification:_identify(src/cspc_lidar_sdk_ros2) by extension 'ignore'
[0.420s] Level 1:colcon.colcon_core.package_identification:_identify(src/cspc_lidar_sdk_ros2) by extension 'ignore_ament_install'
[0.420s] Level 1:colcon.colcon_core.package_identification:_identify(src/cspc_lidar_sdk_ros2) by extensions ['colcon_pkg']
[0.420s] Level 1:colcon.colcon_core.package_identification:_identify(src/cspc_lidar_sdk_ros2) by extension 'colcon_pkg'
[0.420s] Level 1:colcon.colcon_core.package_identification:_identify(src/cspc_lidar_sdk_ros2) by extensions ['colcon_meta']
[0.420s] Level 1:colcon.colcon_core.package_identification:_identify(src/cspc_lidar_sdk_ros2) by extension 'colcon_meta'
[0.420s] Level 1:colcon.colcon_core.package_identification:_identify(src/cspc_lidar_sdk_ros2) by extensions ['ros']
[0.420s] Level 1:colcon.colcon_core.package_identification:_identify(src/cspc_lidar_sdk_ros2) by extension 'ros'
[0.423s] DEBUG:colcon.colcon_core.package_identification:Package 'src/cspc_lidar_sdk_ros2' with type 'ros.ament_cmake' and name 'cspc_lidar'
[0.423s] Level 1:colcon.colcon_core.package_identification:_identify(src/my_bot) by extensions ['ignore', 'ignore_ament_install']
[0.423s] Level 1:colcon.colcon_core.package_identification:_identify(src/my_bot) by extension 'ignore'
[0.423s] Level 1:colcon.colcon_core.package_identification:_identify(src/my_bot) by extension 'ignore_ament_install'
[0.423s] Level 1:colcon.colcon_core.package_identification:_identify(src/my_bot) by extensions ['colcon_pkg']
[0.423s] Level 1:colcon.colcon_core.package_identification:_identify(src/my_bot) by extension 'colcon_pkg'
[0.423s] Level 1:colcon.colcon_core.package_identification:_identify(src/my_bot) by extensions ['colcon_meta']
[0.423s] Level 1:colcon.colcon_core.package_identification:_identify(src/my_bot) by extension 'colcon_meta'
[0.423s] Level 1:colcon.colcon_core.package_identification:_identify(src/my_bot) by extensions ['ros']
[0.423s] Level 1:colcon.colcon_core.package_identification:_identify(src/my_bot) by extension 'ros'
[0.423s] DEBUG:colcon.colcon_core.package_identification:Package 'src/my_bot' with type 'ros.ament_cmake' and name 'my_bot'
[0.424s] Level 1:colcon.colcon_core.package_discovery:discover_packages(recursive) using defaults
[0.424s] Level 1:colcon.colcon_core.package_discovery:discover_packages(ignore) discover
[0.424s] Level 1:colcon.colcon_core.package_discovery:discover_packages(ignore) using defaults
[0.424s] Level 1:colcon.colcon_core.package_discovery:discover_packages(path) discover
[0.424s] Level 1:colcon.colcon_core.package_discovery:discover_packages(path) using defaults
[0.447s] Level 1:colcon.colcon_core.package_discovery:discover_packages(prefix_path) check parameters
[0.448s] Level 1:colcon.colcon_core.package_discovery:discover_packages(prefix_path) discover
[0.452s] DEBUG:colcon.colcon_installed_package_information.package_discovery:Found 274 installed packages in /opt/ros/humble
[0.453s] Level 1:colcon.colcon_core.package_discovery:discover_packages(prefix_path) using defaults
[0.515s] Level 5:colcon.colcon_core.verb:set package 'cspc_lidar' build argument 'cmake_args' from command line to 'None'
[0.515s] Level 5:colcon.colcon_core.verb:set package 'cspc_lidar' build argument 'cmake_target' from command line to 'None'
[0.515s] Level 5:colcon.colcon_core.verb:set package 'cspc_lidar' build argument 'cmake_target_skip_unavailable' from command line to 'False'
[0.515s] Level 5:colcon.colcon_core.verb:set package 'cspc_lidar' build argument 'cmake_clean_cache' from command line to 'False'
[0.515s] Level 5:colcon.colcon_core.verb:set package 'cspc_lidar' build argument 'cmake_clean_first' from command line to 'False'
[0.515s] Level 5:colcon.colcon_core.verb:set package 'cspc_lidar' build argument 'cmake_force_configure' from command line to 'False'
[0.515s] Level 5:colcon.colcon_core.verb:set package 'cspc_lidar' build argument 'ament_cmake_args' from command line to 'None'
[0.515s] Level 5:colcon.colcon_core.verb:set package 'cspc_lidar' build argument 'catkin_cmake_args' from command line to 'None'
[0.515s] Level 5:colcon.colcon_core.verb:set package 'cspc_lidar' build argument 'catkin_skip_building_tests' from command line to 'False'
[0.516s] DEBUG:colcon.colcon_core.verb:Building package 'cspc_lidar' with the following arguments: {'ament_cmake_args': None, 'build_base': '/root/inblue_ws/build/cspc_lidar', 'catkin_cmake_args': None, 'catkin_skip_building_tests': False, 'cmake_args': None, 'cmake_clean_cache': False, 'cmake_clean_first': False, 'cmake_force_configure': False, 'cmake_target': None, 'cmake_target_skip_unavailable': False, 'install_base': '/root/inblue_ws/install/cspc_lidar', 'merge_install': False, 'path': '/root/inblue_ws/src/cspc_lidar_sdk_ros2', 'symlink_install': True, 'test_result_base': None}
[0.516s] Level 5:colcon.colcon_core.verb:set package 'my_bot' build argument 'cmake_args' from command line to 'None'
[0.516s] Level 5:colcon.colcon_core.verb:set package 'my_bot' build argument 'cmake_target' from command line to 'None'
[0.516s] Level 5:colcon.colcon_core.verb:set package 'my_bot' build argument 'cmake_target_skip_unavailable' from command line to 'False'
[0.516s] Level 5:colcon.colcon_core.verb:set package 'my_bot' build argument 'cmake_clean_cache' from command line to 'False'
[0.516s] Level 5:colcon.colcon_core.verb:set package 'my_bot' build argument 'cmake_clean_first' from command line to 'False'
[0.516s] Level 5:colcon.colcon_core.verb:set package 'my_bot' build argument 'cmake_force_configure' from command line to 'False'
[0.516s] Level 5:colcon.colcon_core.verb:set package 'my_bot' build argument 'ament_cmake_args' from command line to 'None'
[0.516s] Level 5:colcon.colcon_core.verb:set package 'my_bot' build argument 'catkin_cmake_args' from command line to 'None'
[0.516s] Level 5:colcon.colcon_core.verb:set package 'my_bot' build argument 'catkin_skip_building_tests' from command line to 'False'
[0.516s] DEBUG:colcon.colcon_core.verb:Building package 'my_bot' with the following arguments: {'ament_cmake_args': None, 'build_base': '/root/inblue_ws/build/my_bot', 'catkin_cmake_args': None, 'catkin_skip_building_tests': False, 'cmake_args': None, 'cmake_clean_cache': False, 'cmake_clean_first': False, 'cmake_force_configure': False, 'cmake_target': None, 'cmake_target_skip_unavailable': False, 'install_base': '/root/inblue_ws/install/my_bot', 'merge_install': False, 'path': '/root/inblue_ws/src/my_bot', 'symlink_install': True, 'test_result_base': None}
[0.516s] INFO:colcon.colcon_core.executor:Executing jobs using 'parallel' executor
[0.517s] DEBUG:colcon.colcon_parallel_executor.executor.parallel:run_until_complete
[0.517s] INFO:colcon.colcon_ros.task.ament_cmake.build:Building ROS package in '/root/inblue_ws/src/cspc_lidar_sdk_ros2' with build type 'ament_cmake'
[0.517s] INFO:colcon.colcon_cmake.task.cmake.build:Building CMake package in '/root/inblue_ws/src/cspc_lidar_sdk_ros2'
[0.521s] INFO:colcon.colcon_core.plugin_system:Skipping extension 'colcon_core.shell.bat': Not used on non-Windows systems
[0.522s] INFO:colcon.colcon_core.shell:Skip shell extension 'powershell' for command environment: Not usable outside of PowerShell
[0.522s] DEBUG:colcon.colcon_core.shell:Skip shell extension 'dsv' for command environment
[0.533s] INFO:colcon.colcon_ros.task.ament_cmake.build:Building ROS package in '/root/inblue_ws/src/my_bot' with build type 'ament_cmake'
[0.533s] INFO:colcon.colcon_cmake.task.cmake.build:Building CMake package in '/root/inblue_ws/src/my_bot'
[0.533s] INFO:colcon.colcon_core.shell:Skip shell extension 'powershell' for command environment: Not usable outside of PowerShell
[0.533s] DEBUG:colcon.colcon_core.shell:Skip shell extension 'dsv' for command environment
[0.539s] DEBUG:colcon.colcon_core.event_handler.log_command:Invoking command in '/root/inblue_ws/build/cspc_lidar': CMAKE_PREFIX_PATH=/opt/ros/humble /usr/bin/cmake --build /root/inblue_ws/build/cspc_lidar -- -j20 -l20
[0.544s] DEBUG:colcon.colcon_core.event_handler.log_command:Invoking command in '/root/inblue_ws/build/my_bot': CMAKE_PREFIX_PATH=/opt/ros/humble /usr/bin/cmake --build /root/inblue_ws/build/my_bot -- -j20 -l20
[0.597s] DEBUG:colcon.colcon_core.event_handler.log_command:Invoked command in '/root/inblue_ws/build/my_bot' returned '0': CMAKE_PREFIX_PATH=/opt/ros/humble /usr/bin/cmake --build /root/inblue_ws/build/my_bot -- -j20 -l20
[0.615s] DEBUG:colcon.colcon_core.event_handler.log_command:Invoking command in '/root/inblue_ws/build/my_bot': CMAKE_PREFIX_PATH=/opt/ros/humble /usr/bin/cmake --install /root/inblue_ws/build/my_bot
[0.620s] DEBUG:colcon.colcon_core.event_handler.log_command:Invoked command in '/root/inblue_ws/build/cspc_lidar' returned '0': CMAKE_PREFIX_PATH=/opt/ros/humble /usr/bin/cmake --build /root/inblue_ws/build/cspc_lidar -- -j20 -l20
[0.631s] Level 1:colcon.colcon_core.environment:create_environment_scripts_only(my_bot)
[0.631s] DEBUG:colcon.colcon_core.event_handler.log_command:Invoked command in '/root/inblue_ws/build/my_bot' returned '0': CMAKE_PREFIX_PATH=/opt/ros/humble /usr/bin/cmake --install /root/inblue_ws/build/my_bot
[0.636s] Level 1:colcon.colcon_core.environment:checking '/root/inblue_ws/install/my_bot' for CMake module files
[0.636s] Level 1:colcon.colcon_core.environment:checking '/root/inblue_ws/install/my_bot' for CMake config files
[0.638s] Level 1:colcon.colcon_core.shell:create_environment_hook('my_bot', 'cmake_prefix_path')
[0.638s] INFO:colcon.colcon_core.shell:Creating environment hook '/root/inblue_ws/install/my_bot/share/my_bot/hook/cmake_prefix_path.ps1'
[0.639s] INFO:colcon.colcon_core.shell:Creating environment descriptor '/root/inblue_ws/install/my_bot/share/my_bot/hook/cmake_prefix_path.dsv'
[0.639s] INFO:colcon.colcon_core.shell:Creating environment hook '/root/inblue_ws/install/my_bot/share/my_bot/hook/cmake_prefix_path.sh'
[0.640s] Level 1:colcon.colcon_core.environment:checking '/root/inblue_ws/install/my_bot/bin'
[0.640s] Level 1:colcon.colcon_core.environment:checking '/root/inblue_ws/install/my_bot/lib/pkgconfig/my_bot.pc'
[0.641s] Level 1:colcon.colcon_core.environment:checking '/root/inblue_ws/install/my_bot/lib/python3.10/site-packages'
[0.641s] Level 1:colcon.colcon_core.environment:checking '/root/inblue_ws/install/my_bot/bin'
[0.641s] INFO:colcon.colcon_core.shell:Creating package script '/root/inblue_ws/install/my_bot/share/my_bot/package.ps1'
[0.642s] INFO:colcon.colcon_core.shell:Creating package descriptor '/root/inblue_ws/install/my_bot/share/my_bot/package.dsv'
[0.642s] INFO:colcon.colcon_core.shell:Creating package script '/root/inblue_ws/install/my_bot/share/my_bot/package.sh'
[0.643s] INFO:colcon.colcon_core.shell:Creating package script '/root/inblue_ws/install/my_bot/share/my_bot/package.bash'
[0.644s] INFO:colcon.colcon_core.shell:Creating package script '/root/inblue_ws/install/my_bot/share/my_bot/package.zsh'
[0.644s] Level 1:colcon.colcon_core.environment:create_file_with_runtime_dependencies(/root/inblue_ws/install/my_bot/share/colcon-core/packages/my_bot)
[0.647s] DEBUG:colcon.colcon_core.event_handler.log_command:Invoking command in '/root/inblue_ws/build/cspc_lidar': CMAKE_PREFIX_PATH=/opt/ros/humble /usr/bin/cmake --install /root/inblue_ws/build/cspc_lidar
[0.656s] Level 1:colcon.colcon_core.environment:create_environment_scripts_only(my_bot)
[0.656s] Level 1:colcon.colcon_core.environment:checking '/root/inblue_ws/install/my_bot' for CMake module files
[0.656s] Level 1:colcon.colcon_core.environment:checking '/root/inblue_ws/install/my_bot' for CMake config files
[0.657s] Level 1:colcon.colcon_core.shell:create_environment_hook('my_bot', 'cmake_prefix_path')
[0.657s] INFO:colcon.colcon_core.shell:Creating environment hook '/root/inblue_ws/install/my_bot/share/my_bot/hook/cmake_prefix_path.ps1'
[0.657s] INFO:colcon.colcon_core.shell:Creating environment descriptor '/root/inblue_ws/install/my_bot/share/my_bot/hook/cmake_prefix_path.dsv'
[0.657s] INFO:colcon.colcon_core.shell:Creating environment hook '/root/inblue_ws/install/my_bot/share/my_bot/hook/cmake_prefix_path.sh'
[0.658s] Level 1:colcon.colcon_core.environment:checking '/root/inblue_ws/install/my_bot/bin'
[0.658s] Level 1:colcon.colcon_core.environment:checking '/root/inblue_ws/install/my_bot/lib/pkgconfig/my_bot.pc'
[0.658s] Level 1:colcon.colcon_core.environment:checking '/root/inblue_ws/install/my_bot/lib/python3.10/site-packages'
[0.658s] Level 1:colcon.colcon_core.environment:checking '/root/inblue_ws/install/my_bot/bin'
[0.658s] INFO:colcon.colcon_core.shell:Creating package script '/root/inblue_ws/install/my_bot/share/my_bot/package.ps1'
[0.659s] INFO:colcon.colcon_core.shell:Creating package descriptor '/root/inblue_ws/install/my_bot/share/my_bot/package.dsv'
[0.659s] INFO:colcon.colcon_core.shell:Creating package script '/root/inblue_ws/install/my_bot/share/my_bot/package.sh'
[0.659s] INFO:colcon.colcon_core.shell:Creating package script '/root/inblue_ws/install/my_bot/share/my_bot/package.bash'
[0.660s] INFO:colcon.colcon_core.shell:Creating package script '/root/inblue_ws/install/my_bot/share/my_bot/package.zsh'
[0.660s] Level 1:colcon.colcon_core.environment:create_file_with_runtime_dependencies(/root/inblue_ws/install/my_bot/share/colcon-core/packages/my_bot)
[0.662s] Level 1:colcon.colcon_core.environment:create_environment_scripts_only(cspc_lidar)
[0.662s] Level 1:colcon.colcon_core.environment:checking '/root/inblue_ws/install/cspc_lidar' for CMake module files
[0.663s] DEBUG:colcon.colcon_core.event_handler.log_command:Invoked command in '/root/inblue_ws/build/cspc_lidar' returned '0': CMAKE_PREFIX_PATH=/opt/ros/humble /usr/bin/cmake --install /root/inblue_ws/build/cspc_lidar
[0.663s] Level 1:colcon.colcon_core.environment:checking '/root/inblue_ws/install/cspc_lidar' for CMake config files
[0.665s] Level 1:colcon.colcon_core.shell:create_environment_hook('cspc_lidar', 'cmake_prefix_path')
[0.665s] INFO:colcon.colcon_core.shell:Creating environment hook '/root/inblue_ws/install/cspc_lidar/share/cspc_lidar/hook/cmake_prefix_path.ps1'
[0.665s] INFO:colcon.colcon_core.shell:Creating environment descriptor '/root/inblue_ws/install/cspc_lidar/share/cspc_lidar/hook/cmake_prefix_path.dsv'
[0.666s] INFO:colcon.colcon_core.shell:Creating environment hook '/root/inblue_ws/install/cspc_lidar/share/cspc_lidar/hook/cmake_prefix_path.sh'
[0.666s] Level 1:colcon.colcon_core.environment:checking '/root/inblue_ws/install/cspc_lidar/lib'
[0.666s] Level 1:colcon.colcon_core.environment:checking '/root/inblue_ws/install/cspc_lidar/bin'
[0.666s] Level 1:colcon.colcon_core.environment:checking '/root/inblue_ws/install/cspc_lidar/lib/pkgconfig/cspc_lidar.pc'
[0.666s] Level 1:colcon.colcon_core.environment:checking '/root/inblue_ws/install/cspc_lidar/lib/python3.10/site-packages'
[0.666s] Level 1:colcon.colcon_core.environment:checking '/root/inblue_ws/install/cspc_lidar/bin'
[0.667s] INFO:colcon.colcon_core.shell:Creating package script '/root/inblue_ws/install/cspc_lidar/share/cspc_lidar/package.ps1'
[0.667s] INFO:colcon.colcon_core.shell:Creating package descriptor '/root/inblue_ws/install/cspc_lidar/share/cspc_lidar/package.dsv'
[0.667s] INFO:colcon.colcon_core.shell:Creating package script '/root/inblue_ws/install/cspc_lidar/share/cspc_lidar/package.sh'
[0.667s] INFO:colcon.colcon_core.shell:Creating package script '/root/inblue_ws/install/cspc_lidar/share/cspc_lidar/package.bash'
[0.668s] INFO:colcon.colcon_core.shell:Creating package script '/root/inblue_ws/install/cspc_lidar/share/cspc_lidar/package.zsh'
[0.668s] Level 1:colcon.colcon_core.environment:create_file_with_runtime_dependencies(/root/inblue_ws/install/cspc_lidar/share/colcon-core/packages/cspc_lidar)
[0.689s] Level 1:colcon.colcon_core.environment:create_environment_scripts_only(cspc_lidar)
[0.689s] Level 1:colcon.colcon_core.environment:checking '/root/inblue_ws/install/cspc_lidar' for CMake module files
[0.690s] Level 1:colcon.colcon_core.environment:checking '/root/inblue_ws/install/cspc_lidar' for CMake config files
[0.690s] Level 1:colcon.colcon_core.shell:create_environment_hook('cspc_lidar', 'cmake_prefix_path')
[0.690s] INFO:colcon.colcon_core.shell:Creating environment hook '/root/inblue_ws/install/cspc_lidar/share/cspc_lidar/hook/cmake_prefix_path.ps1'
[0.690s] INFO:colcon.colcon_core.shell:Creating environment descriptor '/root/inblue_ws/install/cspc_lidar/share/cspc_lidar/hook/cmake_prefix_path.dsv'
[0.691s] INFO:colcon.colcon_core.shell:Creating environment hook '/root/inblue_ws/install/cspc_lidar/share/cspc_lidar/hook/cmake_prefix_path.sh'
[0.691s] Level 1:colcon.colcon_core.environment:checking '/root/inblue_ws/install/cspc_lidar/lib'
[0.691s] Level 1:colcon.colcon_core.environment:checking '/root/inblue_ws/install/cspc_lidar/bin'
[0.691s] Level 1:colcon.colcon_core.environment:checking '/root/inblue_ws/install/cspc_lidar/lib/pkgconfig/cspc_lidar.pc'
[0.691s] Level 1:colcon.colcon_core.environment:checking '/root/inblue_ws/install/cspc_lidar/lib/python3.10/site-packages'
[0.691s] Level 1:colcon.colcon_core.environment:checking '/root/inblue_ws/install/cspc_lidar/bin'
[0.692s] INFO:colcon.colcon_core.shell:Creating package script '/root/inblue_ws/install/cspc_lidar/share/cspc_lidar/package.ps1'
[0.692s] INFO:colcon.colcon_core.shell:Creating package descriptor '/root/inblue_ws/install/cspc_lidar/share/cspc_lidar/package.dsv'
[0.692s] INFO:colcon.colcon_core.shell:Creating package script '/root/inblue_ws/install/cspc_lidar/share/cspc_lidar/package.sh'
[0.692s] INFO:colcon.colcon_core.shell:Creating package script '/root/inblue_ws/install/cspc_lidar/share/cspc_lidar/package.bash'
[0.693s] INFO:colcon.colcon_core.shell:Creating package script '/root/inblue_ws/install/cspc_lidar/share/cspc_lidar/package.zsh'
[0.693s] Level 1:colcon.colcon_core.environment:create_file_with_runtime_dependencies(/root/inblue_ws/install/cspc_lidar/share/colcon-core/packages/cspc_lidar)
[0.693s] DEBUG:colcon.colcon_parallel_executor.executor.parallel:closing loop
[0.693s] DEBUG:colcon.colcon_parallel_executor.executor.parallel:loop closed
[0.693s] DEBUG:colcon.colcon_parallel_executor.executor.parallel:run_until_complete finished with '0'
[0.694s] DEBUG:colcon.colcon_core.event_reactor:joining thread
[0.733s] INFO:colcon.colcon_core.plugin_system:Skipping extension 'colcon_notification.desktop_notification.notify_send': Could not find 'notify-send'
[0.733s] INFO:colcon.colcon_core.plugin_system:Skipping extension 'colcon_notification.desktop_notification.terminal_notifier': Not used on non-Darwin systems
[0.733s] INFO:colcon.colcon_core.plugin_system:Skipping extension 'colcon_notification.desktop_notification.win32': Not used on non-Windows systems
[0.733s] INFO:colcon.colcon_notification.desktop_notification:Sending desktop notification using 'notify2'
[0.733s] DEBUG:colcon.colcon_notification.desktop_notification.notify2:Failed to initialize notify2: org.freedesktop.DBus.Error.FileNotFound: Failed to connect to socket /run/user/0/bus: No such file or directory
[0.733s] DEBUG:colcon.colcon_core.event_reactor:joined thread
[0.734s] INFO:colcon.colcon_core.shell:Creating prefix script '/root/inblue_ws/install/local_setup.ps1'
[0.735s] INFO:colcon.colcon_core.shell:Creating prefix util module '/root/inblue_ws/install/_local_setup_util_ps1.py'
[0.736s] INFO:colcon.colcon_core.shell:Creating prefix chain script '/root/inblue_ws/install/setup.ps1'
[0.737s] INFO:colcon.colcon_core.shell:Creating prefix script '/root/inblue_ws/install/local_setup.sh'
[0.737s] INFO:colcon.colcon_core.shell:Creating prefix util module '/root/inblue_ws/install/_local_setup_util_sh.py'
[0.737s] INFO:colcon.colcon_core.shell:Creating prefix chain script '/root/inblue_ws/install/setup.sh'
[0.738s] INFO:colcon.colcon_core.shell:Creating prefix script '/root/inblue_ws/install/local_setup.bash'
[0.739s] INFO:colcon.colcon_core.shell:Creating prefix chain script '/root/inblue_ws/install/setup.bash'
[0.739s] INFO:colcon.colcon_core.shell:Creating prefix script '/root/inblue_ws/install/local_setup.zsh'
[0.740s] INFO:colcon.colcon_core.shell:Creating prefix chain script '/root/inblue_ws/install/setup.zsh'
