[0.260s] DEBUG:colcon:Command line arguments: ['/usr/bin/colcon', 'build', '--symlink-install']
[0.260s] DEBUG:colcon:Parsed command line arguments: Namespace(log_base=None, log_level=None, verb_name='build', build_base='build', install_base='install', merge_install=False, symlink_install=True, test_result_base=None, continue_on_error=False, executor='parallel', parallel_workers=20, event_handlers=None, ignore_user_meta=False, metas=['./colcon.meta'], base_paths=['.'], packages_ignore=None, packages_ignore_regex=None, paths=None, packages_up_to=None, packages_up_to_regex=None, packages_above=None, packages_above_and_dependencies=None, packages_above_depth=None, packages_select_by_dep=None, packages_skip_by_dep=None, packages_skip_up_to=None, packages_select_build_failed=False, packages_skip_build_finished=False, packages_select_test_failures=False, packages_skip_test_passed=False, packages_select=None, packages_skip=None, packages_select_regex=None, packages_skip_regex=None, packages_start=None, packages_end=None, allow_overriding=[], cmake_args=None, cmake_target=None, cmake_target_skip_unavailable=False, cmake_clean_cache=False, cmake_clean_first=False, cmake_force_configure=False, ament_cmake_args=None, catkin_cmake_args=None, catkin_skip_building_tests=False, verb_parser=<colcon_defaults.argument_parser.defaults.DefaultArgumentsDecorator object at 0x7f3858617010>, verb_extension=<colcon_core.verb.build.BuildVerb object at 0x7f3858616bc0>, main=<bound method BuildVerb.main of <colcon_core.verb.build.BuildVerb object at 0x7f3858616bc0>>)
[0.370s] Level 1:colcon.colcon_core.package_discovery:discover_packages(colcon_meta) check parameters
[0.371s] Level 1:colcon.colcon_core.package_discovery:discover_packages(recursive) check parameters
[0.371s] Level 1:colcon.colcon_core.package_discovery:discover_packages(ignore) check parameters
[0.371s] Level 1:colcon.colcon_core.package_discovery:discover_packages(path) check parameters
[0.371s] Level 1:colcon.colcon_core.package_discovery:discover_packages(colcon_meta) discover
[0.371s] Level 1:colcon.colcon_core.package_discovery:discover_packages(recursive) discover
[0.371s] INFO:colcon.colcon_core.package_discovery:Crawling recursively for packages in '/root/inblue_ws'
[0.371s] Level 1:colcon.colcon_core.package_identification:_identify(.) by extensions ['ignore', 'ignore_ament_install']
[0.371s] Level 1:colcon.colcon_core.package_identification:_identify(.) by extension 'ignore'
[0.371s] Level 1:colcon.colcon_core.package_identification:_identify(.) by extension 'ignore_ament_install'
[0.371s] Level 1:colcon.colcon_core.package_identification:_identify(.) by extensions ['colcon_pkg']
[0.371s] Level 1:colcon.colcon_core.package_identification:_identify(.) by extension 'colcon_pkg'
[0.371s] Level 1:colcon.colcon_core.package_identification:_identify(.) by extensions ['colcon_meta']
[0.371s] Level 1:colcon.colcon_core.package_identification:_identify(.) by extension 'colcon_meta'
[0.371s] Level 1:colcon.colcon_core.package_identification:_identify(.) by extensions ['ros']
[0.371s] Level 1:colcon.colcon_core.package_identification:_identify(.) by extension 'ros'
[0.381s] Level 1:colcon.colcon_core.package_identification:_identify(.) by extensions ['cmake', 'python']
[0.381s] Level 1:colcon.colcon_core.package_identification:_identify(.) by extension 'cmake'
[0.381s] Level 1:colcon.colcon_core.package_identification:_identify(.) by extension 'python'
[0.381s] Level 1:colcon.colcon_core.package_identification:_identify(.) by extensions ['python_setup_py']
[0.381s] Level 1:colcon.colcon_core.package_identification:_identify(.) by extension 'python_setup_py'
[0.381s] Level 1:colcon.colcon_core.package_identification:_identify(build) by extensions ['ignore', 'ignore_ament_install']
[0.381s] Level 1:colcon.colcon_core.package_identification:_identify(build) by extension 'ignore'
[0.381s] Level 1:colcon.colcon_core.package_identification:_identify(build) ignored
[0.382s] Level 1:colcon.colcon_core.package_identification:_identify(install) by extensions ['ignore', 'ignore_ament_install']
[0.382s] Level 1:colcon.colcon_core.package_identification:_identify(install) by extension 'ignore'
[0.382s] Level 1:colcon.colcon_core.package_identification:_identify(install) ignored
[0.382s] Level 1:colcon.colcon_core.package_identification:_identify(log) by extensions ['ignore', 'ignore_ament_install']
[0.382s] Level 1:colcon.colcon_core.package_identification:_identify(log) by extension 'ignore'
[0.382s] Level 1:colcon.colcon_core.package_identification:_identify(log) ignored
[0.382s] Level 1:colcon.colcon_core.package_identification:_identify(src) by extensions ['ignore', 'ignore_ament_install']
[0.382s] Level 1:colcon.colcon_core.package_identification:_identify(src) by extension 'ignore'
[0.382s] Level 1:colcon.colcon_core.package_identification:_identify(src) by extension 'ignore_ament_install'
[0.382s] Level 1:colcon.colcon_core.package_identification:_identify(src) by extensions ['colcon_pkg']
[0.382s] Level 1:colcon.colcon_core.package_identification:_identify(src) by extension 'colcon_pkg'
[0.382s] Level 1:colcon.colcon_core.package_identification:_identify(src) by extensions ['colcon_meta']
[0.382s] Level 1:colcon.colcon_core.package_identification:_identify(src) by extension 'colcon_meta'
[0.382s] Level 1:colcon.colcon_core.package_identification:_identify(src) by extensions ['ros']
[0.382s] Level 1:colcon.colcon_core.package_identification:_identify(src) by extension 'ros'
[0.383s] Level 1:colcon.colcon_core.package_identification:_identify(src) by extensions ['cmake', 'python']
[0.383s] Level 1:colcon.colcon_core.package_identification:_identify(src) by extension 'cmake'
[0.383s] Level 1:colcon.colcon_core.package_identification:_identify(src) by extension 'python'
[0.383s] Level 1:colcon.colcon_core.package_identification:_identify(src) by extensions ['python_setup_py']
[0.383s] Level 1:colcon.colcon_core.package_identification:_identify(src) by extension 'python_setup_py'
[0.383s] Level 1:colcon.colcon_core.package_identification:_identify(src/cspc_lidar_sdk_ros2) by extensions ['ignore', 'ignore_ament_install']
[0.383s] Level 1:colcon.colcon_core.package_identification:_identify(src/cspc_lidar_sdk_ros2) by extension 'ignore'
[0.383s] Level 1:colcon.colcon_core.package_identification:_identify(src/cspc_lidar_sdk_ros2) by extension 'ignore_ament_install'
[0.383s] Level 1:colcon.colcon_core.package_identification:_identify(src/cspc_lidar_sdk_ros2) by extensions ['colcon_pkg']
[0.383s] Level 1:colcon.colcon_core.package_identification:_identify(src/cspc_lidar_sdk_ros2) by extension 'colcon_pkg'
[0.383s] Level 1:colcon.colcon_core.package_identification:_identify(src/cspc_lidar_sdk_ros2) by extensions ['colcon_meta']
[0.383s] Level 1:colcon.colcon_core.package_identification:_identify(src/cspc_lidar_sdk_ros2) by extension 'colcon_meta'
[0.383s] Level 1:colcon.colcon_core.package_identification:_identify(src/cspc_lidar_sdk_ros2) by extensions ['ros']
[0.383s] Level 1:colcon.colcon_core.package_identification:_identify(src/cspc_lidar_sdk_ros2) by extension 'ros'
[0.386s] DEBUG:colcon.colcon_core.package_identification:Package 'src/cspc_lidar_sdk_ros2' with type 'ros.ament_cmake' and name 'cspc_lidar'
[0.386s] Level 1:colcon.colcon_core.package_identification:_identify(src/my_bot) by extensions ['ignore', 'ignore_ament_install']
[0.386s] Level 1:colcon.colcon_core.package_identification:_identify(src/my_bot) by extension 'ignore'
[0.386s] Level 1:colcon.colcon_core.package_identification:_identify(src/my_bot) by extension 'ignore_ament_install'
[0.386s] Level 1:colcon.colcon_core.package_identification:_identify(src/my_bot) by extensions ['colcon_pkg']
[0.386s] Level 1:colcon.colcon_core.package_identification:_identify(src/my_bot) by extension 'colcon_pkg'
[0.386s] Level 1:colcon.colcon_core.package_identification:_identify(src/my_bot) by extensions ['colcon_meta']
[0.386s] Level 1:colcon.colcon_core.package_identification:_identify(src/my_bot) by extension 'colcon_meta'
[0.386s] Level 1:colcon.colcon_core.package_identification:_identify(src/my_bot) by extensions ['ros']
[0.386s] Level 1:colcon.colcon_core.package_identification:_identify(src/my_bot) by extension 'ros'
[0.387s] DEBUG:colcon.colcon_core.package_identification:Package 'src/my_bot' with type 'ros.ament_cmake' and name 'my_bot'
[0.387s] Level 1:colcon.colcon_core.package_identification:_identify(src/slam_toolbox) by extensions ['ignore', 'ignore_ament_install']
[0.387s] Level 1:colcon.colcon_core.package_identification:_identify(src/slam_toolbox) by extension 'ignore'
[0.387s] Level 1:colcon.colcon_core.package_identification:_identify(src/slam_toolbox) by extension 'ignore_ament_install'
[0.387s] Level 1:colcon.colcon_core.package_identification:_identify(src/slam_toolbox) by extensions ['colcon_pkg']
[0.387s] Level 1:colcon.colcon_core.package_identification:_identify(src/slam_toolbox) by extension 'colcon_pkg'
[0.388s] Level 1:colcon.colcon_core.package_identification:_identify(src/slam_toolbox) by extensions ['colcon_meta']
[0.388s] Level 1:colcon.colcon_core.package_identification:_identify(src/slam_toolbox) by extension 'colcon_meta'
[0.388s] Level 1:colcon.colcon_core.package_identification:_identify(src/slam_toolbox) by extensions ['ros']
[0.388s] Level 1:colcon.colcon_core.package_identification:_identify(src/slam_toolbox) by extension 'ros'
[0.389s] DEBUG:colcon.colcon_core.package_identification:Package 'src/slam_toolbox' with type 'ros.ament_cmake' and name 'slam_toolbox'
[0.389s] Level 1:colcon.colcon_core.package_discovery:discover_packages(recursive) using defaults
[0.389s] Level 1:colcon.colcon_core.package_discovery:discover_packages(ignore) discover
[0.389s] Level 1:colcon.colcon_core.package_discovery:discover_packages(ignore) using defaults
[0.389s] Level 1:colcon.colcon_core.package_discovery:discover_packages(path) discover
[0.389s] Level 1:colcon.colcon_core.package_discovery:discover_packages(path) using defaults
[0.409s] Level 1:colcon.colcon_core.package_discovery:discover_packages(prefix_path) check parameters
[0.410s] Level 1:colcon.colcon_core.package_discovery:discover_packages(prefix_path) discover
[0.411s] Level 1:colcon.colcon_core.package_discovery:discover_packages(prefix_path) using defaults
[0.412s] Level 5:colcon.colcon_core.verb:set package 'cspc_lidar' build argument 'cmake_args' from command line to 'None'
[0.412s] Level 5:colcon.colcon_core.verb:set package 'cspc_lidar' build argument 'cmake_target' from command line to 'None'
[0.412s] Level 5:colcon.colcon_core.verb:set package 'cspc_lidar' build argument 'cmake_target_skip_unavailable' from command line to 'False'
[0.412s] Level 5:colcon.colcon_core.verb:set package 'cspc_lidar' build argument 'cmake_clean_cache' from command line to 'False'
[0.412s] Level 5:colcon.colcon_core.verb:set package 'cspc_lidar' build argument 'cmake_clean_first' from command line to 'False'
[0.412s] Level 5:colcon.colcon_core.verb:set package 'cspc_lidar' build argument 'cmake_force_configure' from command line to 'False'
[0.412s] Level 5:colcon.colcon_core.verb:set package 'cspc_lidar' build argument 'ament_cmake_args' from command line to 'None'
[0.412s] Level 5:colcon.colcon_core.verb:set package 'cspc_lidar' build argument 'catkin_cmake_args' from command line to 'None'
[0.412s] Level 5:colcon.colcon_core.verb:set package 'cspc_lidar' build argument 'catkin_skip_building_tests' from command line to 'False'
[0.412s] DEBUG:colcon.colcon_core.verb:Building package 'cspc_lidar' with the following arguments: {'ament_cmake_args': None, 'build_base': '/root/inblue_ws/build/cspc_lidar', 'catkin_cmake_args': None, 'catkin_skip_building_tests': False, 'cmake_args': None, 'cmake_clean_cache': False, 'cmake_clean_first': False, 'cmake_force_configure': False, 'cmake_target': None, 'cmake_target_skip_unavailable': False, 'install_base': '/root/inblue_ws/install/cspc_lidar', 'merge_install': False, 'path': '/root/inblue_ws/src/cspc_lidar_sdk_ros2', 'symlink_install': True, 'test_result_base': None}
[0.412s] Level 5:colcon.colcon_core.verb:set package 'my_bot' build argument 'cmake_args' from command line to 'None'
[0.413s] Level 5:colcon.colcon_core.verb:set package 'my_bot' build argument 'cmake_target' from command line to 'None'
[0.413s] Level 5:colcon.colcon_core.verb:set package 'my_bot' build argument 'cmake_target_skip_unavailable' from command line to 'False'
[0.413s] Level 5:colcon.colcon_core.verb:set package 'my_bot' build argument 'cmake_clean_cache' from command line to 'False'
[0.413s] Level 5:colcon.colcon_core.verb:set package 'my_bot' build argument 'cmake_clean_first' from command line to 'False'
[0.413s] Level 5:colcon.colcon_core.verb:set package 'my_bot' build argument 'cmake_force_configure' from command line to 'False'
[0.413s] Level 5:colcon.colcon_core.verb:set package 'my_bot' build argument 'ament_cmake_args' from command line to 'None'
[0.413s] Level 5:colcon.colcon_core.verb:set package 'my_bot' build argument 'catkin_cmake_args' from command line to 'None'
[0.413s] Level 5:colcon.colcon_core.verb:set package 'my_bot' build argument 'catkin_skip_building_tests' from command line to 'False'
[0.413s] DEBUG:colcon.colcon_core.verb:Building package 'my_bot' with the following arguments: {'ament_cmake_args': None, 'build_base': '/root/inblue_ws/build/my_bot', 'catkin_cmake_args': None, 'catkin_skip_building_tests': False, 'cmake_args': None, 'cmake_clean_cache': False, 'cmake_clean_first': False, 'cmake_force_configure': False, 'cmake_target': None, 'cmake_target_skip_unavailable': False, 'install_base': '/root/inblue_ws/install/my_bot', 'merge_install': False, 'path': '/root/inblue_ws/src/my_bot', 'symlink_install': True, 'test_result_base': None}
[0.413s] Level 5:colcon.colcon_core.verb:set package 'slam_toolbox' build argument 'cmake_args' from command line to 'None'
[0.413s] Level 5:colcon.colcon_core.verb:set package 'slam_toolbox' build argument 'cmake_target' from command line to 'None'
[0.413s] Level 5:colcon.colcon_core.verb:set package 'slam_toolbox' build argument 'cmake_target_skip_unavailable' from command line to 'False'
[0.413s] Level 5:colcon.colcon_core.verb:set package 'slam_toolbox' build argument 'cmake_clean_cache' from command line to 'False'
[0.413s] Level 5:colcon.colcon_core.verb:set package 'slam_toolbox' build argument 'cmake_clean_first' from command line to 'False'
[0.413s] Level 5:colcon.colcon_core.verb:set package 'slam_toolbox' build argument 'cmake_force_configure' from command line to 'False'
[0.413s] Level 5:colcon.colcon_core.verb:set package 'slam_toolbox' build argument 'ament_cmake_args' from command line to 'None'
[0.413s] Level 5:colcon.colcon_core.verb:set package 'slam_toolbox' build argument 'catkin_cmake_args' from command line to 'None'
[0.413s] Level 5:colcon.colcon_core.verb:set package 'slam_toolbox' build argument 'catkin_skip_building_tests' from command line to 'False'
[0.413s] DEBUG:colcon.colcon_core.verb:Building package 'slam_toolbox' with the following arguments: {'ament_cmake_args': None, 'build_base': '/root/inblue_ws/build/slam_toolbox', 'catkin_cmake_args': None, 'catkin_skip_building_tests': False, 'cmake_args': None, 'cmake_clean_cache': False, 'cmake_clean_first': False, 'cmake_force_configure': False, 'cmake_target': None, 'cmake_target_skip_unavailable': False, 'install_base': '/root/inblue_ws/install/slam_toolbox', 'merge_install': False, 'path': '/root/inblue_ws/src/slam_toolbox', 'symlink_install': True, 'test_result_base': None}
[0.413s] INFO:colcon.colcon_core.executor:Executing jobs using 'parallel' executor
[0.414s] DEBUG:colcon.colcon_parallel_executor.executor.parallel:run_until_complete
[0.414s] INFO:colcon.colcon_ros.task.ament_cmake.build:Building ROS package in '/root/inblue_ws/src/cspc_lidar_sdk_ros2' with build type 'ament_cmake'
[0.414s] INFO:colcon.colcon_cmake.task.cmake.build:Building CMake package in '/root/inblue_ws/src/cspc_lidar_sdk_ros2'
[0.418s] INFO:colcon.colcon_core.plugin_system:Skipping extension 'colcon_core.shell.bat': Not used on non-Windows systems
[0.418s] INFO:colcon.colcon_core.shell:Skip shell extension 'powershell' for command environment: Not usable outside of PowerShell
[0.418s] DEBUG:colcon.colcon_core.shell:Skip shell extension 'dsv' for command environment
[0.420s] INFO:colcon.colcon_ros.task.ament_cmake.build:Building ROS package in '/root/inblue_ws/src/my_bot' with build type 'ament_cmake'
[0.420s] INFO:colcon.colcon_cmake.task.cmake.build:Building CMake package in '/root/inblue_ws/src/my_bot'
[0.420s] INFO:colcon.colcon_core.shell:Skip shell extension 'powershell' for command environment: Not usable outside of PowerShell
[0.420s] DEBUG:colcon.colcon_core.shell:Skip shell extension 'dsv' for command environment
[0.421s] INFO:colcon.colcon_ros.task.ament_cmake.build:Building ROS package in '/root/inblue_ws/src/slam_toolbox' with build type 'ament_cmake'
[0.421s] INFO:colcon.colcon_cmake.task.cmake.build:Building CMake package in '/root/inblue_ws/src/slam_toolbox'
[0.422s] INFO:colcon.colcon_core.shell:Skip shell extension 'powershell' for command environment: Not usable outside of PowerShell
[0.422s] DEBUG:colcon.colcon_core.shell:Skip shell extension 'dsv' for command environment
[0.426s] DEBUG:colcon.colcon_core.event_handler.log_command:Invoking command in '/root/inblue_ws/build/cspc_lidar': /usr/bin/cmake --build /root/inblue_ws/build/cspc_lidar -- -j20 -l20
[0.434s] DEBUG:colcon.colcon_core.event_handler.log_command:Invoking command in '/root/inblue_ws/build/my_bot': /usr/bin/cmake --build /root/inblue_ws/build/my_bot -- -j20 -l20
[0.439s] DEBUG:colcon.colcon_core.event_handler.log_command:Invoking command in '/root/inblue_ws/build/slam_toolbox': /usr/bin/cmake /root/inblue_ws/src/slam_toolbox -DAMENT_CMAKE_SYMLINK_INSTALL=1 -DCMAKE_INSTALL_PREFIX=/root/inblue_ws/install/slam_toolbox
[0.481s] DEBUG:colcon.colcon_core.event_handler.log_command:Invoked command in '/root/inblue_ws/build/my_bot' returned '0': /usr/bin/cmake --build /root/inblue_ws/build/my_bot -- -j20 -l20
[0.496s] DEBUG:colcon.colcon_core.event_handler.log_command:Invoking command in '/root/inblue_ws/build/my_bot': /usr/bin/cmake --install /root/inblue_ws/build/my_bot
[0.511s] Level 1:colcon.colcon_core.environment:create_environment_scripts_only(my_bot)
[0.511s] DEBUG:colcon.colcon_core.event_handler.log_command:Invoked command in '/root/inblue_ws/build/my_bot' returned '0': /usr/bin/cmake --install /root/inblue_ws/build/my_bot
[0.516s] Level 1:colcon.colcon_core.environment:checking '/root/inblue_ws/install/my_bot' for CMake module files
[0.517s] Level 1:colcon.colcon_core.environment:checking '/root/inblue_ws/install/my_bot' for CMake config files
[0.518s] Level 1:colcon.colcon_core.shell:create_environment_hook('my_bot', 'cmake_prefix_path')
[0.518s] INFO:colcon.colcon_core.shell:Creating environment hook '/root/inblue_ws/install/my_bot/share/my_bot/hook/cmake_prefix_path.ps1'
[0.518s] INFO:colcon.colcon_core.shell:Creating environment descriptor '/root/inblue_ws/install/my_bot/share/my_bot/hook/cmake_prefix_path.dsv'
[0.519s] INFO:colcon.colcon_core.shell:Creating environment hook '/root/inblue_ws/install/my_bot/share/my_bot/hook/cmake_prefix_path.sh'
[0.520s] Level 1:colcon.colcon_core.environment:checking '/root/inblue_ws/install/my_bot/bin'
[0.520s] Level 1:colcon.colcon_core.environment:checking '/root/inblue_ws/install/my_bot/lib/pkgconfig/my_bot.pc'
[0.521s] Level 1:colcon.colcon_core.environment:checking '/root/inblue_ws/install/my_bot/lib/python3.10/site-packages'
[0.522s] Level 1:colcon.colcon_core.environment:checking '/root/inblue_ws/install/my_bot/bin'
[0.522s] INFO:colcon.colcon_core.shell:Creating package script '/root/inblue_ws/install/my_bot/share/my_bot/package.ps1'
[0.523s] INFO:colcon.colcon_core.shell:Creating package descriptor '/root/inblue_ws/install/my_bot/share/my_bot/package.dsv'
[0.523s] INFO:colcon.colcon_core.shell:Creating package script '/root/inblue_ws/install/my_bot/share/my_bot/package.sh'
[0.524s] INFO:colcon.colcon_core.shell:Creating package script '/root/inblue_ws/install/my_bot/share/my_bot/package.bash'
[0.526s] INFO:colcon.colcon_core.shell:Creating package script '/root/inblue_ws/install/my_bot/share/my_bot/package.zsh'
[0.527s] Level 1:colcon.colcon_core.environment:create_file_with_runtime_dependencies(/root/inblue_ws/install/my_bot/share/colcon-core/packages/my_bot)
[0.539s] Level 1:colcon.colcon_core.environment:create_environment_scripts_only(my_bot)
[0.539s] Level 1:colcon.colcon_core.environment:checking '/root/inblue_ws/install/my_bot' for CMake module files
[0.539s] Level 1:colcon.colcon_core.environment:checking '/root/inblue_ws/install/my_bot' for CMake config files
[0.540s] Level 1:colcon.colcon_core.shell:create_environment_hook('my_bot', 'cmake_prefix_path')
[0.540s] INFO:colcon.colcon_core.shell:Creating environment hook '/root/inblue_ws/install/my_bot/share/my_bot/hook/cmake_prefix_path.ps1'
[0.540s] INFO:colcon.colcon_core.shell:Creating environment descriptor '/root/inblue_ws/install/my_bot/share/my_bot/hook/cmake_prefix_path.dsv'
[0.540s] INFO:colcon.colcon_core.shell:Creating environment hook '/root/inblue_ws/install/my_bot/share/my_bot/hook/cmake_prefix_path.sh'
[0.541s] Level 1:colcon.colcon_core.environment:checking '/root/inblue_ws/install/my_bot/bin'
[0.541s] Level 1:colcon.colcon_core.environment:checking '/root/inblue_ws/install/my_bot/lib/pkgconfig/my_bot.pc'
[0.541s] Level 1:colcon.colcon_core.environment:checking '/root/inblue_ws/install/my_bot/lib/python3.10/site-packages'
[0.541s] Level 1:colcon.colcon_core.environment:checking '/root/inblue_ws/install/my_bot/bin'
[0.542s] INFO:colcon.colcon_core.shell:Creating package script '/root/inblue_ws/install/my_bot/share/my_bot/package.ps1'
[0.542s] INFO:colcon.colcon_core.shell:Creating package descriptor '/root/inblue_ws/install/my_bot/share/my_bot/package.dsv'
[0.542s] INFO:colcon.colcon_core.shell:Creating package script '/root/inblue_ws/install/my_bot/share/my_bot/package.sh'
[0.542s] INFO:colcon.colcon_core.shell:Creating package script '/root/inblue_ws/install/my_bot/share/my_bot/package.bash'
[0.543s] INFO:colcon.colcon_core.shell:Creating package script '/root/inblue_ws/install/my_bot/share/my_bot/package.zsh'
[0.543s] Level 1:colcon.colcon_core.environment:create_file_with_runtime_dependencies(/root/inblue_ws/install/my_bot/share/colcon-core/packages/my_bot)
[0.547s] DEBUG:colcon.colcon_core.event_handler.log_command:Invoked command in '/root/inblue_ws/build/cspc_lidar' returned '0': /usr/bin/cmake --build /root/inblue_ws/build/cspc_lidar -- -j20 -l20
[0.569s] DEBUG:colcon.colcon_core.event_handler.log_command:Invoking command in '/root/inblue_ws/build/cspc_lidar': /usr/bin/cmake --install /root/inblue_ws/build/cspc_lidar
[0.584s] Level 1:colcon.colcon_core.environment:create_environment_scripts_only(cspc_lidar)
[0.584s] Level 1:colcon.colcon_core.environment:checking '/root/inblue_ws/install/cspc_lidar' for CMake module files
[0.585s] DEBUG:colcon.colcon_core.event_handler.log_command:Invoked command in '/root/inblue_ws/build/cspc_lidar' returned '0': /usr/bin/cmake --install /root/inblue_ws/build/cspc_lidar
[0.585s] Level 1:colcon.colcon_core.environment:checking '/root/inblue_ws/install/cspc_lidar' for CMake config files
[0.586s] Level 1:colcon.colcon_core.shell:create_environment_hook('cspc_lidar', 'cmake_prefix_path')
[0.586s] INFO:colcon.colcon_core.shell:Creating environment hook '/root/inblue_ws/install/cspc_lidar/share/cspc_lidar/hook/cmake_prefix_path.ps1'
[0.586s] INFO:colcon.colcon_core.shell:Creating environment descriptor '/root/inblue_ws/install/cspc_lidar/share/cspc_lidar/hook/cmake_prefix_path.dsv'
[0.587s] INFO:colcon.colcon_core.shell:Creating environment hook '/root/inblue_ws/install/cspc_lidar/share/cspc_lidar/hook/cmake_prefix_path.sh'
[0.587s] Level 1:colcon.colcon_core.environment:checking '/root/inblue_ws/install/cspc_lidar/lib'
[0.587s] Level 1:colcon.colcon_core.environment:checking '/root/inblue_ws/install/cspc_lidar/bin'
[0.587s] Level 1:colcon.colcon_core.environment:checking '/root/inblue_ws/install/cspc_lidar/lib/pkgconfig/cspc_lidar.pc'
[0.587s] Level 1:colcon.colcon_core.environment:checking '/root/inblue_ws/install/cspc_lidar/lib/python3.10/site-packages'
[0.588s] Level 1:colcon.colcon_core.environment:checking '/root/inblue_ws/install/cspc_lidar/bin'
[0.588s] INFO:colcon.colcon_core.shell:Creating package script '/root/inblue_ws/install/cspc_lidar/share/cspc_lidar/package.ps1'
[0.588s] INFO:colcon.colcon_core.shell:Creating package descriptor '/root/inblue_ws/install/cspc_lidar/share/cspc_lidar/package.dsv'
[0.588s] INFO:colcon.colcon_core.shell:Creating package script '/root/inblue_ws/install/cspc_lidar/share/cspc_lidar/package.sh'
[0.589s] INFO:colcon.colcon_core.shell:Creating package script '/root/inblue_ws/install/cspc_lidar/share/cspc_lidar/package.bash'
[0.589s] INFO:colcon.colcon_core.shell:Creating package script '/root/inblue_ws/install/cspc_lidar/share/cspc_lidar/package.zsh'
[0.589s] Level 1:colcon.colcon_core.environment:create_file_with_runtime_dependencies(/root/inblue_ws/install/cspc_lidar/share/colcon-core/packages/cspc_lidar)
[0.611s] Level 1:colcon.colcon_core.environment:create_environment_scripts_only(cspc_lidar)
[0.611s] Level 1:colcon.colcon_core.environment:checking '/root/inblue_ws/install/cspc_lidar' for CMake module files
[0.612s] Level 1:colcon.colcon_core.environment:checking '/root/inblue_ws/install/cspc_lidar' for CMake config files
[0.612s] Level 1:colcon.colcon_core.shell:create_environment_hook('cspc_lidar', 'cmake_prefix_path')
[0.612s] INFO:colcon.colcon_core.shell:Creating environment hook '/root/inblue_ws/install/cspc_lidar/share/cspc_lidar/hook/cmake_prefix_path.ps1'
[0.612s] INFO:colcon.colcon_core.shell:Creating environment descriptor '/root/inblue_ws/install/cspc_lidar/share/cspc_lidar/hook/cmake_prefix_path.dsv'
[0.613s] INFO:colcon.colcon_core.shell:Creating environment hook '/root/inblue_ws/install/cspc_lidar/share/cspc_lidar/hook/cmake_prefix_path.sh'
[0.613s] Level 1:colcon.colcon_core.environment:checking '/root/inblue_ws/install/cspc_lidar/lib'
[0.613s] Level 1:colcon.colcon_core.environment:checking '/root/inblue_ws/install/cspc_lidar/bin'
[0.613s] Level 1:colcon.colcon_core.environment:checking '/root/inblue_ws/install/cspc_lidar/lib/pkgconfig/cspc_lidar.pc'
[0.613s] Level 1:colcon.colcon_core.environment:checking '/root/inblue_ws/install/cspc_lidar/lib/python3.10/site-packages'
[0.613s] Level 1:colcon.colcon_core.environment:checking '/root/inblue_ws/install/cspc_lidar/bin'
[0.614s] INFO:colcon.colcon_core.shell:Creating package script '/root/inblue_ws/install/cspc_lidar/share/cspc_lidar/package.ps1'
[0.614s] INFO:colcon.colcon_core.shell:Creating package descriptor '/root/inblue_ws/install/cspc_lidar/share/cspc_lidar/package.dsv'
[0.615s] INFO:colcon.colcon_core.shell:Creating package script '/root/inblue_ws/install/cspc_lidar/share/cspc_lidar/package.sh'
[0.615s] INFO:colcon.colcon_core.shell:Creating package script '/root/inblue_ws/install/cspc_lidar/share/cspc_lidar/package.bash'
[0.615s] INFO:colcon.colcon_core.shell:Creating package script '/root/inblue_ws/install/cspc_lidar/share/cspc_lidar/package.zsh'
[0.615s] Level 1:colcon.colcon_core.environment:create_file_with_runtime_dependencies(/root/inblue_ws/install/cspc_lidar/share/colcon-core/packages/cspc_lidar)
[2.644s] DEBUG:colcon.colcon_core.event_handler.log_command:Invoked command in '/root/inblue_ws/build/slam_toolbox' returned '1': /usr/bin/cmake /root/inblue_ws/src/slam_toolbox -DAMENT_CMAKE_SYMLINK_INSTALL=1 -DCMAKE_INSTALL_PREFIX=/root/inblue_ws/install/slam_toolbox
[2.650s] Level 1:colcon.colcon_core.environment:create_environment_scripts_only(slam_toolbox)
[2.650s] Level 1:colcon.colcon_core.environment:checking '/root/inblue_ws/install/slam_toolbox' for CMake module files
[2.650s] Level 1:colcon.colcon_core.environment:checking '/root/inblue_ws/install/slam_toolbox' for CMake config files
[2.650s] Level 1:colcon.colcon_core.environment:checking '/root/inblue_ws/install/slam_toolbox/bin'
[2.651s] Level 1:colcon.colcon_core.environment:checking '/root/inblue_ws/install/slam_toolbox/lib/pkgconfig/slam_toolbox.pc'
[2.651s] Level 1:colcon.colcon_core.environment:checking '/root/inblue_ws/install/slam_toolbox/lib/python3.10/site-packages'
[2.651s] Level 1:colcon.colcon_core.environment:checking '/root/inblue_ws/install/slam_toolbox/bin'
[2.651s] INFO:colcon.colcon_core.shell:Creating package script '/root/inblue_ws/install/slam_toolbox/share/slam_toolbox/package.ps1'
[2.652s] INFO:colcon.colcon_core.shell:Creating package descriptor '/root/inblue_ws/install/slam_toolbox/share/slam_toolbox/package.dsv'
[2.653s] INFO:colcon.colcon_core.shell:Creating package script '/root/inblue_ws/install/slam_toolbox/share/slam_toolbox/package.sh'
[2.653s] INFO:colcon.colcon_core.shell:Creating package script '/root/inblue_ws/install/slam_toolbox/share/slam_toolbox/package.bash'
[2.653s] INFO:colcon.colcon_core.shell:Creating package script '/root/inblue_ws/install/slam_toolbox/share/slam_toolbox/package.zsh'
[2.653s] Level 1:colcon.colcon_core.environment:create_file_with_runtime_dependencies(/root/inblue_ws/install/slam_toolbox/share/colcon-core/packages/slam_toolbox)
[2.664s] DEBUG:colcon.colcon_parallel_executor.executor.parallel:closing loop
[2.664s] DEBUG:colcon.colcon_parallel_executor.executor.parallel:loop closed
[2.664s] DEBUG:colcon.colcon_parallel_executor.executor.parallel:run_until_complete finished with '1'
[2.664s] DEBUG:colcon.colcon_core.event_reactor:joining thread
[2.724s] INFO:colcon.colcon_core.plugin_system:Skipping extension 'colcon_notification.desktop_notification.notify_send': Could not find 'notify-send'
[2.724s] INFO:colcon.colcon_core.plugin_system:Skipping extension 'colcon_notification.desktop_notification.terminal_notifier': Not used on non-Darwin systems
[2.724s] INFO:colcon.colcon_core.plugin_system:Skipping extension 'colcon_notification.desktop_notification.win32': Not used on non-Windows systems
[2.724s] INFO:colcon.colcon_notification.desktop_notification:Sending desktop notification using 'notify2'
[2.725s] DEBUG:colcon.colcon_notification.desktop_notification.notify2:Failed to initialize notify2: org.freedesktop.DBus.Error.FileNotFound: Failed to connect to socket /run/user/0/bus: No such file or directory
[2.725s] DEBUG:colcon.colcon_core.event_reactor:joined thread
[2.725s] INFO:colcon.colcon_core.shell:Creating prefix script '/root/inblue_ws/install/local_setup.ps1'
[2.726s] INFO:colcon.colcon_core.shell:Creating prefix util module '/root/inblue_ws/install/_local_setup_util_ps1.py'
[2.727s] INFO:colcon.colcon_core.shell:Creating prefix chain script '/root/inblue_ws/install/setup.ps1'
[2.728s] INFO:colcon.colcon_core.shell:Creating prefix script '/root/inblue_ws/install/local_setup.sh'
[2.728s] INFO:colcon.colcon_core.shell:Creating prefix util module '/root/inblue_ws/install/_local_setup_util_sh.py'
[2.729s] INFO:colcon.colcon_core.shell:Creating prefix chain script '/root/inblue_ws/install/setup.sh'
[2.729s] INFO:colcon.colcon_core.shell:Creating prefix script '/root/inblue_ws/install/local_setup.bash'
[2.730s] INFO:colcon.colcon_core.shell:Creating prefix chain script '/root/inblue_ws/install/setup.bash'
[2.730s] INFO:colcon.colcon_core.shell:Creating prefix script '/root/inblue_ws/install/local_setup.zsh'
[2.731s] INFO:colcon.colcon_core.shell:Creating prefix chain script '/root/inblue_ws/install/setup.zsh'
