[0.257s] DEBUG:colcon:Command line arguments: ['/usr/bin/colcon', 'build', '--symlink-install']
[0.257s] DEBUG:colcon:Parsed command line arguments: Namespace(log_base=None, log_level=None, verb_name='build', build_base='build', install_base='install', merge_install=False, symlink_install=True, test_result_base=None, continue_on_error=False, executor='parallel', parallel_workers=20, event_handlers=None, ignore_user_meta=False, metas=['./colcon.meta'], base_paths=['.'], packages_ignore=None, packages_ignore_regex=None, paths=None, packages_up_to=None, packages_up_to_regex=None, packages_above=None, packages_above_and_dependencies=None, packages_above_depth=None, packages_select_by_dep=None, packages_skip_by_dep=None, packages_skip_up_to=None, packages_select_build_failed=False, packages_skip_build_finished=False, packages_select_test_failures=False, packages_skip_test_passed=False, packages_select=None, packages_skip=None, packages_select_regex=None, packages_skip_regex=None, packages_start=None, packages_end=None, allow_overriding=[], cmake_args=None, cmake_target=None, cmake_target_skip_unavailable=False, cmake_clean_cache=False, cmake_clean_first=False, cmake_force_configure=False, ament_cmake_args=None, catkin_cmake_args=None, catkin_skip_building_tests=False, verb_parser=<colcon_defaults.argument_parser.defaults.DefaultArgumentsDecorator object at 0x7fda62516920>, verb_extension=<colcon_core.verb.build.BuildVerb object at 0x7fda625164d0>, main=<bound method BuildVerb.main of <colcon_core.verb.build.BuildVerb object at 0x7fda625164d0>>)
[0.379s] Level 1:colcon.colcon_core.package_discovery:discover_packages(colcon_meta) check parameters
[0.379s] Level 1:colcon.colcon_core.package_discovery:discover_packages(recursive) check parameters
[0.379s] Level 1:colcon.colcon_core.package_discovery:discover_packages(ignore) check parameters
[0.379s] Level 1:colcon.colcon_core.package_discovery:discover_packages(path) check parameters
[0.379s] Level 1:colcon.colcon_core.package_discovery:discover_packages(colcon_meta) discover
[0.379s] Level 1:colcon.colcon_core.package_discovery:discover_packages(recursive) discover
[0.379s] INFO:colcon.colcon_core.package_discovery:Crawling recursively for packages in '/root/inblue_ws'
[0.379s] Level 1:colcon.colcon_core.package_identification:_identify(.) by extensions ['ignore', 'ignore_ament_install']
[0.379s] Level 1:colcon.colcon_core.package_identification:_identify(.) by extension 'ignore'
[0.379s] Level 1:colcon.colcon_core.package_identification:_identify(.) by extension 'ignore_ament_install'
[0.379s] Level 1:colcon.colcon_core.package_identification:_identify(.) by extensions ['colcon_pkg']
[0.379s] Level 1:colcon.colcon_core.package_identification:_identify(.) by extension 'colcon_pkg'
[0.379s] Level 1:colcon.colcon_core.package_identification:_identify(.) by extensions ['colcon_meta']
[0.379s] Level 1:colcon.colcon_core.package_identification:_identify(.) by extension 'colcon_meta'
[0.380s] Level 1:colcon.colcon_core.package_identification:_identify(.) by extensions ['ros']
[0.380s] Level 1:colcon.colcon_core.package_identification:_identify(.) by extension 'ros'
[0.394s] Level 1:colcon.colcon_core.package_identification:_identify(.) by extensions ['cmake', 'python']
[0.394s] Level 1:colcon.colcon_core.package_identification:_identify(.) by extension 'cmake'
[0.395s] Level 1:colcon.colcon_core.package_identification:_identify(.) by extension 'python'
[0.395s] Level 1:colcon.colcon_core.package_identification:_identify(.) by extensions ['python_setup_py']
[0.395s] Level 1:colcon.colcon_core.package_identification:_identify(.) by extension 'python_setup_py'
[0.395s] Level 1:colcon.colcon_core.package_identification:_identify(build) by extensions ['ignore', 'ignore_ament_install']
[0.395s] Level 1:colcon.colcon_core.package_identification:_identify(build) by extension 'ignore'
[0.395s] Level 1:colcon.colcon_core.package_identification:_identify(build) ignored
[0.395s] Level 1:colcon.colcon_core.package_identification:_identify(install) by extensions ['ignore', 'ignore_ament_install']
[0.395s] Level 1:colcon.colcon_core.package_identification:_identify(install) by extension 'ignore'
[0.396s] Level 1:colcon.colcon_core.package_identification:_identify(install) ignored
[0.396s] Level 1:colcon.colcon_core.package_identification:_identify(log) by extensions ['ignore', 'ignore_ament_install']
[0.396s] Level 1:colcon.colcon_core.package_identification:_identify(log) by extension 'ignore'
[0.396s] Level 1:colcon.colcon_core.package_identification:_identify(log) ignored
[0.396s] Level 1:colcon.colcon_core.package_identification:_identify(src) by extensions ['ignore', 'ignore_ament_install']
[0.396s] Level 1:colcon.colcon_core.package_identification:_identify(src) by extension 'ignore'
[0.396s] Level 1:colcon.colcon_core.package_identification:_identify(src) by extension 'ignore_ament_install'
[0.396s] Level 1:colcon.colcon_core.package_identification:_identify(src) by extensions ['colcon_pkg']
[0.396s] Level 1:colcon.colcon_core.package_identification:_identify(src) by extension 'colcon_pkg'
[0.396s] Level 1:colcon.colcon_core.package_identification:_identify(src) by extensions ['colcon_meta']
[0.396s] Level 1:colcon.colcon_core.package_identification:_identify(src) by extension 'colcon_meta'
[0.396s] Level 1:colcon.colcon_core.package_identification:_identify(src) by extensions ['ros']
[0.396s] Level 1:colcon.colcon_core.package_identification:_identify(src) by extension 'ros'
[0.396s] Level 1:colcon.colcon_core.package_identification:_identify(src) by extensions ['cmake', 'python']
[0.397s] Level 1:colcon.colcon_core.package_identification:_identify(src) by extension 'cmake'
[0.397s] Level 1:colcon.colcon_core.package_identification:_identify(src) by extension 'python'
[0.397s] Level 1:colcon.colcon_core.package_identification:_identify(src) by extensions ['python_setup_py']
[0.397s] Level 1:colcon.colcon_core.package_identification:_identify(src) by extension 'python_setup_py'
[0.397s] Level 1:colcon.colcon_core.package_identification:_identify(src/cspc_lidar_sdk_ros2) by extensions ['ignore', 'ignore_ament_install']
[0.397s] Level 1:colcon.colcon_core.package_identification:_identify(src/cspc_lidar_sdk_ros2) by extension 'ignore'
[0.397s] Level 1:colcon.colcon_core.package_identification:_identify(src/cspc_lidar_sdk_ros2) by extension 'ignore_ament_install'
[0.397s] Level 1:colcon.colcon_core.package_identification:_identify(src/cspc_lidar_sdk_ros2) by extensions ['colcon_pkg']
[0.397s] Level 1:colcon.colcon_core.package_identification:_identify(src/cspc_lidar_sdk_ros2) by extension 'colcon_pkg'
[0.397s] Level 1:colcon.colcon_core.package_identification:_identify(src/cspc_lidar_sdk_ros2) by extensions ['colcon_meta']
[0.397s] Level 1:colcon.colcon_core.package_identification:_identify(src/cspc_lidar_sdk_ros2) by extension 'colcon_meta'
[0.397s] Level 1:colcon.colcon_core.package_identification:_identify(src/cspc_lidar_sdk_ros2) by extensions ['ros']
[0.397s] Level 1:colcon.colcon_core.package_identification:_identify(src/cspc_lidar_sdk_ros2) by extension 'ros'
[0.402s] DEBUG:colcon.colcon_core.package_identification:Package 'src/cspc_lidar_sdk_ros2' with type 'ros.ament_cmake' and name 'cspc_lidar'
[0.402s] Level 1:colcon.colcon_core.package_identification:_identify(src/my_bot) by extensions ['ignore', 'ignore_ament_install']
[0.402s] Level 1:colcon.colcon_core.package_identification:_identify(src/my_bot) by extension 'ignore'
[0.402s] Level 1:colcon.colcon_core.package_identification:_identify(src/my_bot) by extension 'ignore_ament_install'
[0.402s] Level 1:colcon.colcon_core.package_identification:_identify(src/my_bot) by extensions ['colcon_pkg']
[0.403s] Level 1:colcon.colcon_core.package_identification:_identify(src/my_bot) by extension 'colcon_pkg'
[0.403s] Level 1:colcon.colcon_core.package_identification:_identify(src/my_bot) by extensions ['colcon_meta']
[0.403s] Level 1:colcon.colcon_core.package_identification:_identify(src/my_bot) by extension 'colcon_meta'
[0.403s] Level 1:colcon.colcon_core.package_identification:_identify(src/my_bot) by extensions ['ros']
[0.403s] Level 1:colcon.colcon_core.package_identification:_identify(src/my_bot) by extension 'ros'
[0.404s] DEBUG:colcon.colcon_core.package_identification:Package 'src/my_bot' with type 'ros.ament_cmake' and name 'my_bot'
[0.404s] Level 1:colcon.colcon_core.package_discovery:discover_packages(recursive) using defaults
[0.404s] Level 1:colcon.colcon_core.package_discovery:discover_packages(ignore) discover
[0.404s] Level 1:colcon.colcon_core.package_discovery:discover_packages(ignore) using defaults
[0.404s] Level 1:colcon.colcon_core.package_discovery:discover_packages(path) discover
[0.404s] Level 1:colcon.colcon_core.package_discovery:discover_packages(path) using defaults
[0.435s] Level 1:colcon.colcon_core.package_discovery:discover_packages(prefix_path) check parameters
[0.435s] Level 1:colcon.colcon_core.package_discovery:discover_packages(prefix_path) discover
[0.436s] Level 1:colcon.colcon_core.package_discovery:discover_packages(prefix_path) using defaults
[0.437s] Level 5:colcon.colcon_core.verb:set package 'cspc_lidar' build argument 'cmake_args' from command line to 'None'
[0.437s] Level 5:colcon.colcon_core.verb:set package 'cspc_lidar' build argument 'cmake_target' from command line to 'None'
[0.437s] Level 5:colcon.colcon_core.verb:set package 'cspc_lidar' build argument 'cmake_target_skip_unavailable' from command line to 'False'
[0.437s] Level 5:colcon.colcon_core.verb:set package 'cspc_lidar' build argument 'cmake_clean_cache' from command line to 'False'
[0.437s] Level 5:colcon.colcon_core.verb:set package 'cspc_lidar' build argument 'cmake_clean_first' from command line to 'False'
[0.437s] Level 5:colcon.colcon_core.verb:set package 'cspc_lidar' build argument 'cmake_force_configure' from command line to 'False'
[0.437s] Level 5:colcon.colcon_core.verb:set package 'cspc_lidar' build argument 'ament_cmake_args' from command line to 'None'
[0.437s] Level 5:colcon.colcon_core.verb:set package 'cspc_lidar' build argument 'catkin_cmake_args' from command line to 'None'
[0.437s] Level 5:colcon.colcon_core.verb:set package 'cspc_lidar' build argument 'catkin_skip_building_tests' from command line to 'False'
[0.437s] DEBUG:colcon.colcon_core.verb:Building package 'cspc_lidar' with the following arguments: {'ament_cmake_args': None, 'build_base': '/root/inblue_ws/build/cspc_lidar', 'catkin_cmake_args': None, 'catkin_skip_building_tests': False, 'cmake_args': None, 'cmake_clean_cache': False, 'cmake_clean_first': False, 'cmake_force_configure': False, 'cmake_target': None, 'cmake_target_skip_unavailable': False, 'install_base': '/root/inblue_ws/install/cspc_lidar', 'merge_install': False, 'path': '/root/inblue_ws/src/cspc_lidar_sdk_ros2', 'symlink_install': True, 'test_result_base': None}
[0.437s] Level 5:colcon.colcon_core.verb:set package 'my_bot' build argument 'cmake_args' from command line to 'None'
[0.437s] Level 5:colcon.colcon_core.verb:set package 'my_bot' build argument 'cmake_target' from command line to 'None'
[0.437s] Level 5:colcon.colcon_core.verb:set package 'my_bot' build argument 'cmake_target_skip_unavailable' from command line to 'False'
[0.437s] Level 5:colcon.colcon_core.verb:set package 'my_bot' build argument 'cmake_clean_cache' from command line to 'False'
[0.437s] Level 5:colcon.colcon_core.verb:set package 'my_bot' build argument 'cmake_clean_first' from command line to 'False'
[0.438s] Level 5:colcon.colcon_core.verb:set package 'my_bot' build argument 'cmake_force_configure' from command line to 'False'
[0.438s] Level 5:colcon.colcon_core.verb:set package 'my_bot' build argument 'ament_cmake_args' from command line to 'None'
[0.438s] Level 5:colcon.colcon_core.verb:set package 'my_bot' build argument 'catkin_cmake_args' from command line to 'None'
[0.438s] Level 5:colcon.colcon_core.verb:set package 'my_bot' build argument 'catkin_skip_building_tests' from command line to 'False'
[0.438s] DEBUG:colcon.colcon_core.verb:Building package 'my_bot' with the following arguments: {'ament_cmake_args': None, 'build_base': '/root/inblue_ws/build/my_bot', 'catkin_cmake_args': None, 'catkin_skip_building_tests': False, 'cmake_args': None, 'cmake_clean_cache': False, 'cmake_clean_first': False, 'cmake_force_configure': False, 'cmake_target': None, 'cmake_target_skip_unavailable': False, 'install_base': '/root/inblue_ws/install/my_bot', 'merge_install': False, 'path': '/root/inblue_ws/src/my_bot', 'symlink_install': True, 'test_result_base': None}
[0.438s] INFO:colcon.colcon_core.executor:Executing jobs using 'parallel' executor
[0.439s] DEBUG:colcon.colcon_parallel_executor.executor.parallel:run_until_complete
[0.440s] INFO:colcon.colcon_ros.task.ament_cmake.build:Building ROS package in '/root/inblue_ws/src/cspc_lidar_sdk_ros2' with build type 'ament_cmake'
[0.440s] INFO:colcon.colcon_cmake.task.cmake.build:Building CMake package in '/root/inblue_ws/src/cspc_lidar_sdk_ros2'
[0.444s] INFO:colcon.colcon_core.plugin_system:Skipping extension 'colcon_core.shell.bat': Not used on non-Windows systems
[0.444s] INFO:colcon.colcon_core.shell:Skip shell extension 'powershell' for command environment: Not usable outside of PowerShell
[0.444s] DEBUG:colcon.colcon_core.shell:Skip shell extension 'dsv' for command environment
[0.449s] INFO:colcon.colcon_ros.task.ament_cmake.build:Building ROS package in '/root/inblue_ws/src/my_bot' with build type 'ament_cmake'
[0.449s] INFO:colcon.colcon_cmake.task.cmake.build:Building CMake package in '/root/inblue_ws/src/my_bot'
[0.449s] INFO:colcon.colcon_core.shell:Skip shell extension 'powershell' for command environment: Not usable outside of PowerShell
[0.449s] DEBUG:colcon.colcon_core.shell:Skip shell extension 'dsv' for command environment
[0.474s] DEBUG:colcon.colcon_core.event_handler.log_command:Invoking command in '/root/inblue_ws/build/cspc_lidar': /usr/bin/cmake --build /root/inblue_ws/build/cspc_lidar -- -j20 -l20
[0.495s] DEBUG:colcon.colcon_core.event_handler.log_command:Invoking command in '/root/inblue_ws/build/my_bot': /usr/bin/cmake --build /root/inblue_ws/build/my_bot -- -j20 -l20
[0.523s] DEBUG:colcon.colcon_core.event_handler.log_command:Invoked command in '/root/inblue_ws/build/my_bot' returned '0': /usr/bin/cmake --build /root/inblue_ws/build/my_bot -- -j20 -l20
[0.555s] DEBUG:colcon.colcon_core.event_handler.log_command:Invoking command in '/root/inblue_ws/build/my_bot': /usr/bin/cmake --install /root/inblue_ws/build/my_bot
[0.579s] Level 1:colcon.colcon_core.environment:create_environment_scripts_only(my_bot)
[0.580s] DEBUG:colcon.colcon_core.event_handler.log_command:Invoked command in '/root/inblue_ws/build/my_bot' returned '0': /usr/bin/cmake --install /root/inblue_ws/build/my_bot
[0.584s] Level 1:colcon.colcon_core.environment:checking '/root/inblue_ws/install/my_bot' for CMake module files
[0.584s] Level 1:colcon.colcon_core.environment:checking '/root/inblue_ws/install/my_bot' for CMake config files
[0.585s] Level 1:colcon.colcon_core.shell:create_environment_hook('my_bot', 'cmake_prefix_path')
[0.585s] INFO:colcon.colcon_core.shell:Creating environment hook '/root/inblue_ws/install/my_bot/share/my_bot/hook/cmake_prefix_path.ps1'
[0.586s] INFO:colcon.colcon_core.shell:Creating environment descriptor '/root/inblue_ws/install/my_bot/share/my_bot/hook/cmake_prefix_path.dsv'
[0.586s] INFO:colcon.colcon_core.shell:Creating environment hook '/root/inblue_ws/install/my_bot/share/my_bot/hook/cmake_prefix_path.sh'
[0.587s] Level 1:colcon.colcon_core.environment:checking '/root/inblue_ws/install/my_bot/bin'
[0.587s] Level 1:colcon.colcon_core.environment:checking '/root/inblue_ws/install/my_bot/lib/pkgconfig/my_bot.pc'
[0.589s] Level 1:colcon.colcon_core.environment:checking '/root/inblue_ws/install/my_bot/lib/python3.10/site-packages'
[0.590s] Level 1:colcon.colcon_core.environment:checking '/root/inblue_ws/install/my_bot/bin'
[0.590s] INFO:colcon.colcon_core.shell:Creating package script '/root/inblue_ws/install/my_bot/share/my_bot/package.ps1'
[0.591s] INFO:colcon.colcon_core.shell:Creating package descriptor '/root/inblue_ws/install/my_bot/share/my_bot/package.dsv'
[0.592s] INFO:colcon.colcon_core.shell:Creating package script '/root/inblue_ws/install/my_bot/share/my_bot/package.sh'
[0.592s] INFO:colcon.colcon_core.shell:Creating package script '/root/inblue_ws/install/my_bot/share/my_bot/package.bash'
[0.593s] INFO:colcon.colcon_core.shell:Creating package script '/root/inblue_ws/install/my_bot/share/my_bot/package.zsh'
[0.594s] Level 1:colcon.colcon_core.environment:create_file_with_runtime_dependencies(/root/inblue_ws/install/my_bot/share/colcon-core/packages/my_bot)
[0.603s] DEBUG:colcon.colcon_core.event_handler.log_command:Invoked command in '/root/inblue_ws/build/cspc_lidar' returned '0': /usr/bin/cmake --build /root/inblue_ws/build/cspc_lidar -- -j20 -l20
[0.616s] Level 1:colcon.colcon_core.environment:create_environment_scripts_only(my_bot)
[0.617s] Level 1:colcon.colcon_core.environment:checking '/root/inblue_ws/install/my_bot' for CMake module files
[0.618s] Level 1:colcon.colcon_core.environment:checking '/root/inblue_ws/install/my_bot' for CMake config files
[0.618s] Level 1:colcon.colcon_core.shell:create_environment_hook('my_bot', 'cmake_prefix_path')
[0.618s] INFO:colcon.colcon_core.shell:Creating environment hook '/root/inblue_ws/install/my_bot/share/my_bot/hook/cmake_prefix_path.ps1'
[0.619s] INFO:colcon.colcon_core.shell:Creating environment descriptor '/root/inblue_ws/install/my_bot/share/my_bot/hook/cmake_prefix_path.dsv'
[0.619s] INFO:colcon.colcon_core.shell:Creating environment hook '/root/inblue_ws/install/my_bot/share/my_bot/hook/cmake_prefix_path.sh'
[0.620s] Level 1:colcon.colcon_core.environment:checking '/root/inblue_ws/install/my_bot/bin'
[0.620s] Level 1:colcon.colcon_core.environment:checking '/root/inblue_ws/install/my_bot/lib/pkgconfig/my_bot.pc'
[0.620s] Level 1:colcon.colcon_core.environment:checking '/root/inblue_ws/install/my_bot/lib/python3.10/site-packages'
[0.620s] Level 1:colcon.colcon_core.environment:checking '/root/inblue_ws/install/my_bot/bin'
[0.620s] INFO:colcon.colcon_core.shell:Creating package script '/root/inblue_ws/install/my_bot/share/my_bot/package.ps1'
[0.621s] INFO:colcon.colcon_core.shell:Creating package descriptor '/root/inblue_ws/install/my_bot/share/my_bot/package.dsv'
[0.621s] INFO:colcon.colcon_core.shell:Creating package script '/root/inblue_ws/install/my_bot/share/my_bot/package.sh'
[0.622s] INFO:colcon.colcon_core.shell:Creating package script '/root/inblue_ws/install/my_bot/share/my_bot/package.bash'
[0.622s] INFO:colcon.colcon_core.shell:Creating package script '/root/inblue_ws/install/my_bot/share/my_bot/package.zsh'
[0.622s] Level 1:colcon.colcon_core.environment:create_file_with_runtime_dependencies(/root/inblue_ws/install/my_bot/share/colcon-core/packages/my_bot)
[0.641s] DEBUG:colcon.colcon_core.event_handler.log_command:Invoking command in '/root/inblue_ws/build/cspc_lidar': /usr/bin/cmake --install /root/inblue_ws/build/cspc_lidar
[0.665s] Level 1:colcon.colcon_core.environment:create_environment_scripts_only(cspc_lidar)
[0.665s] Level 1:colcon.colcon_core.environment:checking '/root/inblue_ws/install/cspc_lidar' for CMake module files
[0.666s] DEBUG:colcon.colcon_core.event_handler.log_command:Invoked command in '/root/inblue_ws/build/cspc_lidar' returned '0': /usr/bin/cmake --install /root/inblue_ws/build/cspc_lidar
[0.667s] Level 1:colcon.colcon_core.environment:checking '/root/inblue_ws/install/cspc_lidar' for CMake config files
[0.667s] Level 1:colcon.colcon_core.shell:create_environment_hook('cspc_lidar', 'cmake_prefix_path')
[0.668s] INFO:colcon.colcon_core.shell:Creating environment hook '/root/inblue_ws/install/cspc_lidar/share/cspc_lidar/hook/cmake_prefix_path.ps1'
[0.668s] INFO:colcon.colcon_core.shell:Creating environment descriptor '/root/inblue_ws/install/cspc_lidar/share/cspc_lidar/hook/cmake_prefix_path.dsv'
[0.669s] INFO:colcon.colcon_core.shell:Creating environment hook '/root/inblue_ws/install/cspc_lidar/share/cspc_lidar/hook/cmake_prefix_path.sh'
[0.669s] Level 1:colcon.colcon_core.environment:checking '/root/inblue_ws/install/cspc_lidar/lib'
[0.669s] Level 1:colcon.colcon_core.environment:checking '/root/inblue_ws/install/cspc_lidar/bin'
[0.669s] Level 1:colcon.colcon_core.environment:checking '/root/inblue_ws/install/cspc_lidar/lib/pkgconfig/cspc_lidar.pc'
[0.670s] Level 1:colcon.colcon_core.environment:checking '/root/inblue_ws/install/cspc_lidar/lib/python3.10/site-packages'
[0.670s] Level 1:colcon.colcon_core.environment:checking '/root/inblue_ws/install/cspc_lidar/bin'
[0.670s] INFO:colcon.colcon_core.shell:Creating package script '/root/inblue_ws/install/cspc_lidar/share/cspc_lidar/package.ps1'
[0.671s] INFO:colcon.colcon_core.shell:Creating package descriptor '/root/inblue_ws/install/cspc_lidar/share/cspc_lidar/package.dsv'
[0.671s] INFO:colcon.colcon_core.shell:Creating package script '/root/inblue_ws/install/cspc_lidar/share/cspc_lidar/package.sh'
[0.671s] INFO:colcon.colcon_core.shell:Creating package script '/root/inblue_ws/install/cspc_lidar/share/cspc_lidar/package.bash'
[0.672s] INFO:colcon.colcon_core.shell:Creating package script '/root/inblue_ws/install/cspc_lidar/share/cspc_lidar/package.zsh'
[0.672s] Level 1:colcon.colcon_core.environment:create_file_with_runtime_dependencies(/root/inblue_ws/install/cspc_lidar/share/colcon-core/packages/cspc_lidar)
[0.702s] Level 1:colcon.colcon_core.environment:create_environment_scripts_only(cspc_lidar)
[0.702s] Level 1:colcon.colcon_core.environment:checking '/root/inblue_ws/install/cspc_lidar' for CMake module files
[0.702s] Level 1:colcon.colcon_core.environment:checking '/root/inblue_ws/install/cspc_lidar' for CMake config files
[0.703s] Level 1:colcon.colcon_core.shell:create_environment_hook('cspc_lidar', 'cmake_prefix_path')
[0.703s] INFO:colcon.colcon_core.shell:Creating environment hook '/root/inblue_ws/install/cspc_lidar/share/cspc_lidar/hook/cmake_prefix_path.ps1'
[0.704s] INFO:colcon.colcon_core.shell:Creating environment descriptor '/root/inblue_ws/install/cspc_lidar/share/cspc_lidar/hook/cmake_prefix_path.dsv'
[0.704s] INFO:colcon.colcon_core.shell:Creating environment hook '/root/inblue_ws/install/cspc_lidar/share/cspc_lidar/hook/cmake_prefix_path.sh'
[0.704s] Level 1:colcon.colcon_core.environment:checking '/root/inblue_ws/install/cspc_lidar/lib'
[0.705s] Level 1:colcon.colcon_core.environment:checking '/root/inblue_ws/install/cspc_lidar/bin'
[0.705s] Level 1:colcon.colcon_core.environment:checking '/root/inblue_ws/install/cspc_lidar/lib/pkgconfig/cspc_lidar.pc'
[0.705s] Level 1:colcon.colcon_core.environment:checking '/root/inblue_ws/install/cspc_lidar/lib/python3.10/site-packages'
[0.705s] Level 1:colcon.colcon_core.environment:checking '/root/inblue_ws/install/cspc_lidar/bin'
[0.706s] INFO:colcon.colcon_core.shell:Creating package script '/root/inblue_ws/install/cspc_lidar/share/cspc_lidar/package.ps1'
[0.706s] INFO:colcon.colcon_core.shell:Creating package descriptor '/root/inblue_ws/install/cspc_lidar/share/cspc_lidar/package.dsv'
[0.707s] INFO:colcon.colcon_core.shell:Creating package script '/root/inblue_ws/install/cspc_lidar/share/cspc_lidar/package.sh'
[0.707s] INFO:colcon.colcon_core.shell:Creating package script '/root/inblue_ws/install/cspc_lidar/share/cspc_lidar/package.bash'
[0.707s] INFO:colcon.colcon_core.shell:Creating package script '/root/inblue_ws/install/cspc_lidar/share/cspc_lidar/package.zsh'
[0.708s] Level 1:colcon.colcon_core.environment:create_file_with_runtime_dependencies(/root/inblue_ws/install/cspc_lidar/share/colcon-core/packages/cspc_lidar)
[0.708s] DEBUG:colcon.colcon_parallel_executor.executor.parallel:closing loop
[0.708s] DEBUG:colcon.colcon_parallel_executor.executor.parallel:loop closed
[0.708s] DEBUG:colcon.colcon_parallel_executor.executor.parallel:run_until_complete finished with '0'
[0.709s] DEBUG:colcon.colcon_core.event_reactor:joining thread
[0.778s] INFO:colcon.colcon_core.plugin_system:Skipping extension 'colcon_notification.desktop_notification.notify_send': Could not find 'notify-send'
[0.778s] INFO:colcon.colcon_core.plugin_system:Skipping extension 'colcon_notification.desktop_notification.terminal_notifier': Not used on non-Darwin systems
[0.778s] INFO:colcon.colcon_core.plugin_system:Skipping extension 'colcon_notification.desktop_notification.win32': Not used on non-Windows systems
[0.778s] INFO:colcon.colcon_notification.desktop_notification:Sending desktop notification using 'notify2'
[0.778s] DEBUG:colcon.colcon_notification.desktop_notification.notify2:Failed to initialize notify2: org.freedesktop.DBus.Error.FileNotFound: Failed to connect to socket /run/user/0/bus: No such file or directory
[0.778s] DEBUG:colcon.colcon_core.event_reactor:joined thread
[0.779s] INFO:colcon.colcon_core.shell:Creating prefix script '/root/inblue_ws/install/local_setup.ps1'
[0.780s] INFO:colcon.colcon_core.shell:Creating prefix util module '/root/inblue_ws/install/_local_setup_util_ps1.py'
[0.781s] INFO:colcon.colcon_core.shell:Creating prefix chain script '/root/inblue_ws/install/setup.ps1'
[0.782s] INFO:colcon.colcon_core.shell:Creating prefix script '/root/inblue_ws/install/local_setup.sh'
[0.783s] INFO:colcon.colcon_core.shell:Creating prefix util module '/root/inblue_ws/install/_local_setup_util_sh.py'
[0.784s] INFO:colcon.colcon_core.shell:Creating prefix chain script '/root/inblue_ws/install/setup.sh'
[0.786s] INFO:colcon.colcon_core.shell:Creating prefix script '/root/inblue_ws/install/local_setup.bash'
[0.787s] INFO:colcon.colcon_core.shell:Creating prefix chain script '/root/inblue_ws/install/setup.bash'
[0.787s] INFO:colcon.colcon_core.shell:Creating prefix script '/root/inblue_ws/install/local_setup.zsh'
[0.788s] INFO:colcon.colcon_core.shell:Creating prefix chain script '/root/inblue_ws/install/setup.zsh'
