[0.014s] Invoking command in '/root/inblue_ws/build/slam_toolbox': CMAKE_PREFIX_PATH=/opt/ros/humble /usr/bin/cmake /root/inblue_ws/src/slam_toolbox -DAMENT_CMAKE_SYMLINK_INSTALL=1 -DCMAKE_INSTALL_PREFIX=/root/inblue_ws/install/slam_toolbox
[0.020s] -- Found ament_cmake: 1.3.6 (/opt/ros/humble/share/ament_cmake/cmake)
[0.120s] -- Override CMake install command with custom implementation using symlinks instead of copying resources
[0.133s] -- Found message_filters: 4.3.3 (/opt/ros/humble/share/message_filters/cmake)
[0.278s] -- Found rosidl_generator_c: 3.1.5 (/opt/ros/humble/share/rosidl_generator_c/cmake)
[0.280s] -- Found rosidl_adapter: 3.1.5 (/opt/ros/humble/share/rosidl_adapter/cmake)
[0.287s] -- Found rosidl_generator_cpp: 3.1.5 (/opt/ros/humble/share/rosidl_generator_cpp/cmake)
[0.299s] -- Using all available rosidl_typesupport_c: rosidl_typesupport_fastrtps_c;rosidl_typesupport_introspection_c
[0.313s] -- Using all available rosidl_typesupport_cpp: rosidl_typesupport_fastrtps_cpp;rosidl_typesupport_introspection_cpp
[0.362s] -- Found rmw_implementation_cmake: 6.1.1 (/opt/ros/humble/share/rmw_implementation_cmake/cmake)
[0.364s] -- Found rmw_fastrtps_cpp: 6.2.5 (/opt/ros/humble/share/rmw_fastrtps_cpp/cmake)
[10.499s] -- Using RMW implementation 'rmw_fastrtps_cpp' as default
[10.629s] -- Found nav_msgs: 4.2.3 (/opt/ros/humble/share/nav_msgs/cmake)
[10.716s] -- Found sensor_msgs: 4.2.3 (/opt/ros/humble/share/sensor_msgs/cmake)
[10.772s] -- Found tf2: 0.25.5 (/opt/ros/humble/share/tf2/cmake)
[10.778s] -- Found tf2_ros: 0.25.5 (/opt/ros/humble/share/tf2_ros/cmake)
[11.012s] -- Found visualization_msgs: 4.2.3 (/opt/ros/humble/share/visualization_msgs/cmake)
[11.094s] -- Found pluginlib: 5.1.0 (/opt/ros/humble/share/pluginlib/cmake)
[12.443s] -- Found tf2_geometry_msgs: 0.25.5 (/opt/ros/humble/share/tf2_geometry_msgs/cmake)
[12.448s] -- Found eigen3_cmake_module: 0.1.1 (/opt/ros/humble/share/eigen3_cmake_module/cmake)
[12.449s] -- Ensuring Eigen3 include directory is part of orocos-kdl CMake target
[12.456s] -- Found tf2_sensor_msgs: 0.25.5 (/opt/ros/humble/share/tf2_sensor_msgs/cmake)
[12.469s] -- Found std_srvs: 4.2.3 (/opt/ros/humble/share/std_srvs/cmake)
[12.485s] -- Found rosidl_default_generators: 1.2.0 (/opt/ros/humble/share/rosidl_default_generators/cmake)
[12.492s] -- Found rviz_common: 11.2.9 (/opt/ros/humble/share/rviz_common/cmake)
[12.567s] -- Setting OGRE_DIR to: '/opt/ros/humble/share/rviz_ogre_vendor/cmake/../../../opt/rviz_ogre_vendor/lib/OGRE/cmake'
[12.570s] -- Found OGRE
[12.570s] --   static     : OFF
[12.570s] --   components : HLMS;MeshLodGenerator;Overlay;Paging;Property;RTShaderSystem;Terrain;Volume
[12.570s] --   plugins    : Plugin_BSPSceneManager;Plugin_OctreeSceneManager;Plugin_PCZSceneManager;Plugin_ParticleFX;RenderSystem_GL;RenderSystem_GL3Plus;Codec_STBI
[12.570s] --   media      : /opt/ros/humble/opt/rviz_ogre_vendor/share/OGRE/Media
[12.570s] -- OGRE_LIBRARIES: OgreHLMS;OgreMeshLodGenerator;OgreOverlay;OgrePaging;OgreProperty;OgreRTShaderSystem;OgreTerrain;OgreVolume;OgreMain
[12.570s] -- OGRE_LIBRARY_DIRS: /opt/ros/humble/opt/rviz_ogre_vendor/lib
[12.570s] -- OGRE_PLUGINS: Plugin_BSPSceneManager;Plugin_OctreeSceneManager;Plugin_PCZSceneManager;Plugin_ParticleFX;RenderSystem_GL;RenderSystem_GL3Plus;Codec_STBI
[12.570s] -- OGRE_PLUGIN_DIR: /opt/ros/humble/opt/rviz_ogre_vendor/lib/OGRE
[12.570s] -- rviz_ogre_vendor::OgreOverlay for IMPORTED_LOCATION_RELEASE: /opt/ros/humble/opt/rviz_ogre_vendor/lib/libOgreOverlay.so
[12.570s] -- rviz_ogre_vendor::OgreOverlay for IMPORTED_LOCATION_DEBUG: /opt/ros/humble/opt/rviz_ogre_vendor/lib/libOgreOverlay.so
[12.570s] -- rviz_ogre_vendor::OgreMain for IMPORTED_LOCATION_RELEASE: /opt/ros/humble/opt/rviz_ogre_vendor/lib/libOgreMain.so
[12.570s] -- rviz_ogre_vendor::OgreMain for IMPORTED_LOCATION_DEBUG: /opt/ros/humble/opt/rviz_ogre_vendor/lib/libOgreMain.so
[13.898s] -- rviz_ogre_vendor::RenderSystem_GL for IMPORTED_LOCATION_RELEASE: _render_system_gl_static_library_abs-NOTFOUND
[13.899s] -- rviz_ogre_vendor::RenderSystem_GL for IMPORTED_LOCATION_DEBUG: _render_system_gl_static_library_abs-NOTFOUND
[17.604s] -- library: /usr/lib/x86_64-linux-gnu/libcurl.so
[17.651s] -- Found rviz_default_plugins: 11.2.9 (/opt/ros/humble/share/rviz_default_plugins/cmake)
[22.191s] -- Looking for dgemm_
[22.334s] -- Looking for dgemm_ - found
[22.334s] -- Found BLAS: /usr/lib/x86_64-linux-gnu/libblas.so;/usr/lib/x86_64-linux-gnu/libf77blas.so;/usr/lib/x86_64-linux-gnu/libatlas.so  
[22.775s] -- Found LAPACK: /usr/lib/x86_64-linux-gnu/liblapack.so;/usr/lib/x86_64-linux-gnu/libblas.so;/usr/lib/x86_64-linux-gnu/libf77blas.so;/usr/lib/x86_64-linux-gnu/libatlas.so  
[22.778s] -- Found required Ceres dependency: Eigen version 3.4.0 in /usr/include/eigen3
[22.780s] -- Found required Ceres dependency: glog
[22.781s] -- Found required Ceres dependency: gflags
[22.781s] -- Found Ceres version: 2.0.0 installed in: /usr with components: [EigenSparse, SparseLinearAlgebraLibrary, LAPACK, SuiteSparse, CXSparse, SchurSpecializations, Multithreading]
[23.059s] -- Found ament_cmake_ros: 0.10.0 (/opt/ros/humble/share/ament_cmake_ros/cmake)
[23.369s] -- Using all available rosidl_typesupport_c: rosidl_typesupport_fastrtps_c;rosidl_typesupport_introspection_c
[23.488s] -- Using all available rosidl_typesupport_cpp: rosidl_typesupport_fastrtps_cpp;rosidl_typesupport_introspection_cpp
[23.606s] -- Found PythonInterp: /usr/bin/python3 (found suitable version "3.10.12", minimum required is "3.6") 
[23.609s] -- Found python_cmake_module: 0.10.0 (/opt/ros/humble/share/python_cmake_module/cmake)
[23.845s] -- Found PythonLibs: /usr/lib/x86_64-linux-gnu/libpython3.10.so (found suitable version "3.10.12", minimum required is "3.5") 
[23.845s] -- Using PYTHON_EXECUTABLE: /usr/bin/python3
[23.845s] -- Using PYTHON_INCLUDE_DIRS: /usr/include/python3.10
[23.845s] -- Using PYTHON_LIBRARIES: /usr/lib/x86_64-linux-gnu/libpython3.10.so
[23.857s] -- Found PythonExtra: .so  
[24.014s] -- Configuring done
[24.165s] -- Generating done
[24.167s] -- Build files have been written to: /root/inblue_ws/build/slam_toolbox
[24.181s] Invoked command in '/root/inblue_ws/build/slam_toolbox' returned '0': CMAKE_PREFIX_PATH=/opt/ros/humble /usr/bin/cmake /root/inblue_ws/src/slam_toolbox -DAMENT_CMAKE_SYMLINK_INSTALL=1 -DCMAKE_INSTALL_PREFIX=/root/inblue_ws/install/slam_toolbox
[24.182s] Invoking command in '/root/inblue_ws/build/slam_toolbox': CMAKE_PREFIX_PATH=/opt/ros/humble /usr/bin/cmake --build /root/inblue_ws/build/slam_toolbox -- -j20 -l20
[24.209s] [  1%] [34m[1mGenerating C code for ROS interfaces[0m
[24.213s] [  1%] [32mBuilding CXX object lib/karto_sdk/CMakeFiles/kartoSlamToolbox.dir/src/Karto.cpp.o[0m
[24.213s] [  2%] [34m[1mGenerating C++ code for ROS interfaces[0m
[24.214s] [  3%] [32mBuilding CXX object lib/karto_sdk/CMakeFiles/kartoSlamToolbox.dir/src/Mapper.cpp.o[0m
[24.219s] [  3%] Built target ament_cmake_python_symlink_slam_toolbox
[24.389s] running egg_info
[24.391s] creating slam_toolbox.egg-info
[24.392s] writing slam_toolbox.egg-info/PKG-INFO
[24.392s] writing dependency_links to slam_toolbox.egg-info/dependency_links.txt
[24.392s] writing top-level names to slam_toolbox.egg-info/top_level.txt
[24.393s] writing manifest file 'slam_toolbox.egg-info/SOURCES.txt'
[24.396s] reading manifest file 'slam_toolbox.egg-info/SOURCES.txt'
[24.396s] writing manifest file 'slam_toolbox.egg-info/SOURCES.txt'
[24.418s] [  3%] Built target ament_cmake_python_build_slam_toolbox_egg
[25.072s] [  3%] Built target slam_toolbox__cpp
[25.080s] [  3%] [34m[1mGenerating C++ type support dispatch for ROS interfaces[0m
[25.080s] [  5%] [34m[1mGenerating C++ type support for eProsima Fast-RTPS[0m
[25.080s] [  5%] [34m[1mGenerating C++ introspection for ROS interfaces[0m
[25.125s] [  5%] [32mBuilding C object CMakeFiles/slam_toolbox__rosidl_generator_c.dir/rosidl_generator_c/slam_toolbox/srv/detail/deserialize_pose_graph__functions.c.o[0m
[25.126s] [  6%] [32mBuilding C object CMakeFiles/slam_toolbox__rosidl_generator_c.dir/rosidl_generator_c/slam_toolbox/srv/detail/add_submap__functions.c.o[0m
[25.126s] [  7%] [32mBuilding C object CMakeFiles/slam_toolbox__rosidl_generator_c.dir/rosidl_generator_c/slam_toolbox/srv/detail/serialize_pose_graph__functions.c.o[0m
[25.126s] [  8%] [32mBuilding C object CMakeFiles/slam_toolbox__rosidl_generator_c.dir/rosidl_generator_c/slam_toolbox/srv/detail/toggle_interactive__functions.c.o[0m
[25.126s] [ 10%] [32mBuilding C object CMakeFiles/slam_toolbox__rosidl_generator_c.dir/rosidl_generator_c/slam_toolbox/srv/detail/pause__functions.c.o[0m
[25.126s] [ 10%] [32mBuilding C object CMakeFiles/slam_toolbox__rosidl_generator_c.dir/rosidl_generator_c/slam_toolbox/srv/detail/merge_maps__functions.c.o[0m
[25.127s] [ 10%] [32mBuilding C object CMakeFiles/slam_toolbox__rosidl_generator_c.dir/rosidl_generator_c/slam_toolbox/srv/detail/loop_closure__functions.c.o[0m
[25.127s] [ 10%] [32mBuilding C object CMakeFiles/slam_toolbox__rosidl_generator_c.dir/rosidl_generator_c/slam_toolbox/srv/detail/clear_queue__functions.c.o[0m
[25.127s] [ 11%] [32mBuilding C object CMakeFiles/slam_toolbox__rosidl_generator_c.dir/rosidl_generator_c/slam_toolbox/srv/detail/save_map__functions.c.o[0m
[25.127s] [ 12%] [32mBuilding C object CMakeFiles/slam_toolbox__rosidl_generator_c.dir/rosidl_generator_c/slam_toolbox/srv/detail/clear__functions.c.o[0m
[25.284s] [ 13%] [32m[1mLinking C shared library libslam_toolbox__rosidl_generator_c.so[0m
[25.400s] [ 13%] Built target slam_toolbox__rosidl_generator_c
[25.407s] [ 15%] [34m[1mGenerating C introspection for ROS interfaces[0m
[25.407s] [ 15%] [34m[1mGenerating C type support for eProsima Fast-RTPS[0m
[25.407s] [ 15%] [34m[1mGenerating C type support dispatch for ROS interfaces[0m
[25.768s] [ 15%] [32mBuilding CXX object CMakeFiles/slam_toolbox__rosidl_typesupport_cpp.dir/rosidl_typesupport_cpp/slam_toolbox/srv/clear__type_support.cpp.o[0m
[25.768s] [ 16%] [32mBuilding CXX object CMakeFiles/slam_toolbox__rosidl_typesupport_cpp.dir/rosidl_typesupport_cpp/slam_toolbox/srv/pause__type_support.cpp.o[0m
[25.768s] [ 17%] [32mBuilding CXX object CMakeFiles/slam_toolbox__rosidl_typesupport_cpp.dir/rosidl_typesupport_cpp/slam_toolbox/srv/loop_closure__type_support.cpp.o[0m
[25.770s] [ 18%] [32mBuilding CXX object CMakeFiles/slam_toolbox__rosidl_typesupport_cpp.dir/rosidl_typesupport_cpp/slam_toolbox/srv/clear_queue__type_support.cpp.o[0m
[25.770s] [ 19%] [32mBuilding CXX object CMakeFiles/slam_toolbox__rosidl_typesupport_cpp.dir/rosidl_typesupport_cpp/slam_toolbox/srv/toggle_interactive__type_support.cpp.o[0m
[25.770s] [ 21%] [32mBuilding CXX object CMakeFiles/slam_toolbox__rosidl_typesupport_cpp.dir/rosidl_typesupport_cpp/slam_toolbox/srv/deserialize_pose_graph__type_support.cpp.o[0m
[25.771s] [ 21%] [32mBuilding CXX object CMakeFiles/slam_toolbox__rosidl_typesupport_cpp.dir/rosidl_typesupport_cpp/slam_toolbox/srv/save_map__type_support.cpp.o[0m
[25.772s] [ 23%] [32mBuilding CXX object CMakeFiles/slam_toolbox__rosidl_typesupport_cpp.dir/rosidl_typesupport_cpp/slam_toolbox/srv/serialize_pose_graph__type_support.cpp.o[0m
[25.772s] [ 23%] [32mBuilding CXX object CMakeFiles/slam_toolbox__rosidl_typesupport_cpp.dir/rosidl_typesupport_cpp/slam_toolbox/srv/add_submap__type_support.cpp.o[0m
[25.772s] [ 23%] [32mBuilding CXX object CMakeFiles/slam_toolbox__rosidl_typesupport_cpp.dir/rosidl_typesupport_cpp/slam_toolbox/srv/merge_maps__type_support.cpp.o[0m
[26.083s] [ 24%] [32mBuilding CXX object CMakeFiles/slam_toolbox__rosidl_typesupport_introspection_cpp.dir/rosidl_typesupport_introspection_cpp/slam_toolbox/srv/detail/clear_queue__type_support.cpp.o[0m
[26.087s] [ 24%] [32mBuilding CXX object CMakeFiles/slam_toolbox__rosidl_typesupport_introspection_cpp.dir/rosidl_typesupport_introspection_cpp/slam_toolbox/srv/detail/pause__type_support.cpp.o[0m
[26.088s] [ 24%] [32mBuilding CXX object CMakeFiles/slam_toolbox__rosidl_typesupport_introspection_cpp.dir/rosidl_typesupport_introspection_cpp/slam_toolbox/srv/detail/clear__type_support.cpp.o[0m
[26.089s] [ 25%] [32mBuilding CXX object CMakeFiles/slam_toolbox__rosidl_typesupport_introspection_cpp.dir/rosidl_typesupport_introspection_cpp/slam_toolbox/srv/detail/toggle_interactive__type_support.cpp.o[0m
[26.229s] [ 26%] [32mBuilding CXX object CMakeFiles/slam_toolbox__rosidl_typesupport_introspection_cpp.dir/rosidl_typesupport_introspection_cpp/slam_toolbox/srv/detail/loop_closure__type_support.cpp.o[0m
[26.236s] [ 27%] [32mBuilding CXX object CMakeFiles/slam_toolbox__rosidl_typesupport_introspection_cpp.dir/rosidl_typesupport_introspection_cpp/slam_toolbox/srv/detail/save_map__type_support.cpp.o[0m
[26.239s] [ 27%] [32mBuilding CXX object CMakeFiles/slam_toolbox__rosidl_typesupport_introspection_cpp.dir/rosidl_typesupport_introspection_cpp/slam_toolbox/srv/detail/add_submap__type_support.cpp.o[0m
[26.244s] [ 28%] [32mBuilding CXX object CMakeFiles/slam_toolbox__rosidl_typesupport_introspection_cpp.dir/rosidl_typesupport_introspection_cpp/slam_toolbox/srv/detail/merge_maps__type_support.cpp.o[0m
[26.248s] [ 29%] [32mBuilding CXX object CMakeFiles/slam_toolbox__rosidl_typesupport_introspection_cpp.dir/rosidl_typesupport_introspection_cpp/slam_toolbox/srv/detail/deserialize_pose_graph__type_support.cpp.o[0m
[26.249s] [ 30%] [32mBuilding CXX object CMakeFiles/slam_toolbox__rosidl_typesupport_introspection_cpp.dir/rosidl_typesupport_introspection_cpp/slam_toolbox/srv/detail/serialize_pose_graph__type_support.cpp.o[0m
[26.261s] [ 31%] [32mBuilding CXX object CMakeFiles/slam_toolbox__rosidl_typesupport_c.dir/rosidl_typesupport_c/slam_toolbox/srv/pause__type_support.cpp.o[0m
[26.282s] [ 32%] [32mBuilding CXX object CMakeFiles/slam_toolbox__rosidl_typesupport_c.dir/rosidl_typesupport_c/slam_toolbox/srv/clear_queue__type_support.cpp.o[0m
[26.289s] [ 33%] [32mBuilding CXX object CMakeFiles/slam_toolbox__rosidl_typesupport_c.dir/rosidl_typesupport_c/slam_toolbox/srv/toggle_interactive__type_support.cpp.o[0m
[26.292s] [ 33%] [32mBuilding CXX object CMakeFiles/slam_toolbox__rosidl_typesupport_c.dir/rosidl_typesupport_c/slam_toolbox/srv/clear__type_support.cpp.o[0m
[26.307s] [ 33%] [32m[1mLinking CXX shared library libslam_toolbox__rosidl_typesupport_cpp.so[0m
[26.312s] [ 34%] [32mBuilding CXX object CMakeFiles/slam_toolbox__rosidl_typesupport_c.dir/rosidl_typesupport_c/slam_toolbox/srv/save_map__type_support.cpp.o[0m
[26.334s] [ 34%] [32mBuilding CXX object CMakeFiles/slam_toolbox__rosidl_typesupport_c.dir/rosidl_typesupport_c/slam_toolbox/srv/merge_maps__type_support.cpp.o[0m
[26.334s] [ 35%] [32mBuilding CXX object CMakeFiles/slam_toolbox__rosidl_typesupport_c.dir/rosidl_typesupport_c/slam_toolbox/srv/loop_closure__type_support.cpp.o[0m
[26.338s] [ 36%] [32mBuilding CXX object CMakeFiles/slam_toolbox__rosidl_typesupport_c.dir/rosidl_typesupport_c/slam_toolbox/srv/add_submap__type_support.cpp.o[0m
[26.370s] [ 37%] [32mBuilding CXX object CMakeFiles/slam_toolbox__rosidl_typesupport_c.dir/rosidl_typesupport_c/slam_toolbox/srv/deserialize_pose_graph__type_support.cpp.o[0m
[26.381s] [ 38%] [32mBuilding CXX object CMakeFiles/slam_toolbox__rosidl_typesupport_c.dir/rosidl_typesupport_c/slam_toolbox/srv/serialize_pose_graph__type_support.cpp.o[0m
[26.429s] [ 38%] [32m[1mLinking CXX shared library libslam_toolbox__rosidl_typesupport_c.so[0m
[26.442s] [ 39%] [32mBuilding CXX object CMakeFiles/slam_toolbox__rosidl_typesupport_fastrtps_cpp.dir/rosidl_typesupport_fastrtps_cpp/slam_toolbox/srv/detail/dds_fastrtps/pause__type_support.cpp.o[0m
[26.445s] [ 39%] [32mBuilding CXX object CMakeFiles/slam_toolbox__rosidl_typesupport_fastrtps_cpp.dir/rosidl_typesupport_fastrtps_cpp/slam_toolbox/srv/detail/dds_fastrtps/clear_queue__type_support.cpp.o[0m
[26.446s] [ 40%] [32mBuilding CXX object CMakeFiles/slam_toolbox__rosidl_typesupport_fastrtps_cpp.dir/rosidl_typesupport_fastrtps_cpp/slam_toolbox/srv/detail/dds_fastrtps/toggle_interactive__type_support.cpp.o[0m
[26.448s] [ 41%] [32mBuilding CXX object CMakeFiles/slam_toolbox__rosidl_typesupport_fastrtps_cpp.dir/rosidl_typesupport_fastrtps_cpp/slam_toolbox/srv/detail/dds_fastrtps/clear__type_support.cpp.o[0m
[26.525s] [ 41%] Built target slam_toolbox__rosidl_typesupport_cpp
[26.540s] [ 41%] [34m[1mGenerating rviz_plugin/moc_slam_toolbox_rviz_plugin.cpp[0m
[26.587s] [ 42%] [32mBuilding CXX object CMakeFiles/SlamToolboxPlugin.dir/rviz_plugin/slam_toolbox_rviz_plugin.cpp.o[0m
[26.666s] [ 42%] Built target slam_toolbox__rosidl_typesupport_c
[26.681s] [ 43%] [32mBuilding CXX object CMakeFiles/slam_toolbox__rosidl_typesupport_fastrtps_cpp.dir/rosidl_typesupport_fastrtps_cpp/slam_toolbox/srv/detail/dds_fastrtps/save_map__type_support.cpp.o[0m
[26.804s] [ 44%] [32mBuilding CXX object CMakeFiles/SlamToolboxPlugin.dir/rviz_plugin/moc_slam_toolbox_rviz_plugin.cpp.o[0m
[26.862s] [ 44%] [32mBuilding CXX object CMakeFiles/slam_toolbox__rosidl_typesupport_fastrtps_cpp.dir/rosidl_typesupport_fastrtps_cpp/slam_toolbox/srv/detail/dds_fastrtps/loop_closure__type_support.cpp.o[0m
[26.863s] [ 45%] [32mBuilding CXX object CMakeFiles/slam_toolbox__rosidl_typesupport_fastrtps_cpp.dir/rosidl_typesupport_fastrtps_cpp/slam_toolbox/srv/detail/dds_fastrtps/merge_maps__type_support.cpp.o[0m
[26.883s] [ 45%] [32mBuilding C object CMakeFiles/slam_toolbox__rosidl_typesupport_introspection_c.dir/rosidl_typesupport_introspection_c/slam_toolbox/srv/detail/pause__type_support.c.o[0m
[26.886s] [ 46%] [32mBuilding CXX object CMakeFiles/slam_toolbox__rosidl_typesupport_fastrtps_c.dir/rosidl_typesupport_fastrtps_c/slam_toolbox/srv/detail/pause__type_support_c.cpp.o[0m
[26.890s] [ 47%] [32mBuilding C object CMakeFiles/slam_toolbox__rosidl_typesupport_introspection_c.dir/rosidl_typesupport_introspection_c/slam_toolbox/srv/detail/clear_queue__type_support.c.o[0m
[26.936s] [ 47%] [32mBuilding C object CMakeFiles/slam_toolbox__rosidl_typesupport_introspection_c.dir/rosidl_typesupport_introspection_c/slam_toolbox/srv/detail/clear__type_support.c.o[0m
[26.936s] [ 48%] [32mBuilding C object CMakeFiles/slam_toolbox__rosidl_typesupport_introspection_c.dir/rosidl_typesupport_introspection_c/slam_toolbox/srv/detail/toggle_interactive__type_support.c.o[0m
[26.945s] [ 49%] [32mBuilding C object CMakeFiles/slam_toolbox__rosidl_typesupport_introspection_c.dir/rosidl_typesupport_introspection_c/slam_toolbox/srv/detail/save_map__type_support.c.o[0m
[26.956s] [ 50%] [32mBuilding C object CMakeFiles/slam_toolbox__rosidl_typesupport_introspection_c.dir/rosidl_typesupport_introspection_c/slam_toolbox/srv/detail/loop_closure__type_support.c.o[0m
[26.958s] [ 50%] [32mBuilding C object CMakeFiles/slam_toolbox__rosidl_typesupport_introspection_c.dir/rosidl_typesupport_introspection_c/slam_toolbox/srv/detail/add_submap__type_support.c.o[0m
[26.964s] [ 51%] [32mBuilding C object CMakeFiles/slam_toolbox__rosidl_typesupport_introspection_c.dir/rosidl_typesupport_introspection_c/slam_toolbox/srv/detail/merge_maps__type_support.c.o[0m
[27.003s] [ 52%] [32mBuilding C object CMakeFiles/slam_toolbox__rosidl_typesupport_introspection_c.dir/rosidl_typesupport_introspection_c/slam_toolbox/srv/detail/serialize_pose_graph__type_support.c.o[0m
[27.004s] [ 53%] [32mBuilding C object CMakeFiles/slam_toolbox__rosidl_typesupport_introspection_c.dir/rosidl_typesupport_introspection_c/slam_toolbox/srv/detail/deserialize_pose_graph__type_support.c.o[0m
[27.016s] [ 53%] [32mBuilding CXX object CMakeFiles/slam_toolbox__rosidl_typesupport_fastrtps_c.dir/rosidl_typesupport_fastrtps_c/slam_toolbox/srv/detail/clear_queue__type_support_c.cpp.o[0m
[27.017s] [ 53%] [32m[1mLinking CXX shared library libslam_toolbox__rosidl_typesupport_introspection_cpp.so[0m
[27.023s] [ 54%] [32mBuilding CXX object CMakeFiles/slam_toolbox__rosidl_typesupport_fastrtps_c.dir/rosidl_typesupport_fastrtps_c/slam_toolbox/srv/detail/toggle_interactive__type_support_c.cpp.o[0m
[27.024s] [ 55%] [32mBuilding CXX object CMakeFiles/slam_toolbox__rosidl_typesupport_fastrtps_c.dir/rosidl_typesupport_fastrtps_c/slam_toolbox/srv/detail/clear__type_support_c.cpp.o[0m
[27.031s] [ 56%] [32mBuilding CXX object CMakeFiles/slam_toolbox__rosidl_typesupport_fastrtps_c.dir/rosidl_typesupport_fastrtps_c/slam_toolbox/srv/detail/save_map__type_support_c.cpp.o[0m
[27.035s] [ 56%] [32mBuilding CXX object CMakeFiles/slam_toolbox__rosidl_typesupport_fastrtps_c.dir/rosidl_typesupport_fastrtps_c/slam_toolbox/srv/detail/loop_closure__type_support_c.cpp.o[0m
[27.070s] [ 57%] [32mBuilding CXX object CMakeFiles/slam_toolbox__rosidl_typesupport_fastrtps_c.dir/rosidl_typesupport_fastrtps_c/slam_toolbox/srv/detail/merge_maps__type_support_c.cpp.o[0m
[27.072s] [ 57%] [32m[1mLinking C shared library libslam_toolbox__rosidl_typesupport_introspection_c.so[0m
[27.180s] [ 58%] [32mBuilding CXX object CMakeFiles/slam_toolbox__rosidl_typesupport_fastrtps_cpp.dir/rosidl_typesupport_fastrtps_cpp/slam_toolbox/srv/detail/dds_fastrtps/add_submap__type_support.cpp.o[0m
[27.219s] [ 58%] [32mBuilding CXX object CMakeFiles/slam_toolbox__rosidl_typesupport_fastrtps_cpp.dir/rosidl_typesupport_fastrtps_cpp/slam_toolbox/srv/detail/dds_fastrtps/deserialize_pose_graph__type_support.cpp.o[0m
[27.254s] [ 59%] [32mBuilding CXX object CMakeFiles/slam_toolbox__rosidl_typesupport_fastrtps_cpp.dir/rosidl_typesupport_fastrtps_cpp/slam_toolbox/srv/detail/dds_fastrtps/serialize_pose_graph__type_support.cpp.o[0m
[27.283s] [ 60%] [32mBuilding CXX object CMakeFiles/slam_toolbox__rosidl_typesupport_fastrtps_c.dir/rosidl_typesupport_fastrtps_c/slam_toolbox/srv/detail/add_submap__type_support_c.cpp.o[0m
[27.285s] [ 60%] Built target slam_toolbox__rosidl_typesupport_introspection_c
[27.296s] [ 60%] [32mBuilding CXX object CMakeFiles/slam_toolbox__rosidl_typesupport_fastrtps_c.dir/rosidl_typesupport_fastrtps_c/slam_toolbox/srv/detail/deserialize_pose_graph__type_support_c.cpp.o[0m
[27.310s] [ 60%] Built target slam_toolbox__rosidl_typesupport_introspection_cpp
[27.325s] [ 61%] [32mBuilding CXX object CMakeFiles/slam_toolbox__rosidl_typesupport_fastrtps_c.dir/rosidl_typesupport_fastrtps_c/slam_toolbox/srv/detail/serialize_pose_graph__type_support_c.cpp.o[0m
[27.825s] [ 62%] [32m[1mLinking CXX shared library libslam_toolbox__rosidl_typesupport_fastrtps_c.so[0m
[27.837s] [ 63%] [32m[1mLinking CXX shared library libslam_toolbox__rosidl_typesupport_fastrtps_cpp.so[0m
[27.991s] [ 63%] Built target slam_toolbox__rosidl_typesupport_fastrtps_c
[28.005s] [ 63%] Built target slam_toolbox__rosidl_typesupport_fastrtps_cpp
[28.019s] [ 63%] Built target slam_toolbox
[28.033s] [ 63%] [34m[1mGenerating Python code for ROS interfaces[0m
[29.830s] [ 63%] Built target slam_toolbox__py
[29.847s] [ 63%] [32mBuilding C object CMakeFiles/slam_toolbox__rosidl_generator_py.dir/rosidl_generator_py/slam_toolbox/srv/_clear_queue_s.c.o[0m
[29.847s] [ 64%] [32mBuilding C object CMakeFiles/slam_toolbox__rosidl_generator_py.dir/rosidl_generator_py/slam_toolbox/srv/_clear_s.c.o[0m
[29.848s] [ 65%] [32mBuilding C object CMakeFiles/slam_toolbox__rosidl_generator_py.dir/rosidl_generator_py/slam_toolbox/srv/_loop_closure_s.c.o[0m
[29.848s] [ 65%] [32mBuilding C object CMakeFiles/slam_toolbox__rosidl_generator_py.dir/rosidl_generator_py/slam_toolbox/srv/_save_map_s.c.o[0m
[29.848s] [ 65%] [32mBuilding C object CMakeFiles/slam_toolbox__rosidl_generator_py.dir/rosidl_generator_py/slam_toolbox/srv/_deserialize_pose_graph_s.c.o[0m
[29.848s] [ 67%] [32mBuilding C object CMakeFiles/slam_toolbox__rosidl_generator_py.dir/rosidl_generator_py/slam_toolbox/srv/_pause_s.c.o[0m
[29.849s] [ 67%] [32mBuilding C object CMakeFiles/slam_toolbox__rosidl_generator_py.dir/rosidl_generator_py/slam_toolbox/srv/_toggle_interactive_s.c.o[0m
[29.849s] [ 68%] [32mBuilding C object CMakeFiles/slam_toolbox__rosidl_generator_py.dir/rosidl_generator_py/slam_toolbox/srv/_serialize_pose_graph_s.c.o[0m
[29.849s] [ 69%] [32mBuilding C object CMakeFiles/slam_toolbox__rosidl_generator_py.dir/rosidl_generator_py/slam_toolbox/srv/_merge_maps_s.c.o[0m
[29.849s] [ 70%] [32mBuilding C object CMakeFiles/slam_toolbox__rosidl_generator_py.dir/rosidl_generator_py/slam_toolbox/srv/_add_submap_s.c.o[0m
[30.063s] [ 71%] [32m[1mLinking C shared library rosidl_generator_py/slam_toolbox/libslam_toolbox__rosidl_generator_py.so[0m
[30.215s] [ 71%] Built target slam_toolbox__rosidl_generator_py
[30.227s] [ 72%] [32mBuilding C object CMakeFiles/slam_toolbox__rosidl_typesupport_c__pyext.dir/rosidl_generator_py/slam_toolbox/_slam_toolbox_s.ep.rosidl_typesupport_c.c.o[0m
[30.227s] [ 73%] [32mBuilding C object CMakeFiles/slam_toolbox__rosidl_typesupport_fastrtps_c__pyext.dir/rosidl_generator_py/slam_toolbox/_slam_toolbox_s.ep.rosidl_typesupport_fastrtps_c.c.o[0m
[30.227s] [ 74%] [32mBuilding C object CMakeFiles/slam_toolbox__rosidl_typesupport_introspection_c__pyext.dir/rosidl_generator_py/slam_toolbox/_slam_toolbox_s.ep.rosidl_typesupport_introspection_c.c.o[0m
[30.517s] [ 74%] [32m[1mLinking C shared library rosidl_generator_py/slam_toolbox/slam_toolbox_s__rosidl_typesupport_fastrtps_c.cpython-310-x86_64-linux-gnu.so[0m
[30.535s] [ 75%] [32m[1mLinking C shared library rosidl_generator_py/slam_toolbox/slam_toolbox_s__rosidl_typesupport_c.cpython-310-x86_64-linux-gnu.so[0m
[30.547s] [ 76%] [32m[1mLinking C shared library rosidl_generator_py/slam_toolbox/slam_toolbox_s__rosidl_typesupport_introspection_c.cpython-310-x86_64-linux-gnu.so[0m
[30.656s] [ 76%] Built target slam_toolbox__rosidl_typesupport_fastrtps_c__pyext
[30.675s] [ 76%] Built target slam_toolbox__rosidl_typesupport_c__pyext
[30.675s] [ 76%] Built target slam_toolbox__rosidl_typesupport_introspection_c__pyext
[41.062s] [ 77%] [32m[1mLinking CXX shared library libkartoSlamToolbox.so[0m
[41.677s] [ 77%] Built target kartoSlamToolbox
[41.690s] [ 78%] [32mBuilding CXX object CMakeFiles/ceres_solver_plugin.dir/solvers/ceres_solver.cpp.o[0m
[41.691s] [ 79%] [32mBuilding CXX object CMakeFiles/toolbox_common.dir/src/loop_closure_assistant.cpp.o[0m
[41.691s] [ 79%] [32mBuilding CXX object CMakeFiles/toolbox_common.dir/src/map_saver.cpp.o[0m
[41.691s] [ 80%] [32mBuilding CXX object CMakeFiles/toolbox_common.dir/src/slam_mapper.cpp.o[0m
[41.691s] [ 81%] [32mBuilding CXX object CMakeFiles/toolbox_common.dir/src/laser_utils.cpp.o[0m
[41.691s] [ 82%] [32mBuilding CXX object CMakeFiles/toolbox_common.dir/src/slam_toolbox_common.cpp.o[0m
[44.248s] [ 82%] [32m[1mLinking CXX shared library libSlamToolboxPlugin.so[0m
[45.670s] [ 82%] Built target SlamToolboxPlugin
[55.305s] [ 83%] [32m[1mLinking CXX shared library libceres_solver_plugin.so[0m
[55.683s] [ 83%] Built target ceres_solver_plugin
[68.861s] [ 84%] [32m[1mLinking CXX shared library libtoolbox_common.so[0m
[69.814s] [ 84%] Built target toolbox_common
[69.827s] [ 86%] [32mBuilding CXX object CMakeFiles/async_slam_toolbox.dir/src/slam_toolbox_async.cpp.o[0m
[69.827s] [ 86%] [32mBuilding CXX object CMakeFiles/sync_slam_toolbox.dir/src/slam_toolbox_sync.cpp.o[0m
[69.827s] [ 86%] [32mBuilding CXX object CMakeFiles/localization_slam_toolbox.dir/src/slam_toolbox_localization.cpp.o[0m
[69.827s] [ 87%] [32mBuilding CXX object CMakeFiles/merge_maps_kinematic.dir/src/merge_maps_kinematic.cpp.o[0m
[69.829s] [ 88%] [32mBuilding CXX object CMakeFiles/lifelong_slam_toolbox.dir/src/experimental/slam_toolbox_lifelong.cpp.o[0m
[81.361s] [ 89%] [32m[1mLinking CXX shared library libasync_slam_toolbox.so[0m
[81.815s] [ 89%] Built target async_slam_toolbox
[81.829s] [ 90%] [32mBuilding CXX object CMakeFiles/async_slam_toolbox_node.dir/src/slam_toolbox_async_node.cpp.o[0m
[82.000s] [ 90%] [32m[1mLinking CXX shared library liblifelong_slam_toolbox.so[0m
[82.393s] [ 91%] [32m[1mLinking CXX shared library libsync_slam_toolbox.so[0m
[82.489s] [ 91%] Built target lifelong_slam_toolbox
[82.502s] [ 92%] [32mBuilding CXX object CMakeFiles/lifelong_slam_toolbox_node.dir/src/experimental/slam_toolbox_lifelong_node.cpp.o[0m
[82.859s] [ 92%] Built target sync_slam_toolbox
[82.873s] [ 93%] [32mBuilding CXX object CMakeFiles/sync_slam_toolbox_node.dir/src/slam_toolbox_sync_node.cpp.o[0m
[85.307s] [ 94%] [32m[1mLinking CXX executable merge_maps_kinematic[0m
[85.872s] [ 94%] Built target merge_maps_kinematic
[88.061s] [ 95%] [32m[1mLinking CXX shared library liblocalization_slam_toolbox.so[0m
[88.537s] [ 95%] Built target localization_slam_toolbox
[88.550s] [ 95%] [32mBuilding CXX object CMakeFiles/map_and_localization_slam_toolbox.dir/src/experimental/slam_toolbox_map_and_localization.cpp.o[0m
[88.550s] [ 96%] [32mBuilding CXX object CMakeFiles/localization_slam_toolbox_node.dir/src/slam_toolbox_localization_node.cpp.o[0m
[92.405s] [ 96%] [32m[1mLinking CXX executable async_slam_toolbox_node[0m
[92.890s] [ 96%] Built target async_slam_toolbox_node
[92.950s] [ 97%] [32m[1mLinking CXX executable lifelong_slam_toolbox_node[0m
[93.358s] [ 97%] Built target lifelong_slam_toolbox_node
[93.450s] [ 97%] [32m[1mLinking CXX executable sync_slam_toolbox_node[0m
[93.877s] [ 97%] Built target sync_slam_toolbox_node
[98.163s] [ 98%] [32m[1mLinking CXX executable localization_slam_toolbox_node[0m
[98.473s] [ 98%] Built target localization_slam_toolbox_node
[103.704s] [ 99%] [32m[1mLinking CXX shared library libmap_and_localization_slam_toolbox.so[0m
[104.113s] [ 99%] Built target map_and_localization_slam_toolbox
[104.123s] [100%] [32mBuilding CXX object CMakeFiles/map_and_localization_slam_toolbox_node.dir/src/experimental/slam_toolbox_map_and_localization_node.cpp.o[0m
[112.415s] [100%] [32m[1mLinking CXX executable map_and_localization_slam_toolbox_node[0m
[112.701s] [100%] Built target map_and_localization_slam_toolbox_node
[112.715s] Invoked command in '/root/inblue_ws/build/slam_toolbox' returned '0': CMAKE_PREFIX_PATH=/opt/ros/humble /usr/bin/cmake --build /root/inblue_ws/build/slam_toolbox -- -j20 -l20
[112.853s] Invoking command in '/root/inblue_ws/build/slam_toolbox': CMAKE_PREFIX_PATH=/opt/ros/humble /usr/bin/cmake --install /root/inblue_ws/build/slam_toolbox
[112.857s] -- Install configuration: "Release"
[112.857s] -- Execute custom install script
[112.858s] -- Symlinking: /root/inblue_ws/install/slam_toolbox/include//karto_sdk/Karto.h
[112.862s] -- Symlinking: /root/inblue_ws/install/slam_toolbox/include//karto_sdk/Macros.h
[112.866s] -- Symlinking: /root/inblue_ws/install/slam_toolbox/include//karto_sdk/Mapper.h
[112.870s] -- Symlinking: /root/inblue_ws/install/slam_toolbox/include//karto_sdk/Math.h
[112.874s] -- Symlinking: /root/inblue_ws/install/slam_toolbox/include//karto_sdk/Types.h
[112.878s] -- Symlinking: /root/inblue_ws/install/slam_toolbox/include//karto_sdk/nanoflann.hpp
[112.882s] -- Symlinking: /root/inblue_ws/install/slam_toolbox/include//karto_sdk/nanoflann_adaptors.h
[112.887s] -- Symlinking: /root/inblue_ws/install/slam_toolbox/share/ament_index/resource_index/rosidl_interfaces/slam_toolbox
[112.892s] -- Symlinking: /root/inblue_ws/install/slam_toolbox/include/slam_toolbox/slam_toolbox/msg/rosidl_generator_c__visibility_control.h
[112.897s] -- Symlinking: /root/inblue_ws/install/slam_toolbox/include/slam_toolbox/slam_toolbox/srv/add_submap.h
[112.902s] -- Symlinking: /root/inblue_ws/install/slam_toolbox/include/slam_toolbox/slam_toolbox/srv/clear.h
[112.906s] -- Symlinking: /root/inblue_ws/install/slam_toolbox/include/slam_toolbox/slam_toolbox/srv/clear_queue.h
[112.910s] -- Symlinking: /root/inblue_ws/install/slam_toolbox/include/slam_toolbox/slam_toolbox/srv/deserialize_pose_graph.h
[112.914s] -- Symlinking: /root/inblue_ws/install/slam_toolbox/include/slam_toolbox/slam_toolbox/srv/detail/add_submap__functions.h
[112.919s] -- Symlinking: /root/inblue_ws/install/slam_toolbox/include/slam_toolbox/slam_toolbox/srv/detail/add_submap__struct.h
[112.925s] -- Symlinking: /root/inblue_ws/install/slam_toolbox/include/slam_toolbox/slam_toolbox/srv/detail/add_submap__type_support.h
[112.930s] -- Symlinking: /root/inblue_ws/install/slam_toolbox/include/slam_toolbox/slam_toolbox/srv/detail/clear__functions.h
[112.935s] -- Symlinking: /root/inblue_ws/install/slam_toolbox/include/slam_toolbox/slam_toolbox/srv/detail/clear__struct.h
[112.939s] -- Symlinking: /root/inblue_ws/install/slam_toolbox/include/slam_toolbox/slam_toolbox/srv/detail/clear__type_support.h
[112.943s] -- Symlinking: /root/inblue_ws/install/slam_toolbox/include/slam_toolbox/slam_toolbox/srv/detail/clear_queue__functions.h
[112.947s] -- Symlinking: /root/inblue_ws/install/slam_toolbox/include/slam_toolbox/slam_toolbox/srv/detail/clear_queue__struct.h
[112.951s] -- Symlinking: /root/inblue_ws/install/slam_toolbox/include/slam_toolbox/slam_toolbox/srv/detail/clear_queue__type_support.h
[112.955s] -- Symlinking: /root/inblue_ws/install/slam_toolbox/include/slam_toolbox/slam_toolbox/srv/detail/deserialize_pose_graph__functions.h
[112.959s] -- Symlinking: /root/inblue_ws/install/slam_toolbox/include/slam_toolbox/slam_toolbox/srv/detail/deserialize_pose_graph__struct.h
[112.963s] -- Symlinking: /root/inblue_ws/install/slam_toolbox/include/slam_toolbox/slam_toolbox/srv/detail/deserialize_pose_graph__type_support.h
[112.966s] -- Symlinking: /root/inblue_ws/install/slam_toolbox/include/slam_toolbox/slam_toolbox/srv/detail/loop_closure__functions.h
[112.970s] -- Symlinking: /root/inblue_ws/install/slam_toolbox/include/slam_toolbox/slam_toolbox/srv/detail/loop_closure__struct.h
[112.974s] -- Symlinking: /root/inblue_ws/install/slam_toolbox/include/slam_toolbox/slam_toolbox/srv/detail/loop_closure__type_support.h
[112.978s] -- Symlinking: /root/inblue_ws/install/slam_toolbox/include/slam_toolbox/slam_toolbox/srv/detail/merge_maps__functions.h
[112.983s] -- Symlinking: /root/inblue_ws/install/slam_toolbox/include/slam_toolbox/slam_toolbox/srv/detail/merge_maps__struct.h
[112.987s] -- Symlinking: /root/inblue_ws/install/slam_toolbox/include/slam_toolbox/slam_toolbox/srv/detail/merge_maps__type_support.h
[112.991s] -- Symlinking: /root/inblue_ws/install/slam_toolbox/include/slam_toolbox/slam_toolbox/srv/detail/pause__functions.h
[112.995s] -- Symlinking: /root/inblue_ws/install/slam_toolbox/include/slam_toolbox/slam_toolbox/srv/detail/pause__struct.h
[112.999s] -- Symlinking: /root/inblue_ws/install/slam_toolbox/include/slam_toolbox/slam_toolbox/srv/detail/pause__type_support.h
[113.003s] -- Symlinking: /root/inblue_ws/install/slam_toolbox/include/slam_toolbox/slam_toolbox/srv/detail/save_map__functions.h
[113.008s] -- Symlinking: /root/inblue_ws/install/slam_toolbox/include/slam_toolbox/slam_toolbox/srv/detail/save_map__struct.h
[113.012s] -- Symlinking: /root/inblue_ws/install/slam_toolbox/include/slam_toolbox/slam_toolbox/srv/detail/save_map__type_support.h
[113.016s] -- Symlinking: /root/inblue_ws/install/slam_toolbox/include/slam_toolbox/slam_toolbox/srv/detail/serialize_pose_graph__functions.h
[113.020s] -- Symlinking: /root/inblue_ws/install/slam_toolbox/include/slam_toolbox/slam_toolbox/srv/detail/serialize_pose_graph__struct.h
[113.026s] -- Symlinking: /root/inblue_ws/install/slam_toolbox/include/slam_toolbox/slam_toolbox/srv/detail/serialize_pose_graph__type_support.h
[113.031s] -- Symlinking: /root/inblue_ws/install/slam_toolbox/include/slam_toolbox/slam_toolbox/srv/detail/toggle_interactive__functions.h
[113.036s] -- Symlinking: /root/inblue_ws/install/slam_toolbox/include/slam_toolbox/slam_toolbox/srv/detail/toggle_interactive__struct.h
[113.040s] -- Symlinking: /root/inblue_ws/install/slam_toolbox/include/slam_toolbox/slam_toolbox/srv/detail/toggle_interactive__type_support.h
[113.045s] -- Symlinking: /root/inblue_ws/install/slam_toolbox/include/slam_toolbox/slam_toolbox/srv/loop_closure.h
[113.049s] -- Symlinking: /root/inblue_ws/install/slam_toolbox/include/slam_toolbox/slam_toolbox/srv/merge_maps.h
[113.053s] -- Symlinking: /root/inblue_ws/install/slam_toolbox/include/slam_toolbox/slam_toolbox/srv/pause.h
[113.057s] -- Symlinking: /root/inblue_ws/install/slam_toolbox/include/slam_toolbox/slam_toolbox/srv/save_map.h
[113.061s] -- Symlinking: /root/inblue_ws/install/slam_toolbox/include/slam_toolbox/slam_toolbox/srv/serialize_pose_graph.h
[113.065s] -- Symlinking: /root/inblue_ws/install/slam_toolbox/include/slam_toolbox/slam_toolbox/srv/toggle_interactive.h
[113.069s] -- Symlinking: /root/inblue_ws/install/slam_toolbox/share/slam_toolbox/environment/library_path.sh
[113.073s] -- Symlinking: /root/inblue_ws/install/slam_toolbox/share/slam_toolbox/environment/library_path.dsv
[113.078s] -- Symlinking: /root/inblue_ws/install/slam_toolbox/include/slam_toolbox/slam_toolbox/msg/rosidl_typesupport_fastrtps_c__visibility_control.h
[113.082s] -- Symlinking: /root/inblue_ws/install/slam_toolbox/include/slam_toolbox/slam_toolbox/srv/detail/add_submap__rosidl_typesupport_fastrtps_c.h
[113.086s] -- Symlinking: /root/inblue_ws/install/slam_toolbox/include/slam_toolbox/slam_toolbox/srv/detail/clear__rosidl_typesupport_fastrtps_c.h
[113.090s] -- Symlinking: /root/inblue_ws/install/slam_toolbox/include/slam_toolbox/slam_toolbox/srv/detail/clear_queue__rosidl_typesupport_fastrtps_c.h
[113.094s] -- Symlinking: /root/inblue_ws/install/slam_toolbox/include/slam_toolbox/slam_toolbox/srv/detail/deserialize_pose_graph__rosidl_typesupport_fastrtps_c.h
[113.098s] -- Symlinking: /root/inblue_ws/install/slam_toolbox/include/slam_toolbox/slam_toolbox/srv/detail/loop_closure__rosidl_typesupport_fastrtps_c.h
[113.102s] -- Symlinking: /root/inblue_ws/install/slam_toolbox/include/slam_toolbox/slam_toolbox/srv/detail/merge_maps__rosidl_typesupport_fastrtps_c.h
[113.106s] -- Symlinking: /root/inblue_ws/install/slam_toolbox/include/slam_toolbox/slam_toolbox/srv/detail/pause__rosidl_typesupport_fastrtps_c.h
[113.110s] -- Symlinking: /root/inblue_ws/install/slam_toolbox/include/slam_toolbox/slam_toolbox/srv/detail/save_map__rosidl_typesupport_fastrtps_c.h
[113.114s] -- Symlinking: /root/inblue_ws/install/slam_toolbox/include/slam_toolbox/slam_toolbox/srv/detail/serialize_pose_graph__rosidl_typesupport_fastrtps_c.h
[113.118s] -- Symlinking: /root/inblue_ws/install/slam_toolbox/include/slam_toolbox/slam_toolbox/srv/detail/toggle_interactive__rosidl_typesupport_fastrtps_c.h
[113.123s] -- Symlinking: /root/inblue_ws/install/slam_toolbox/include/slam_toolbox/slam_toolbox/srv/add_submap.hpp
[113.128s] -- Symlinking: /root/inblue_ws/install/slam_toolbox/include/slam_toolbox/slam_toolbox/srv/clear.hpp
[113.132s] -- Symlinking: /root/inblue_ws/install/slam_toolbox/include/slam_toolbox/slam_toolbox/srv/clear_queue.hpp
[113.138s] -- Symlinking: /root/inblue_ws/install/slam_toolbox/include/slam_toolbox/slam_toolbox/srv/deserialize_pose_graph.hpp
[113.142s] -- Symlinking: /root/inblue_ws/install/slam_toolbox/include/slam_toolbox/slam_toolbox/srv/detail/add_submap__builder.hpp
[113.146s] -- Symlinking: /root/inblue_ws/install/slam_toolbox/include/slam_toolbox/slam_toolbox/srv/detail/add_submap__struct.hpp
[113.151s] -- Symlinking: /root/inblue_ws/install/slam_toolbox/include/slam_toolbox/slam_toolbox/srv/detail/add_submap__traits.hpp
[113.155s] -- Symlinking: /root/inblue_ws/install/slam_toolbox/include/slam_toolbox/slam_toolbox/srv/detail/clear__builder.hpp
[113.159s] -- Symlinking: /root/inblue_ws/install/slam_toolbox/include/slam_toolbox/slam_toolbox/srv/detail/clear__struct.hpp
[113.163s] -- Symlinking: /root/inblue_ws/install/slam_toolbox/include/slam_toolbox/slam_toolbox/srv/detail/clear__traits.hpp
[113.167s] -- Symlinking: /root/inblue_ws/install/slam_toolbox/include/slam_toolbox/slam_toolbox/srv/detail/clear_queue__builder.hpp
[113.171s] -- Symlinking: /root/inblue_ws/install/slam_toolbox/include/slam_toolbox/slam_toolbox/srv/detail/clear_queue__struct.hpp
[113.175s] -- Symlinking: /root/inblue_ws/install/slam_toolbox/include/slam_toolbox/slam_toolbox/srv/detail/clear_queue__traits.hpp
[113.179s] -- Symlinking: /root/inblue_ws/install/slam_toolbox/include/slam_toolbox/slam_toolbox/srv/detail/deserialize_pose_graph__builder.hpp
[113.183s] -- Symlinking: /root/inblue_ws/install/slam_toolbox/include/slam_toolbox/slam_toolbox/srv/detail/deserialize_pose_graph__struct.hpp
[113.187s] -- Symlinking: /root/inblue_ws/install/slam_toolbox/include/slam_toolbox/slam_toolbox/srv/detail/deserialize_pose_graph__traits.hpp
[113.191s] -- Symlinking: /root/inblue_ws/install/slam_toolbox/include/slam_toolbox/slam_toolbox/srv/detail/loop_closure__builder.hpp
[113.195s] -- Symlinking: /root/inblue_ws/install/slam_toolbox/include/slam_toolbox/slam_toolbox/srv/detail/loop_closure__struct.hpp
[113.200s] -- Symlinking: /root/inblue_ws/install/slam_toolbox/include/slam_toolbox/slam_toolbox/srv/detail/loop_closure__traits.hpp
[113.204s] -- Symlinking: /root/inblue_ws/install/slam_toolbox/include/slam_toolbox/slam_toolbox/srv/detail/merge_maps__builder.hpp
[113.209s] -- Symlinking: /root/inblue_ws/install/slam_toolbox/include/slam_toolbox/slam_toolbox/srv/detail/merge_maps__struct.hpp
[113.213s] -- Symlinking: /root/inblue_ws/install/slam_toolbox/include/slam_toolbox/slam_toolbox/srv/detail/merge_maps__traits.hpp
[113.217s] -- Symlinking: /root/inblue_ws/install/slam_toolbox/include/slam_toolbox/slam_toolbox/srv/detail/pause__builder.hpp
[113.222s] -- Symlinking: /root/inblue_ws/install/slam_toolbox/include/slam_toolbox/slam_toolbox/srv/detail/pause__struct.hpp
[113.227s] -- Symlinking: /root/inblue_ws/install/slam_toolbox/include/slam_toolbox/slam_toolbox/srv/detail/pause__traits.hpp
[113.232s] -- Symlinking: /root/inblue_ws/install/slam_toolbox/include/slam_toolbox/slam_toolbox/srv/detail/save_map__builder.hpp
[113.237s] -- Symlinking: /root/inblue_ws/install/slam_toolbox/include/slam_toolbox/slam_toolbox/srv/detail/save_map__struct.hpp
[113.242s] -- Symlinking: /root/inblue_ws/install/slam_toolbox/include/slam_toolbox/slam_toolbox/srv/detail/save_map__traits.hpp
[113.246s] -- Symlinking: /root/inblue_ws/install/slam_toolbox/include/slam_toolbox/slam_toolbox/srv/detail/serialize_pose_graph__builder.hpp
[113.250s] -- Symlinking: /root/inblue_ws/install/slam_toolbox/include/slam_toolbox/slam_toolbox/srv/detail/serialize_pose_graph__struct.hpp
[113.254s] -- Symlinking: /root/inblue_ws/install/slam_toolbox/include/slam_toolbox/slam_toolbox/srv/detail/serialize_pose_graph__traits.hpp
[113.258s] -- Symlinking: /root/inblue_ws/install/slam_toolbox/include/slam_toolbox/slam_toolbox/srv/detail/toggle_interactive__builder.hpp
[113.262s] -- Symlinking: /root/inblue_ws/install/slam_toolbox/include/slam_toolbox/slam_toolbox/srv/detail/toggle_interactive__struct.hpp
[113.266s] -- Symlinking: /root/inblue_ws/install/slam_toolbox/include/slam_toolbox/slam_toolbox/srv/detail/toggle_interactive__traits.hpp
[113.270s] -- Symlinking: /root/inblue_ws/install/slam_toolbox/include/slam_toolbox/slam_toolbox/srv/loop_closure.hpp
[113.274s] -- Symlinking: /root/inblue_ws/install/slam_toolbox/include/slam_toolbox/slam_toolbox/srv/merge_maps.hpp
[113.278s] -- Symlinking: /root/inblue_ws/install/slam_toolbox/include/slam_toolbox/slam_toolbox/srv/pause.hpp
[113.282s] -- Symlinking: /root/inblue_ws/install/slam_toolbox/include/slam_toolbox/slam_toolbox/srv/save_map.hpp
[113.286s] -- Symlinking: /root/inblue_ws/install/slam_toolbox/include/slam_toolbox/slam_toolbox/srv/serialize_pose_graph.hpp
[113.290s] -- Symlinking: /root/inblue_ws/install/slam_toolbox/include/slam_toolbox/slam_toolbox/srv/toggle_interactive.hpp
[113.294s] -- Symlinking: /root/inblue_ws/install/slam_toolbox/include/slam_toolbox/slam_toolbox/msg/rosidl_typesupport_fastrtps_cpp__visibility_control.h
[113.298s] -- Symlinking: /root/inblue_ws/install/slam_toolbox/include/slam_toolbox/slam_toolbox/srv/detail/add_submap__rosidl_typesupport_fastrtps_cpp.hpp
[113.301s] -- Symlinking: /root/inblue_ws/install/slam_toolbox/include/slam_toolbox/slam_toolbox/srv/detail/clear__rosidl_typesupport_fastrtps_cpp.hpp
[113.305s] -- Symlinking: /root/inblue_ws/install/slam_toolbox/include/slam_toolbox/slam_toolbox/srv/detail/clear_queue__rosidl_typesupport_fastrtps_cpp.hpp
[113.309s] -- Symlinking: /root/inblue_ws/install/slam_toolbox/include/slam_toolbox/slam_toolbox/srv/detail/deserialize_pose_graph__rosidl_typesupport_fastrtps_cpp.hpp
[113.313s] -- Symlinking: /root/inblue_ws/install/slam_toolbox/include/slam_toolbox/slam_toolbox/srv/detail/loop_closure__rosidl_typesupport_fastrtps_cpp.hpp
[113.317s] -- Symlinking: /root/inblue_ws/install/slam_toolbox/include/slam_toolbox/slam_toolbox/srv/detail/merge_maps__rosidl_typesupport_fastrtps_cpp.hpp
[113.321s] -- Symlinking: /root/inblue_ws/install/slam_toolbox/include/slam_toolbox/slam_toolbox/srv/detail/pause__rosidl_typesupport_fastrtps_cpp.hpp
[113.326s] -- Symlinking: /root/inblue_ws/install/slam_toolbox/include/slam_toolbox/slam_toolbox/srv/detail/save_map__rosidl_typesupport_fastrtps_cpp.hpp
[113.330s] -- Symlinking: /root/inblue_ws/install/slam_toolbox/include/slam_toolbox/slam_toolbox/srv/detail/serialize_pose_graph__rosidl_typesupport_fastrtps_cpp.hpp
[113.334s] -- Symlinking: /root/inblue_ws/install/slam_toolbox/include/slam_toolbox/slam_toolbox/srv/detail/toggle_interactive__rosidl_typesupport_fastrtps_cpp.hpp
[113.338s] -- Symlinking: /root/inblue_ws/install/slam_toolbox/include/slam_toolbox/slam_toolbox/msg/rosidl_typesupport_introspection_c__visibility_control.h
[113.343s] -- Symlinking: /root/inblue_ws/install/slam_toolbox/include/slam_toolbox/slam_toolbox/srv/detail/add_submap__rosidl_typesupport_introspection_c.h
[113.348s] -- Symlinking: /root/inblue_ws/install/slam_toolbox/include/slam_toolbox/slam_toolbox/srv/detail/clear__rosidl_typesupport_introspection_c.h
[113.352s] -- Symlinking: /root/inblue_ws/install/slam_toolbox/include/slam_toolbox/slam_toolbox/srv/detail/clear_queue__rosidl_typesupport_introspection_c.h
[113.357s] -- Symlinking: /root/inblue_ws/install/slam_toolbox/include/slam_toolbox/slam_toolbox/srv/detail/deserialize_pose_graph__rosidl_typesupport_introspection_c.h
[113.361s] -- Symlinking: /root/inblue_ws/install/slam_toolbox/include/slam_toolbox/slam_toolbox/srv/detail/loop_closure__rosidl_typesupport_introspection_c.h
[113.365s] -- Symlinking: /root/inblue_ws/install/slam_toolbox/include/slam_toolbox/slam_toolbox/srv/detail/merge_maps__rosidl_typesupport_introspection_c.h
[113.368s] -- Symlinking: /root/inblue_ws/install/slam_toolbox/include/slam_toolbox/slam_toolbox/srv/detail/pause__rosidl_typesupport_introspection_c.h
[113.373s] -- Symlinking: /root/inblue_ws/install/slam_toolbox/include/slam_toolbox/slam_toolbox/srv/detail/save_map__rosidl_typesupport_introspection_c.h
[113.377s] -- Symlinking: /root/inblue_ws/install/slam_toolbox/include/slam_toolbox/slam_toolbox/srv/detail/serialize_pose_graph__rosidl_typesupport_introspection_c.h
[113.381s] -- Symlinking: /root/inblue_ws/install/slam_toolbox/include/slam_toolbox/slam_toolbox/srv/detail/toggle_interactive__rosidl_typesupport_introspection_c.h
[113.385s] -- Symlinking: /root/inblue_ws/install/slam_toolbox/include/slam_toolbox/slam_toolbox/srv/detail/add_submap__rosidl_typesupport_introspection_cpp.hpp
[113.389s] -- Symlinking: /root/inblue_ws/install/slam_toolbox/include/slam_toolbox/slam_toolbox/srv/detail/clear__rosidl_typesupport_introspection_cpp.hpp
[113.393s] -- Symlinking: /root/inblue_ws/install/slam_toolbox/include/slam_toolbox/slam_toolbox/srv/detail/clear_queue__rosidl_typesupport_introspection_cpp.hpp
[113.397s] -- Symlinking: /root/inblue_ws/install/slam_toolbox/include/slam_toolbox/slam_toolbox/srv/detail/deserialize_pose_graph__rosidl_typesupport_introspection_cpp.hpp
[113.401s] -- Symlinking: /root/inblue_ws/install/slam_toolbox/include/slam_toolbox/slam_toolbox/srv/detail/loop_closure__rosidl_typesupport_introspection_cpp.hpp
[113.405s] -- Symlinking: /root/inblue_ws/install/slam_toolbox/include/slam_toolbox/slam_toolbox/srv/detail/merge_maps__rosidl_typesupport_introspection_cpp.hpp
[113.410s] -- Symlinking: /root/inblue_ws/install/slam_toolbox/include/slam_toolbox/slam_toolbox/srv/detail/pause__rosidl_typesupport_introspection_cpp.hpp
[113.413s] -- Symlinking: /root/inblue_ws/install/slam_toolbox/include/slam_toolbox/slam_toolbox/srv/detail/save_map__rosidl_typesupport_introspection_cpp.hpp
[113.418s] -- Symlinking: /root/inblue_ws/install/slam_toolbox/include/slam_toolbox/slam_toolbox/srv/detail/serialize_pose_graph__rosidl_typesupport_introspection_cpp.hpp
[113.422s] -- Symlinking: /root/inblue_ws/install/slam_toolbox/include/slam_toolbox/slam_toolbox/srv/detail/toggle_interactive__rosidl_typesupport_introspection_cpp.hpp
[113.427s] -- Symlinking: /root/inblue_ws/install/slam_toolbox/share/slam_toolbox/environment/pythonpath.sh
[113.432s] -- Symlinking: /root/inblue_ws/install/slam_toolbox/share/slam_toolbox/environment/pythonpath.dsv
[113.437s] -- Symlinking: /root/inblue_ws/install/slam_toolbox/local/lib/python3.10/dist-packages/slam_toolbox-2.6.8-py3.10.egg-info/PKG-INFO
[113.442s] -- Symlinking: /root/inblue_ws/install/slam_toolbox/local/lib/python3.10/dist-packages/slam_toolbox-2.6.8-py3.10.egg-info/SOURCES.txt
[113.446s] -- Symlinking: /root/inblue_ws/install/slam_toolbox/local/lib/python3.10/dist-packages/slam_toolbox-2.6.8-py3.10.egg-info/dependency_links.txt
[113.450s] -- Symlinking: /root/inblue_ws/install/slam_toolbox/local/lib/python3.10/dist-packages/slam_toolbox-2.6.8-py3.10.egg-info/top_level.txt
[113.455s] -- Symlinking: /root/inblue_ws/install/slam_toolbox/local/lib/python3.10/dist-packages/slam_toolbox/__init__.py
[113.459s] -- Symlinking: /root/inblue_ws/install/slam_toolbox/local/lib/python3.10/dist-packages/slam_toolbox/_slam_toolbox_s.ep.rosidl_typesupport_c.c
[113.463s] -- Symlinking: /root/inblue_ws/install/slam_toolbox/local/lib/python3.10/dist-packages/slam_toolbox/_slam_toolbox_s.ep.rosidl_typesupport_fastrtps_c.c
[113.467s] -- Symlinking: /root/inblue_ws/install/slam_toolbox/local/lib/python3.10/dist-packages/slam_toolbox/_slam_toolbox_s.ep.rosidl_typesupport_introspection_c.c
[113.471s] -- Symlinking: /root/inblue_ws/install/slam_toolbox/local/lib/python3.10/dist-packages/slam_toolbox/libslam_toolbox__rosidl_generator_py.so
[113.476s] -- Symlinking: /root/inblue_ws/install/slam_toolbox/local/lib/python3.10/dist-packages/slam_toolbox/slam_toolbox_s__rosidl_typesupport_c.cpython-310-x86_64-linux-gnu.so
[113.480s] -- Symlinking: /root/inblue_ws/install/slam_toolbox/local/lib/python3.10/dist-packages/slam_toolbox/slam_toolbox_s__rosidl_typesupport_fastrtps_c.cpython-310-x86_64-linux-gnu.so
[113.485s] -- Symlinking: /root/inblue_ws/install/slam_toolbox/local/lib/python3.10/dist-packages/slam_toolbox/slam_toolbox_s__rosidl_typesupport_introspection_c.cpython-310-x86_64-linux-gnu.so
[113.490s] -- Symlinking: /root/inblue_ws/install/slam_toolbox/local/lib/python3.10/dist-packages/slam_toolbox/srv/__init__.py
[113.495s] -- Symlinking: /root/inblue_ws/install/slam_toolbox/local/lib/python3.10/dist-packages/slam_toolbox/srv/_add_submap.py
[113.499s] -- Symlinking: /root/inblue_ws/install/slam_toolbox/local/lib/python3.10/dist-packages/slam_toolbox/srv/_add_submap_s.c
[113.504s] -- Symlinking: /root/inblue_ws/install/slam_toolbox/local/lib/python3.10/dist-packages/slam_toolbox/srv/_clear.py
[113.508s] -- Symlinking: /root/inblue_ws/install/slam_toolbox/local/lib/python3.10/dist-packages/slam_toolbox/srv/_clear_queue.py
[113.512s] -- Symlinking: /root/inblue_ws/install/slam_toolbox/local/lib/python3.10/dist-packages/slam_toolbox/srv/_clear_queue_s.c
[113.516s] -- Symlinking: /root/inblue_ws/install/slam_toolbox/local/lib/python3.10/dist-packages/slam_toolbox/srv/_clear_s.c
[113.520s] -- Symlinking: /root/inblue_ws/install/slam_toolbox/local/lib/python3.10/dist-packages/slam_toolbox/srv/_deserialize_pose_graph.py
[113.525s] -- Symlinking: /root/inblue_ws/install/slam_toolbox/local/lib/python3.10/dist-packages/slam_toolbox/srv/_deserialize_pose_graph_s.c
[113.530s] -- Symlinking: /root/inblue_ws/install/slam_toolbox/local/lib/python3.10/dist-packages/slam_toolbox/srv/_loop_closure.py
[113.534s] -- Symlinking: /root/inblue_ws/install/slam_toolbox/local/lib/python3.10/dist-packages/slam_toolbox/srv/_loop_closure_s.c
[113.538s] -- Symlinking: /root/inblue_ws/install/slam_toolbox/local/lib/python3.10/dist-packages/slam_toolbox/srv/_merge_maps.py
[113.543s] -- Symlinking: /root/inblue_ws/install/slam_toolbox/local/lib/python3.10/dist-packages/slam_toolbox/srv/_merge_maps_s.c
[113.547s] -- Symlinking: /root/inblue_ws/install/slam_toolbox/local/lib/python3.10/dist-packages/slam_toolbox/srv/_pause.py
[113.552s] -- Symlinking: /root/inblue_ws/install/slam_toolbox/local/lib/python3.10/dist-packages/slam_toolbox/srv/_pause_s.c
[113.557s] -- Symlinking: /root/inblue_ws/install/slam_toolbox/local/lib/python3.10/dist-packages/slam_toolbox/srv/_save_map.py
[113.562s] -- Symlinking: /root/inblue_ws/install/slam_toolbox/local/lib/python3.10/dist-packages/slam_toolbox/srv/_save_map_s.c
[113.567s] -- Symlinking: /root/inblue_ws/install/slam_toolbox/local/lib/python3.10/dist-packages/slam_toolbox/srv/_serialize_pose_graph.py
[113.572s] -- Symlinking: /root/inblue_ws/install/slam_toolbox/local/lib/python3.10/dist-packages/slam_toolbox/srv/_serialize_pose_graph_s.c
[113.576s] -- Symlinking: /root/inblue_ws/install/slam_toolbox/local/lib/python3.10/dist-packages/slam_toolbox/srv/_toggle_interactive.py
[113.581s] -- Symlinking: /root/inblue_ws/install/slam_toolbox/local/lib/python3.10/dist-packages/slam_toolbox/srv/_toggle_interactive_s.c
[113.585s] -- Up-to-date symlink: /root/inblue_ws/install/slam_toolbox/local/lib/python3.10/dist-packages/slam_toolbox/slam_toolbox_s__rosidl_typesupport_fastrtps_c.cpython-310-x86_64-linux-gnu.so
[113.585s] -- Up-to-date symlink: /root/inblue_ws/install/slam_toolbox/local/lib/python3.10/dist-packages/slam_toolbox/slam_toolbox_s__rosidl_typesupport_introspection_c.cpython-310-x86_64-linux-gnu.so
[113.586s] -- Up-to-date symlink: /root/inblue_ws/install/slam_toolbox/local/lib/python3.10/dist-packages/slam_toolbox/slam_toolbox_s__rosidl_typesupport_c.cpython-310-x86_64-linux-gnu.so
[113.586s] -- Symlinking: /root/inblue_ws/install/slam_toolbox/share/slam_toolbox/srv/Pause.idl
[113.590s] -- Symlinking: /root/inblue_ws/install/slam_toolbox/share/slam_toolbox/srv/ClearQueue.idl
[113.594s] -- Symlinking: /root/inblue_ws/install/slam_toolbox/share/slam_toolbox/srv/ToggleInteractive.idl
[113.599s] -- Symlinking: /root/inblue_ws/install/slam_toolbox/share/slam_toolbox/srv/Clear.idl
[113.603s] -- Symlinking: /root/inblue_ws/install/slam_toolbox/share/slam_toolbox/srv/SaveMap.idl
[113.607s] -- Symlinking: /root/inblue_ws/install/slam_toolbox/share/slam_toolbox/srv/LoopClosure.idl
[113.611s] -- Symlinking: /root/inblue_ws/install/slam_toolbox/share/slam_toolbox/srv/MergeMaps.idl
[113.616s] -- Symlinking: /root/inblue_ws/install/slam_toolbox/share/slam_toolbox/srv/AddSubmap.idl
[113.621s] -- Symlinking: /root/inblue_ws/install/slam_toolbox/share/slam_toolbox/srv/DeserializePoseGraph.idl
[113.627s] -- Symlinking: /root/inblue_ws/install/slam_toolbox/share/slam_toolbox/srv/SerializePoseGraph.idl
[113.632s] -- Symlinking: /root/inblue_ws/install/slam_toolbox/share/slam_toolbox/srvs/Pause.srv
[113.637s] -- Symlinking: /root/inblue_ws/install/slam_toolbox/share/slam_toolbox/srvs/Pause_Request.msg
[113.642s] -- Symlinking: /root/inblue_ws/install/slam_toolbox/share/slam_toolbox/srvs/Pause_Response.msg
[113.647s] -- Symlinking: /root/inblue_ws/install/slam_toolbox/share/slam_toolbox/srvs/ClearQueue.srv
[113.651s] -- Symlinking: /root/inblue_ws/install/slam_toolbox/share/slam_toolbox/srvs/ClearQueue_Request.msg
[113.655s] -- Symlinking: /root/inblue_ws/install/slam_toolbox/share/slam_toolbox/srvs/ClearQueue_Response.msg
[113.660s] -- Symlinking: /root/inblue_ws/install/slam_toolbox/share/slam_toolbox/srvs/ToggleInteractive.srv
[113.664s] -- Symlinking: /root/inblue_ws/install/slam_toolbox/share/slam_toolbox/srvs/ToggleInteractive_Request.msg
[113.668s] -- Symlinking: /root/inblue_ws/install/slam_toolbox/share/slam_toolbox/srvs/ToggleInteractive_Response.msg
[113.672s] -- Symlinking: /root/inblue_ws/install/slam_toolbox/share/slam_toolbox/srvs/Clear.srv
[113.676s] -- Symlinking: /root/inblue_ws/install/slam_toolbox/share/slam_toolbox/srvs/Clear_Request.msg
[113.681s] -- Symlinking: /root/inblue_ws/install/slam_toolbox/share/slam_toolbox/srvs/Clear_Response.msg
[113.685s] -- Symlinking: /root/inblue_ws/install/slam_toolbox/share/slam_toolbox/srvs/SaveMap.srv
[113.689s] -- Symlinking: /root/inblue_ws/install/slam_toolbox/share/slam_toolbox/srvs/SaveMap_Request.msg
[113.693s] -- Symlinking: /root/inblue_ws/install/slam_toolbox/share/slam_toolbox/srvs/SaveMap_Response.msg
[113.697s] -- Symlinking: /root/inblue_ws/install/slam_toolbox/share/slam_toolbox/srvs/LoopClosure.srv
[113.701s] -- Symlinking: /root/inblue_ws/install/slam_toolbox/share/slam_toolbox/srvs/LoopClosure_Request.msg
[113.705s] -- Symlinking: /root/inblue_ws/install/slam_toolbox/share/slam_toolbox/srvs/LoopClosure_Response.msg
[113.710s] -- Symlinking: /root/inblue_ws/install/slam_toolbox/share/slam_toolbox/srvs/MergeMaps.srv
[113.715s] -- Symlinking: /root/inblue_ws/install/slam_toolbox/share/slam_toolbox/srvs/MergeMaps_Request.msg
[113.720s] -- Symlinking: /root/inblue_ws/install/slam_toolbox/share/slam_toolbox/srvs/MergeMaps_Response.msg
[113.725s] -- Symlinking: /root/inblue_ws/install/slam_toolbox/share/slam_toolbox/srvs/AddSubmap.srv
[113.730s] -- Symlinking: /root/inblue_ws/install/slam_toolbox/share/slam_toolbox/srvs/AddSubmap_Request.msg
[113.735s] -- Symlinking: /root/inblue_ws/install/slam_toolbox/share/slam_toolbox/srvs/AddSubmap_Response.msg
[113.741s] -- Symlinking: /root/inblue_ws/install/slam_toolbox/share/slam_toolbox/srvs/DeserializePoseGraph.srv
[113.746s] -- Symlinking: /root/inblue_ws/install/slam_toolbox/share/slam_toolbox/srvs/DeserializePoseGraph_Request.msg
[113.750s] -- Symlinking: /root/inblue_ws/install/slam_toolbox/share/slam_toolbox/srvs/DeserializePoseGraph_Response.msg
[113.754s] -- Symlinking: /root/inblue_ws/install/slam_toolbox/share/slam_toolbox/srvs/SerializePoseGraph.srv
[113.758s] -- Symlinking: /root/inblue_ws/install/slam_toolbox/share/slam_toolbox/srvs/SerializePoseGraph_Request.msg
[113.764s] -- Symlinking: /root/inblue_ws/install/slam_toolbox/share/slam_toolbox/srvs/SerializePoseGraph_Response.msg
[113.768s] -- Symlinking: /root/inblue_ws/install/slam_toolbox/share/slam_toolbox//rviz_plugins.xml
[113.773s] -- Symlinking: /root/inblue_ws/install/slam_toolbox/share/slam_toolbox//solver_plugins.xml
[113.777s] -- Symlinking: /root/inblue_ws/install/slam_toolbox/lib/slam_toolbox/async_slam_toolbox_node
[113.781s] -- Symlinking: /root/inblue_ws/install/slam_toolbox/lib/slam_toolbox/sync_slam_toolbox_node
[113.785s] -- Symlinking: /root/inblue_ws/install/slam_toolbox/lib/slam_toolbox/localization_slam_toolbox_node
[113.789s] -- Symlinking: /root/inblue_ws/install/slam_toolbox/lib/slam_toolbox/map_and_localization_slam_toolbox_node
[113.793s] -- Symlinking: /root/inblue_ws/install/slam_toolbox/lib/slam_toolbox/merge_maps_kinematic
[113.798s] -- Symlinking: /root/inblue_ws/install/slam_toolbox/lib/libtoolbox_common.so
[113.802s] -- Symlinking: /root/inblue_ws/install/slam_toolbox/lib/libSlamToolboxPlugin.so
[113.807s] -- Symlinking: /root/inblue_ws/install/slam_toolbox/lib/libceres_solver_plugin.so
[113.812s] -- Symlinking: /root/inblue_ws/install/slam_toolbox/lib/libasync_slam_toolbox.so
[113.817s] -- Symlinking: /root/inblue_ws/install/slam_toolbox/lib/libsync_slam_toolbox.so
[113.822s] -- Symlinking: /root/inblue_ws/install/slam_toolbox/lib/liblocalization_slam_toolbox.so
[113.828s] -- Symlinking: /root/inblue_ws/install/slam_toolbox/lib/liblifelong_slam_toolbox.so
[113.834s] -- Symlinking: /root/inblue_ws/install/slam_toolbox/lib/libmap_and_localization_slam_toolbox.so
[113.838s] -- Symlinking: /root/inblue_ws/install/slam_toolbox/lib/libkartoSlamToolbox.so
[113.843s] -- Symlinking: /root/inblue_ws/install/slam_toolbox/include/slam_toolbox/experimental/slam_toolbox_lifelong.hpp
[113.848s] -- Symlinking: /root/inblue_ws/install/slam_toolbox/include/slam_toolbox/experimental/slam_toolbox_map_and_localization.hpp
[113.852s] -- Symlinking: /root/inblue_ws/install/slam_toolbox/include/slam_toolbox/get_pose_helper.hpp
[113.859s] -- Symlinking: /root/inblue_ws/install/slam_toolbox/include/slam_toolbox/laser_utils.hpp
[113.866s] -- Symlinking: /root/inblue_ws/install/slam_toolbox/include/slam_toolbox/loop_closure_assistant.hpp
[113.872s] -- Symlinking: /root/inblue_ws/install/slam_toolbox/include/slam_toolbox/map_saver.hpp
[113.880s] -- Symlinking: /root/inblue_ws/install/slam_toolbox/include/slam_toolbox/merge_maps_kinematic.hpp
[113.886s] -- Symlinking: /root/inblue_ws/install/slam_toolbox/include/slam_toolbox/serialization.hpp
[113.892s] -- Symlinking: /root/inblue_ws/install/slam_toolbox/include/slam_toolbox/slam_mapper.hpp
[113.898s] -- Symlinking: /root/inblue_ws/install/slam_toolbox/include/slam_toolbox/slam_toolbox_async.hpp
[113.904s] -- Symlinking: /root/inblue_ws/install/slam_toolbox/include/slam_toolbox/slam_toolbox_common.hpp
[113.913s] -- Symlinking: /root/inblue_ws/install/slam_toolbox/include/slam_toolbox/slam_toolbox_localization.hpp
[113.918s] -- Symlinking: /root/inblue_ws/install/slam_toolbox/include/slam_toolbox/slam_toolbox_sync.hpp
[113.923s] -- Symlinking: /root/inblue_ws/install/slam_toolbox/include/slam_toolbox/snap_utils.hpp
[113.929s] -- Symlinking: /root/inblue_ws/install/slam_toolbox/include/slam_toolbox/toolbox_msgs.hpp
[113.934s] -- Symlinking: /root/inblue_ws/install/slam_toolbox/include/slam_toolbox/toolbox_types.hpp
[113.939s] -- Symlinking: /root/inblue_ws/install/slam_toolbox/include/slam_toolbox/visualization_utils.hpp
[113.943s] -- Symlinking: /root/inblue_ws/install/slam_toolbox/share/slam_toolbox/launch/localization_launch.py
[113.948s] -- Symlinking: /root/inblue_ws/install/slam_toolbox/share/slam_toolbox/launch/merge_maps_kinematic_launch.py
[113.952s] -- Symlinking: /root/inblue_ws/install/slam_toolbox/share/slam_toolbox/launch/offline_launch.py
[113.957s] -- Symlinking: /root/inblue_ws/install/slam_toolbox/share/slam_toolbox/launch/online_async_launch.py
[113.962s] -- Symlinking: /root/inblue_ws/install/slam_toolbox/share/slam_toolbox/launch/online_sync_launch.py
[113.967s] -- Symlinking: /root/inblue_ws/install/slam_toolbox/share/slam_toolbox/config/mapper_params_lifelong.yaml
[113.972s] -- Symlinking: /root/inblue_ws/install/slam_toolbox/share/slam_toolbox/config/mapper_params_localization.yaml
[113.977s] -- Symlinking: /root/inblue_ws/install/slam_toolbox/share/slam_toolbox/config/mapper_params_offline.yaml
[113.982s] -- Symlinking: /root/inblue_ws/install/slam_toolbox/share/slam_toolbox/config/mapper_params_online_async.yaml
[113.989s] -- Symlinking: /root/inblue_ws/install/slam_toolbox/share/slam_toolbox/config/mapper_params_online_sync.yaml
[113.993s] -- Symlinking: /root/inblue_ws/install/slam_toolbox/share/slam_toolbox/config/slam_toolbox_default.rviz
[113.998s] -- Symlinking: /root/inblue_ws/install/slam_toolbox/share/solver_plugins.xml
[114.002s] -- Symlinking: /root/inblue_ws/install/slam_toolbox/share/rviz_plugins.xml
[114.006s] -- Symlinking: /root/inblue_ws/install/slam_toolbox/share/ament_index/resource_index/package_run_dependencies/slam_toolbox
[114.010s] -- Symlinking: /root/inblue_ws/install/slam_toolbox/share/ament_index/resource_index/parent_prefix_path/slam_toolbox
[114.014s] -- Symlinking: /root/inblue_ws/install/slam_toolbox/share/slam_toolbox/environment/ament_prefix_path.sh
[114.019s] -- Symlinking: /root/inblue_ws/install/slam_toolbox/share/slam_toolbox/environment/ament_prefix_path.dsv
[114.023s] -- Symlinking: /root/inblue_ws/install/slam_toolbox/share/slam_toolbox/environment/path.sh
[114.027s] -- Symlinking: /root/inblue_ws/install/slam_toolbox/share/slam_toolbox/environment/path.dsv
[114.031s] -- Symlinking: /root/inblue_ws/install/slam_toolbox/share/slam_toolbox/local_setup.bash
[114.036s] -- Symlinking: /root/inblue_ws/install/slam_toolbox/share/slam_toolbox/local_setup.sh
[114.041s] -- Symlinking: /root/inblue_ws/install/slam_toolbox/share/slam_toolbox/local_setup.zsh
[114.046s] -- Symlinking: /root/inblue_ws/install/slam_toolbox/share/slam_toolbox/local_setup.dsv
[114.051s] -- Symlinking: /root/inblue_ws/install/slam_toolbox/share/slam_toolbox/package.dsv
[114.056s] -- Symlinking: /root/inblue_ws/install/slam_toolbox/share/ament_index/resource_index/packages/slam_toolbox
[114.060s] -- Symlinking: /root/inblue_ws/install/slam_toolbox/share/ament_index/resource_index/rviz_common__pluginlib__plugin/slam_toolbox
[114.065s] -- Symlinking: /root/inblue_ws/install/slam_toolbox/share/ament_index/resource_index/slam_toolbox__pluginlib__plugin/slam_toolbox
[114.069s] -- Symlinking: /root/inblue_ws/install/slam_toolbox/share/ament_index/resource_index/rclcpp_components/slam_toolbox
[114.073s] -- Symlinking: /root/inblue_ws/install/slam_toolbox/share/slam_toolbox/cmake/rosidl_cmake-extras.cmake
[114.077s] -- Symlinking: /root/inblue_ws/install/slam_toolbox/share/slam_toolbox/cmake/ament_cmake_export_dependencies-extras.cmake
[114.081s] -- Symlinking: /root/inblue_ws/install/slam_toolbox/share/slam_toolbox/cmake/ament_cmake_export_include_directories-extras.cmake
[114.086s] -- Symlinking: /root/inblue_ws/install/slam_toolbox/share/slam_toolbox/cmake/ament_cmake_export_libraries-extras.cmake
[114.091s] -- Symlinking: /root/inblue_ws/install/slam_toolbox/share/slam_toolbox/cmake/ament_cmake_export_targets-extras.cmake
[114.096s] -- Symlinking: /root/inblue_ws/install/slam_toolbox/share/slam_toolbox/cmake/rosidl_cmake_export_typesupport_targets-extras.cmake
[114.100s] -- Symlinking: /root/inblue_ws/install/slam_toolbox/share/slam_toolbox/cmake/rosidl_cmake_export_typesupport_libraries-extras.cmake
[114.105s] -- Symlinking: /root/inblue_ws/install/slam_toolbox/share/slam_toolbox/cmake/slam_toolboxConfig.cmake
[114.110s] -- Symlinking: /root/inblue_ws/install/slam_toolbox/share/slam_toolbox/cmake/slam_toolboxConfig-version.cmake
[114.115s] -- Symlinking: /root/inblue_ws/install/slam_toolbox/share/slam_toolbox/package.xml
[114.119s] -- Installing: /root/inblue_ws/install/slam_toolbox/lib/libslam_toolbox__rosidl_generator_c.so
[114.120s] -- Set runtime path of "/root/inblue_ws/install/slam_toolbox/lib/libslam_toolbox__rosidl_generator_c.so" to ""
[114.120s] -- Installing: /root/inblue_ws/install/slam_toolbox/lib/libslam_toolbox__rosidl_typesupport_fastrtps_c.so
[114.120s] -- Set runtime path of "/root/inblue_ws/install/slam_toolbox/lib/libslam_toolbox__rosidl_typesupport_fastrtps_c.so" to ""
[114.120s] -- Installing: /root/inblue_ws/install/slam_toolbox/lib/libslam_toolbox__rosidl_typesupport_fastrtps_cpp.so
[114.121s] -- Set runtime path of "/root/inblue_ws/install/slam_toolbox/lib/libslam_toolbox__rosidl_typesupport_fastrtps_cpp.so" to ""
[114.121s] -- Installing: /root/inblue_ws/install/slam_toolbox/lib/libslam_toolbox__rosidl_typesupport_introspection_c.so
[114.121s] -- Set runtime path of "/root/inblue_ws/install/slam_toolbox/lib/libslam_toolbox__rosidl_typesupport_introspection_c.so" to ""
[114.121s] -- Installing: /root/inblue_ws/install/slam_toolbox/lib/libslam_toolbox__rosidl_typesupport_c.so
[114.121s] -- Set runtime path of "/root/inblue_ws/install/slam_toolbox/lib/libslam_toolbox__rosidl_typesupport_c.so" to ""
[114.121s] -- Installing: /root/inblue_ws/install/slam_toolbox/lib/libslam_toolbox__rosidl_typesupport_introspection_cpp.so
[114.121s] -- Set runtime path of "/root/inblue_ws/install/slam_toolbox/lib/libslam_toolbox__rosidl_typesupport_introspection_cpp.so" to ""
[114.122s] -- Installing: /root/inblue_ws/install/slam_toolbox/lib/libslam_toolbox__rosidl_typesupport_cpp.so
[114.122s] -- Set runtime path of "/root/inblue_ws/install/slam_toolbox/lib/libslam_toolbox__rosidl_typesupport_cpp.so" to ""
[114.156s] Listing '/root/inblue_ws/install/slam_toolbox/local/lib/python3.10/dist-packages/slam_toolbox'...
[114.156s] Compiling '/root/inblue_ws/install/slam_toolbox/local/lib/python3.10/dist-packages/slam_toolbox/__init__.py'...
[114.156s] Listing '/root/inblue_ws/install/slam_toolbox/local/lib/python3.10/dist-packages/slam_toolbox/srv'...
[114.156s] Compiling '/root/inblue_ws/install/slam_toolbox/local/lib/python3.10/dist-packages/slam_toolbox/srv/__init__.py'...
[114.156s] Compiling '/root/inblue_ws/install/slam_toolbox/local/lib/python3.10/dist-packages/slam_toolbox/srv/_add_submap.py'...
[114.156s] Compiling '/root/inblue_ws/install/slam_toolbox/local/lib/python3.10/dist-packages/slam_toolbox/srv/_clear.py'...
[114.156s] Compiling '/root/inblue_ws/install/slam_toolbox/local/lib/python3.10/dist-packages/slam_toolbox/srv/_clear_queue.py'...
[114.157s] Compiling '/root/inblue_ws/install/slam_toolbox/local/lib/python3.10/dist-packages/slam_toolbox/srv/_deserialize_pose_graph.py'...
[114.157s] Compiling '/root/inblue_ws/install/slam_toolbox/local/lib/python3.10/dist-packages/slam_toolbox/srv/_loop_closure.py'...
[114.157s] Compiling '/root/inblue_ws/install/slam_toolbox/local/lib/python3.10/dist-packages/slam_toolbox/srv/_merge_maps.py'...
[114.157s] Compiling '/root/inblue_ws/install/slam_toolbox/local/lib/python3.10/dist-packages/slam_toolbox/srv/_pause.py'...
[114.157s] Compiling '/root/inblue_ws/install/slam_toolbox/local/lib/python3.10/dist-packages/slam_toolbox/srv/_save_map.py'...
[114.157s] Compiling '/root/inblue_ws/install/slam_toolbox/local/lib/python3.10/dist-packages/slam_toolbox/srv/_serialize_pose_graph.py'...
[114.157s] Compiling '/root/inblue_ws/install/slam_toolbox/local/lib/python3.10/dist-packages/slam_toolbox/srv/_toggle_interactive.py'...
[114.160s] -- Installing: /root/inblue_ws/install/slam_toolbox/lib/libslam_toolbox__rosidl_generator_py.so
[114.160s] -- Set runtime path of "/root/inblue_ws/install/slam_toolbox/lib/libslam_toolbox__rosidl_generator_py.so" to ""
[114.160s] -- Installing: /root/inblue_ws/install/slam_toolbox/share/slam_toolbox/cmake/export_slam_toolbox__rosidl_generator_cExport.cmake
[114.160s] -- Installing: /root/inblue_ws/install/slam_toolbox/share/slam_toolbox/cmake/export_slam_toolbox__rosidl_generator_cExport-release.cmake
[114.160s] -- Installing: /root/inblue_ws/install/slam_toolbox/share/slam_toolbox/cmake/export_slam_toolbox__rosidl_typesupport_fastrtps_cExport.cmake
[114.161s] -- Installing: /root/inblue_ws/install/slam_toolbox/share/slam_toolbox/cmake/export_slam_toolbox__rosidl_typesupport_fastrtps_cExport-release.cmake
[114.161s] -- Installing: /root/inblue_ws/install/slam_toolbox/share/slam_toolbox/cmake/export_slam_toolbox__rosidl_generator_cppExport.cmake
[114.161s] -- Installing: /root/inblue_ws/install/slam_toolbox/share/slam_toolbox/cmake/export_slam_toolbox__rosidl_typesupport_fastrtps_cppExport.cmake
[114.161s] -- Installing: /root/inblue_ws/install/slam_toolbox/share/slam_toolbox/cmake/export_slam_toolbox__rosidl_typesupport_fastrtps_cppExport-release.cmake
[114.161s] -- Installing: /root/inblue_ws/install/slam_toolbox/share/slam_toolbox/cmake/slam_toolbox__rosidl_typesupport_introspection_cExport.cmake
[114.161s] -- Installing: /root/inblue_ws/install/slam_toolbox/share/slam_toolbox/cmake/slam_toolbox__rosidl_typesupport_introspection_cExport-release.cmake
[114.162s] -- Installing: /root/inblue_ws/install/slam_toolbox/share/slam_toolbox/cmake/slam_toolbox__rosidl_typesupport_cExport.cmake
[114.162s] -- Installing: /root/inblue_ws/install/slam_toolbox/share/slam_toolbox/cmake/slam_toolbox__rosidl_typesupport_cExport-release.cmake
[114.162s] -- Installing: /root/inblue_ws/install/slam_toolbox/share/slam_toolbox/cmake/slam_toolbox__rosidl_typesupport_introspection_cppExport.cmake
[114.162s] -- Installing: /root/inblue_ws/install/slam_toolbox/share/slam_toolbox/cmake/slam_toolbox__rosidl_typesupport_introspection_cppExport-release.cmake
[114.162s] -- Installing: /root/inblue_ws/install/slam_toolbox/share/slam_toolbox/cmake/slam_toolbox__rosidl_typesupport_cppExport.cmake
[114.162s] -- Installing: /root/inblue_ws/install/slam_toolbox/share/slam_toolbox/cmake/slam_toolbox__rosidl_typesupport_cppExport-release.cmake
[114.162s] -- Installing: /root/inblue_ws/install/slam_toolbox/share/slam_toolbox/cmake/export_slam_toolbox__rosidl_generator_pyExport.cmake
[114.162s] -- Installing: /root/inblue_ws/install/slam_toolbox/share/slam_toolbox/cmake/export_slam_toolbox__rosidl_generator_pyExport-release.cmake
[114.162s] -- Installing: /root/inblue_ws/install/slam_toolbox/share/slam_toolbox/cmake/SlamToolboxPluginExport.cmake
[114.162s] -- Installing: /root/inblue_ws/install/slam_toolbox/share/slam_toolbox/cmake/SlamToolboxPluginExport-release.cmake
[114.163s] Invoked command in '/root/inblue_ws/build/slam_toolbox' returned '0': CMAKE_PREFIX_PATH=/opt/ros/humble /usr/bin/cmake --install /root/inblue_ws/build/slam_toolbox
