[0.033s] Invoking command in '/root/inblue_ws/build/cspc_lidar': /usr/bin/cmake --build /root/inblue_ws/build/cspc_lidar -- -j20 -l20
[0.129s] [100%] Built target cspc_lidar
[0.163s] Invoked command in '/root/inblue_ws/build/cspc_lidar' returned '0': /usr/bin/cmake --build /root/inblue_ws/build/cspc_lidar -- -j20 -l20
[0.201s] Invoking command in '/root/inblue_ws/build/cspc_lidar': /usr/bin/cmake --install /root/inblue_ws/build/cspc_lidar
[0.207s] -- Install configuration: ""
[0.208s] -- Execute custom install script
[0.208s] -- Up-to-date symlink: /root/inblue_ws/install/cspc_lidar/lib/cspc_lidar/cspc_lidar
[0.209s] -- Up-to-date symlink: /root/inblue_ws/install/cspc_lidar/share/cspc_lidar/launch/lidar_launch.py
[0.209s] -- Up-to-date symlink: /root/inblue_ws/install/cspc_lidar/share/cspc_lidar/launch/lidar_rviz.py
[0.210s] -- Up-to-date symlink: /root/inblue_ws/install/cspc_lidar/share/cspc_lidar/params/cspc_lidar.yaml
[0.210s] -- Up-to-date symlink: /root/inblue_ws/install/cspc_lidar/share/ament_index/resource_index/package_run_dependencies/cspc_lidar
[0.210s] -- Up-to-date symlink: /root/inblue_ws/install/cspc_lidar/share/ament_index/resource_index/parent_prefix_path/cspc_lidar
[0.211s] -- Up-to-date symlink: /root/inblue_ws/install/cspc_lidar/share/cspc_lidar/environment/ament_prefix_path.sh
[0.211s] -- Up-to-date symlink: /root/inblue_ws/install/cspc_lidar/share/cspc_lidar/environment/ament_prefix_path.dsv
[0.212s] -- Up-to-date symlink: /root/inblue_ws/install/cspc_lidar/share/cspc_lidar/environment/path.sh
[0.212s] -- Up-to-date symlink: /root/inblue_ws/install/cspc_lidar/share/cspc_lidar/environment/path.dsv
[0.212s] -- Up-to-date symlink: /root/inblue_ws/install/cspc_lidar/share/cspc_lidar/local_setup.bash
[0.213s] -- Up-to-date symlink: /root/inblue_ws/install/cspc_lidar/share/cspc_lidar/local_setup.sh
[0.213s] -- Up-to-date symlink: /root/inblue_ws/install/cspc_lidar/share/cspc_lidar/local_setup.zsh
[0.214s] -- Up-to-date symlink: /root/inblue_ws/install/cspc_lidar/share/cspc_lidar/local_setup.dsv
[0.214s] -- Symlinking: /root/inblue_ws/install/cspc_lidar/share/cspc_lidar/package.dsv
[0.223s] -- Up-to-date symlink: /root/inblue_ws/install/cspc_lidar/share/ament_index/resource_index/packages/cspc_lidar
[0.223s] -- Up-to-date symlink: /root/inblue_ws/install/cspc_lidar/share/cspc_lidar/cmake/cspc_lidarConfig.cmake
[0.223s] -- Up-to-date symlink: /root/inblue_ws/install/cspc_lidar/share/cspc_lidar/cmake/cspc_lidarConfig-version.cmake
[0.223s] -- Up-to-date symlink: /root/inblue_ws/install/cspc_lidar/share/cspc_lidar/package.xml
[0.226s] Invoked command in '/root/inblue_ws/build/cspc_lidar' returned '0': /usr/bin/cmake --install /root/inblue_ws/build/cspc_lidar
