[0.007s] Invoking command in '/root/inblue_ws/build/cspc_lidar': /usr/bin/cmake /root/inblue_ws/src/cspc_lidar_sdk_ros2 -DAMENT_CMAKE_SYMLINK_INSTALL=1 -DCMAKE_INSTALL_PREFIX=/root/inblue_ws/install/cspc_lidar
[0.155s] -- The C compiler identification is GNU 11.4.0
[0.445s] -- The CXX compiler identification is GNU 11.4.0
[0.642s] -- Detecting C compiler ABI info
[0.722s] -- Detecting C compiler ABI info - done
[0.727s] -- Check for working C compiler: /usr/bin/cc - skipped
[0.728s] -- Detecting C compile features
[0.728s] -- Detecting C compile features - done
[0.731s] -- Detecting CXX compiler ABI info
[0.813s] -- Detecting CXX compiler ABI info - done
[0.817s] -- Check for working CXX compiler: /usr/bin/c++ - skipped
[0.817s] -- Detecting CXX compile features
[0.817s] -- Detecting CXX compile features - done
[1.338s] [31mCMake Error at CMakeLists.txt:13 (find_package):
[1.338s]   By not providing "Findament_cmake.cmake" in CMAKE_MODULE_PATH this project
[1.338s]   has asked CMake to find a package configuration file provided by
[1.338s]   "ament_cmake", but CMake did not find one.
[1.339s] 
[1.339s]   Could not find a package configuration file provided by "ament_cmake" with
[1.339s]   any of the following names:
[1.339s] 
[1.339s]     ament_cmakeConfig.cmake
[1.339s]     ament_cmake-config.cmake
[1.339s] 
[1.339s]   Add the installation prefix of "ament_cmake" to CMAKE_PREFIX_PATH or set
[1.339s]   "ament_cmake_DIR" to a directory containing one of the above files.  If
[1.339s]   "ament_cmake" provides a separate development package or SDK, be sure it
[1.339s]   has been installed.
[1.339s] 
[1.339s] [0m
[1.339s] -- Configuring incomplete, errors occurred!
[1.339s] See also "/root/inblue_ws/build/cspc_lidar/CMakeFiles/CMakeOutput.log".
[1.341s] Invoked command in '/root/inblue_ws/build/cspc_lidar' returned '1': /usr/bin/cmake /root/inblue_ws/src/cspc_lidar_sdk_ros2 -DAMENT_CMAKE_SYMLINK_INSTALL=1 -DCMAKE_INSTALL_PREFIX=/root/inblue_ws/install/cspc_lidar
