[0.022s] Invoking command in '/root/inblue_ws/build/my_bot': /usr/bin/cmake --build /root/inblue_ws/build/my_bot -- -j20 -l20
[0.080s] Invoked command in '/root/inblue_ws/build/my_bot' returned '0': /usr/bin/cmake --build /root/inblue_ws/build/my_bot -- -j20 -l20
[0.106s] Invoking command in '/root/inblue_ws/build/my_bot': /usr/bin/cmake --install /root/inblue_ws/build/my_bot
[0.112s] -- Install configuration: ""
[0.113s] -- Execute custom install script
[0.113s] -- Up-to-date symlink: /root/inblue_ws/install/my_bot/share/my_bot/config/empty.yaml
[0.114s] -- Up-to-date symlink: /root/inblue_ws/install/my_bot/share/my_bot/description/gazebo_control.xacro
[0.114s] -- Up-to-date symlink: /root/inblue_ws/install/my_bot/share/my_bot/description/inertial_macros.xacro
[0.114s] -- Up-to-date symlink: /root/inblue_ws/install/my_bot/share/my_bot/description/robot.urdf.xacro
[0.114s] -- Up-to-date symlink: /root/inblue_ws/install/my_bot/share/my_bot/description/robot_core.xacro
[0.115s] -- Up-to-date symlink: /root/inblue_ws/install/my_bot/share/my_bot/launch/launch_sim.launch.py
[0.115s] -- Up-to-date symlink: /root/inblue_ws/install/my_bot/share/my_bot/launch/rsp.launch.py
[0.117s] -- Up-to-date symlink: /root/inblue_ws/install/my_bot/share/my_bot/worlds/empty.world
[0.117s] -- Up-to-date symlink: /root/inblue_ws/install/my_bot/share/ament_index/resource_index/package_run_dependencies/my_bot
[0.118s] -- Up-to-date symlink: /root/inblue_ws/install/my_bot/share/ament_index/resource_index/parent_prefix_path/my_bot
[0.118s] -- Up-to-date symlink: /root/inblue_ws/install/my_bot/share/my_bot/environment/ament_prefix_path.sh
[0.119s] -- Up-to-date symlink: /root/inblue_ws/install/my_bot/share/my_bot/environment/ament_prefix_path.dsv
[0.119s] -- Up-to-date symlink: /root/inblue_ws/install/my_bot/share/my_bot/environment/path.sh
[0.120s] -- Up-to-date symlink: /root/inblue_ws/install/my_bot/share/my_bot/environment/path.dsv
[0.121s] -- Up-to-date symlink: /root/inblue_ws/install/my_bot/share/my_bot/local_setup.bash
[0.122s] -- Up-to-date symlink: /root/inblue_ws/install/my_bot/share/my_bot/local_setup.sh
[0.123s] -- Up-to-date symlink: /root/inblue_ws/install/my_bot/share/my_bot/local_setup.zsh
[0.124s] -- Up-to-date symlink: /root/inblue_ws/install/my_bot/share/my_bot/local_setup.dsv
[0.124s] -- Symlinking: /root/inblue_ws/install/my_bot/share/my_bot/package.dsv
[0.135s] -- Up-to-date symlink: /root/inblue_ws/install/my_bot/share/ament_index/resource_index/packages/my_bot
[0.135s] -- Up-to-date symlink: /root/inblue_ws/install/my_bot/share/my_bot/cmake/my_botConfig.cmake
[0.135s] -- Up-to-date symlink: /root/inblue_ws/install/my_bot/share/my_bot/cmake/my_botConfig-version.cmake
[0.135s] -- Up-to-date symlink: /root/inblue_ws/install/my_bot/share/my_bot/package.xml
[0.150s] Invoked command in '/root/inblue_ws/build/my_bot' returned '0': /usr/bin/cmake --install /root/inblue_ws/build/my_bot
