[0.028s] Invoking command in '/root/inblue_ws/build/cspc_lidar': /usr/bin/cmake --build /root/inblue_ws/build/cspc_lidar -- -j20 -l20
[0.120s] [100%] Built target cspc_lidar
[0.136s] Invoked command in '/root/inblue_ws/build/cspc_lidar' returned '0': /usr/bin/cmake --build /root/inblue_ws/build/cspc_lidar -- -j20 -l20
[0.189s] Invoking command in '/root/inblue_ws/build/cspc_lidar': /usr/bin/cmake --install /root/inblue_ws/build/cspc_lidar
[0.196s] -- Install configuration: ""
[0.197s] -- Execute custom install script
[0.200s] -- Up-to-date symlink: /root/inblue_ws/install/cspc_lidar/lib/cspc_lidar/cspc_lidar
[0.200s] -- Up-to-date symlink: /root/inblue_ws/install/cspc_lidar/share/cspc_lidar/launch/lidar_launch.py
[0.200s] -- Up-to-date symlink: /root/inblue_ws/install/cspc_lidar/share/cspc_lidar/launch/lidar_rviz.py
[0.202s] -- Up-to-date symlink: /root/inblue_ws/install/cspc_lidar/share/cspc_lidar/params/cspc_lidar.yaml
[0.203s] -- Up-to-date symlink: /root/inblue_ws/install/cspc_lidar/share/ament_index/resource_index/package_run_dependencies/cspc_lidar
[0.204s] -- Up-to-date symlink: /root/inblue_ws/install/cspc_lidar/share/ament_index/resource_index/parent_prefix_path/cspc_lidar
[0.205s] -- Up-to-date symlink: /root/inblue_ws/install/cspc_lidar/share/cspc_lidar/environment/ament_prefix_path.sh
[0.205s] -- Up-to-date symlink: /root/inblue_ws/install/cspc_lidar/share/cspc_lidar/environment/ament_prefix_path.dsv
[0.206s] -- Up-to-date symlink: /root/inblue_ws/install/cspc_lidar/share/cspc_lidar/environment/path.sh
[0.207s] -- Up-to-date symlink: /root/inblue_ws/install/cspc_lidar/share/cspc_lidar/environment/path.dsv
[0.207s] -- Up-to-date symlink: /root/inblue_ws/install/cspc_lidar/share/cspc_lidar/local_setup.bash
[0.208s] -- Up-to-date symlink: /root/inblue_ws/install/cspc_lidar/share/cspc_lidar/local_setup.sh
[0.208s] -- Up-to-date symlink: /root/inblue_ws/install/cspc_lidar/share/cspc_lidar/local_setup.zsh
[0.209s] -- Up-to-date symlink: /root/inblue_ws/install/cspc_lidar/share/cspc_lidar/local_setup.dsv
[0.209s] -- Symlinking: /root/inblue_ws/install/cspc_lidar/share/cspc_lidar/package.dsv
[0.225s] -- Up-to-date symlink: /root/inblue_ws/install/cspc_lidar/share/ament_index/resource_index/packages/cspc_lidar
[0.225s] -- Up-to-date symlink: /root/inblue_ws/install/cspc_lidar/share/cspc_lidar/cmake/cspc_lidarConfig.cmake
[0.226s] -- Up-to-date symlink: /root/inblue_ws/install/cspc_lidar/share/cspc_lidar/cmake/cspc_lidarConfig-version.cmake
[0.226s] -- Up-to-date symlink: /root/inblue_ws/install/cspc_lidar/share/cspc_lidar/package.xml
[0.234s] Invoked command in '/root/inblue_ws/build/cspc_lidar' returned '0': /usr/bin/cmake --install /root/inblue_ws/build/cspc_lidar
