[0.009s] Invoking command in '/root/inblue_ws/build/my_bot': /usr/bin/cmake /root/inblue_ws/src/my_bot -DAMENT_CMAKE_SYMLINK_INSTALL=1 -DCMAKE_INSTALL_PREFIX=/root/inblue_ws/install/my_bot
[0.150s] -- The C compiler identification is GNU 11.4.0
[0.439s] -- The CXX compiler identification is GNU 11.4.0
[0.638s] -- Detecting C compiler ABI info
[0.717s] -- Detecting C compiler ABI info - done
[0.721s] -- Check for working C compiler: /usr/bin/cc - skipped
[0.723s] -- Detecting C compile features
[0.723s] -- Detecting C compile features - done
[0.726s] -- Detecting CXX compiler ABI info
[0.808s] -- Detecting CXX compiler ABI info - done
[0.812s] -- Check for working CXX compiler: /usr/bin/c++ - skipped
[0.812s] -- Detecting CXX compile features
[0.813s] -- Detecting CXX compile features - done
[1.333s] [31mCMake Error at CMakeLists.txt:19 (find_package):
[1.333s]   By not providing "Findament_cmake.cmake" in CMAKE_MODULE_PATH this project
[1.333s]   has asked CMake to find a package configuration file provided by
[1.333s]   "ament_cmake", but CMake did not find one.
[1.333s] 
[1.333s]   Could not find a package configuration file provided by "ament_cmake" with
[1.333s]   any of the following names:
[1.333s] 
[1.333s]     ament_cmakeConfig.cmake
[1.333s]     ament_cmake-config.cmake
[1.333s] 
[1.333s]   Add the installation prefix of "ament_cmake" to CMAKE_PREFIX_PATH or set
[1.333s]   "ament_cmake_DIR" to a directory containing one of the above files.  If
[1.333s]   "ament_cmake" provides a separate development package or SDK, be sure it
[1.333s]   has been installed.
[1.333s] 
[1.333s] [0m
[1.334s] -- Configuring incomplete, errors occurred!
[1.334s] See also "/root/inblue_ws/build/my_bot/CMakeFiles/CMakeOutput.log".
[1.336s] Invoked command in '/root/inblue_ws/build/my_bot' returned '1': /usr/bin/cmake /root/inblue_ws/src/my_bot -DAMENT_CMAKE_SYMLINK_INSTALL=1 -DCMAKE_INSTALL_PREFIX=/root/inblue_ws/install/my_bot
